Determining if the pthread_create exist failed with the following output:
Change Dir: /root/catkin_ws/build/cv_bridge/CMakeFiles/CMakeTmp

Run Build Command:/usr/bin/make "cmTryCompileExec684671116/fast"
/usr/bin/make -f CMakeFiles/cmTryCompileExec684671116.dir/build.make CMakeFiles/cmTryCompileExec684671116.dir/build
make[1]: Entering directory `/root/catkin_ws/build/cv_bridge/CMakeFiles/CMakeTmp'
/usr/bin/cmake -E cmake_progress_report /root/catkin_ws/build/cv_bridge/CMakeFiles/CMakeTmp/CMakeFiles 1
Building C object CMakeFiles/cmTryCompileExec684671116.dir/CheckSymbolExists.c.o
/usr/bin/cc    -o CMakeFiles/cmTryCompileExec684671116.dir/CheckSymbolExists.c.o   -c /root/catkin_ws/build/cv_bridge/CMakeFiles/CMakeTmp/CheckSymbolExists.c
Linking C executable cmTryCompileExec684671116
/usr/bin/cmake -E cmake_link_script CMakeFiles/cmTryCompileExec684671116.dir/link.txt --verbose=1
/usr/bin/cc       CMakeFiles/cmTryCompileExec684671116.dir/CheckSymbolExists.c.o  -o cmTryCompileExec684671116 -rdynamic 
CMakeFiles/cmTryCompileExec684671116.dir/CheckSymbolExists.c.o: In function `main':
CheckSymbolExists.c:(.text+0xe): undefined reference to `pthread_create'
CheckSymbolExists.c:(.text+0x12): undefined reference to `pthread_create'
collect2: error: ld returned 1 exit status
make[1]: *** [cmTryCompileExec684671116] Error 1
make[1]: Leaving directory `/root/catkin_ws/build/cv_bridge/CMakeFiles/CMakeTmp'
make: *** [cmTryCompileExec684671116/fast] Error 2

File /root/catkin_ws/build/cv_bridge/CMakeFiles/CMakeTmp/CheckSymbolExists.c:
/* */
#include <pthread.h>

int main(int argc, char** argv)
{
  (void)argv;
#ifndef pthread_create
  return ((int*)(&pthread_create))[argc];
#else
  (void)argc;
  return 0;
#endif
}

Determining if the function pthread_create exists in the pthreads failed with the following output:
Change Dir: /root/catkin_ws/build/cv_bridge/CMakeFiles/CMakeTmp

Run Build Command:/usr/bin/make "cmTryCompileExec3937140765/fast"
/usr/bin/make -f CMakeFiles/cmTryCompileExec3937140765.dir/build.make CMakeFiles/cmTryCompileExec3937140765.dir/build
make[1]: Entering directory `/root/catkin_ws/build/cv_bridge/CMakeFiles/CMakeTmp'
/usr/bin/cmake -E cmake_progress_report /root/catkin_ws/build/cv_bridge/CMakeFiles/CMakeTmp/CMakeFiles 1
Building C object CMakeFiles/cmTryCompileExec3937140765.dir/CheckFunctionExists.c.o
/usr/bin/cc   -DCHECK_FUNCTION_EXISTS=pthread_create   -o CMakeFiles/cmTryCompileExec3937140765.dir/CheckFunctionExists.c.o   -c /usr/share/cmake-2.8/Modules/CheckFunctionExists.c
Linking C executable cmTryCompileExec3937140765
/usr/bin/cmake -E cmake_link_script CMakeFiles/cmTryCompileExec3937140765.dir/link.txt --verbose=1
/usr/bin/cc   -DCHECK_FUNCTION_EXISTS=pthread_create    CMakeFiles/cmTryCompileExec3937140765.dir/CheckFunctionExists.c.o  -o cmTryCompileExec3937140765 -rdynamic -lpthreads 
/usr/bin/ld: cannot find -lpthreads
collect2: error: ld returned 1 exit status
make[1]: *** [cmTryCompileExec3937140765] Error 1
make[1]: Leaving directory `/root/catkin_ws/build/cv_bridge/CMakeFiles/CMakeTmp'
make: *** [cmTryCompileExec3937140765/fast] Error 2


