-- Using CATKIN_DEVEL_PREFIX: /root/catkin_ws/devel/.private/motor_communication
-- Using CMAKE_PREFIX_PATH: /root/catkin_ws/devel;/root/catkin_ws_user/odroid-devel;/opt/ros/indigo;//opt/ros/indigo
-- This workspace overlays: /root/catkin_ws/devel;/root/catkin_ws_user/odroid-devel;/opt/ros/indigo;//opt/ros/indigo
-- Using PYTHON_EXECUTABLE: /usr/bin/python
-- Using Debian Python package layout
-- Using empy: /usr/bin/empy
-- Using CATKIN_ENABLE_TESTING: ON
-- Call enable_testing()
-- Using CATKIN_TEST_RESULTS_DIR: /root/catkin_ws/build/motor_communication/test_results
-- Found gtest sources under '/usr/src/gtest': gtests will be built
-- Using Python nosetests: /usr/bin/nosetests-2.7
-- catkin 0.6.18
-- Configuring done
-- Generating done
-- Build files have been written to: /root/catkin_ws/build/motor_communication
[35m[1mScanning dependencies of target motor_communication
make[2]: Warning: File `/opt/ros/indigo/include/XmlRpcDecl.h' has modification time 1e+08 s in the future
[0m[ 33%] [32mBuilding CXX object CMakeFiles/motor_communication.dir/src/motor_communication.cpp.o
[0m[31m[1mLinking CXX shared library /root/catkin_ws/devel/.private/motor_communication/lib/libmotor_communication.so
make[2]: warning:  Clock skew detected.  Your build may be incomplete.
[0m[ 33%] Built target motor_communication
[35m[1mScanning dependencies of target motor_control_node
[35m[1mScanning dependencies of target motor_communication_node
make[2]: Warning: File `/opt/ros/indigo/include/XmlRpcDecl.h' has modification time 1e+08 s in the future
make[2]: Warning: File `/opt/ros/indigo/include/XmlRpcDecl.h' has modification time 1e+08 s in the future
[0m[0m[ 66%] [100%] [32mBuilding CXX object CMakeFiles/motor_communication_node.dir/src/motor_communication_node.cpp.o
[0m[32mBuilding CXX object CMakeFiles/motor_control_node.dir/src/motor_control_node.cpp.o
[0m[31m[1mLinking CXX executable /root/catkin_ws/devel/.private/motor_communication/lib/motor_communication/motor_communication_node
make[2]: warning:  Clock skew detected.  Your build may be incomplete.
[0m[100%] Built target motor_communication_node
[31m[1mLinking CXX executable /root/catkin_ws/devel/.private/motor_communication/lib/motor_communication/motor_control_node
make[2]: warning:  Clock skew detected.  Your build may be incomplete.
[0m[100%] Built target motor_control_node
