Linked: (/root/catkin_ws/devel/.private/realsense_camera/lib/librealsense_camera_nodelet.so, /root/catkin_ws/devel/lib/librealsense_camera_nodelet.so)
Linked: (/root/catkin_ws/devel/.private/realsense_camera/lib/realsense_camera/tests_rgbd_topics, /root/catkin_ws/devel/lib/realsense_camera/tests_rgbd_topics)
Linked: (/root/catkin_ws/devel/.private/realsense_camera/lib/realsense_camera/tests_camera_core, /root/catkin_ws/devel/lib/realsense_camera/tests_camera_core)
Linked: (/root/catkin_ws/devel/.private/realsense_camera/lib/python2.7/dist-packages/realsense_camera/__init__.py, /root/catkin_ws/devel/lib/python2.7/dist-packages/realsense_camera/__init__.py)
Linked: (/root/catkin_ws/devel/.private/realsense_camera/lib/python2.7/dist-packages/realsense_camera/srv/_ForcePower.py, /root/catkin_ws/devel/lib/python2.7/dist-packages/realsense_camera/srv/_ForcePower.py)
Linked: (/root/catkin_ws/devel/.private/realsense_camera/lib/python2.7/dist-packages/realsense_camera/srv/_CameraConfiguration.py, /root/catkin_ws/devel/lib/python2.7/dist-packages/realsense_camera/srv/_CameraConfiguration.py)
Linked: (/root/catkin_ws/devel/.private/realsense_camera/lib/python2.7/dist-packages/realsense_camera/srv/__init__.py, /root/catkin_ws/devel/lib/python2.7/dist-packages/realsense_camera/srv/__init__.py)
Linked: (/root/catkin_ws/devel/.private/realsense_camera/lib/python2.7/dist-packages/realsense_camera/srv/_IsPowered.py, /root/catkin_ws/devel/lib/python2.7/dist-packages/realsense_camera/srv/_IsPowered.py)
Linked: (/root/catkin_ws/devel/.private/realsense_camera/lib/python2.7/dist-packages/realsense_camera/srv/_GetIMUInfo.py, /root/catkin_ws/devel/lib/python2.7/dist-packages/realsense_camera/srv/_GetIMUInfo.py)
Linked: (/root/catkin_ws/devel/.private/realsense_camera/lib/python2.7/dist-packages/realsense_camera/srv/_SetPower.py, /root/catkin_ws/devel/lib/python2.7/dist-packages/realsense_camera/srv/_SetPower.py)
Linked: (/root/catkin_ws/devel/.private/realsense_camera/lib/python2.7/dist-packages/realsense_camera/msg/__init__.py, /root/catkin_ws/devel/lib/python2.7/dist-packages/realsense_camera/msg/__init__.py)
Linked: (/root/catkin_ws/devel/.private/realsense_camera/lib/python2.7/dist-packages/realsense_camera/msg/_IMUInfo.py, /root/catkin_ws/devel/lib/python2.7/dist-packages/realsense_camera/msg/_IMUInfo.py)
Linked: (/root/catkin_ws/devel/.private/realsense_camera/lib/python2.7/dist-packages/realsense_camera/cfg/r200_paramsConfig.py, /root/catkin_ws/devel/lib/python2.7/dist-packages/realsense_camera/cfg/r200_paramsConfig.py)
Linked: (/root/catkin_ws/devel/.private/realsense_camera/lib/python2.7/dist-packages/realsense_camera/cfg/zr300_paramsConfig.py, /root/catkin_ws/devel/lib/python2.7/dist-packages/realsense_camera/cfg/zr300_paramsConfig.py)
Linked: (/root/catkin_ws/devel/.private/realsense_camera/lib/python2.7/dist-packages/realsense_camera/cfg/__init__.py, /root/catkin_ws/devel/lib/python2.7/dist-packages/realsense_camera/cfg/__init__.py)
Linked: (/root/catkin_ws/devel/.private/realsense_camera/lib/python2.7/dist-packages/realsense_camera/cfg/f200_paramsConfig.py, /root/catkin_ws/devel/lib/python2.7/dist-packages/realsense_camera/cfg/f200_paramsConfig.py)
Linked: (/root/catkin_ws/devel/.private/realsense_camera/lib/python2.7/dist-packages/realsense_camera/cfg/sr300_paramsConfig.py, /root/catkin_ws/devel/lib/python2.7/dist-packages/realsense_camera/cfg/sr300_paramsConfig.py)
Linked: (/root/catkin_ws/devel/.private/realsense_camera/lib/pkgconfig/realsense_camera.pc, /root/catkin_ws/devel/lib/pkgconfig/realsense_camera.pc)
Linked: (/root/catkin_ws/devel/.private/realsense_camera/include/realsense_camera/SetPower.h, /root/catkin_ws/devel/include/realsense_camera/SetPower.h)
Linked: (/root/catkin_ws/devel/.private/realsense_camera/include/realsense_camera/ForcePower.h, /root/catkin_ws/devel/include/realsense_camera/ForcePower.h)
Linked: (/root/catkin_ws/devel/.private/realsense_camera/include/realsense_camera/IMUInfo.h, /root/catkin_ws/devel/include/realsense_camera/IMUInfo.h)
Linked: (/root/catkin_ws/devel/.private/realsense_camera/include/realsense_camera/GetIMUInfoResponse.h, /root/catkin_ws/devel/include/realsense_camera/GetIMUInfoResponse.h)
Linked: (/root/catkin_ws/devel/.private/realsense_camera/include/realsense_camera/CameraConfiguration.h, /root/catkin_ws/devel/include/realsense_camera/CameraConfiguration.h)
Linked: (/root/catkin_ws/devel/.private/realsense_camera/include/realsense_camera/CameraConfigurationRequest.h, /root/catkin_ws/devel/include/realsense_camera/CameraConfigurationRequest.h)
Linked: (/root/catkin_ws/devel/.private/realsense_camera/include/realsense_camera/IsPoweredResponse.h, /root/catkin_ws/devel/include/realsense_camera/IsPoweredResponse.h)
Linked: (/root/catkin_ws/devel/.private/realsense_camera/include/realsense_camera/SetPowerResponse.h, /root/catkin_ws/devel/include/realsense_camera/SetPowerResponse.h)
Linked: (/root/catkin_ws/devel/.private/realsense_camera/include/realsense_camera/GetIMUInfo.h, /root/catkin_ws/devel/include/realsense_camera/GetIMUInfo.h)
Linked: (/root/catkin_ws/devel/.private/realsense_camera/include/realsense_camera/r200_paramsConfig.h, /root/catkin_ws/devel/include/realsense_camera/r200_paramsConfig.h)
Linked: (/root/catkin_ws/devel/.private/realsense_camera/include/realsense_camera/f200_paramsConfig.h, /root/catkin_ws/devel/include/realsense_camera/f200_paramsConfig.h)
Linked: (/root/catkin_ws/devel/.private/realsense_camera/include/realsense_camera/CameraConfigurationResponse.h, /root/catkin_ws/devel/include/realsense_camera/CameraConfigurationResponse.h)
Linked: (/root/catkin_ws/devel/.private/realsense_camera/include/realsense_camera/ForcePowerResponse.h, /root/catkin_ws/devel/include/realsense_camera/ForcePowerResponse.h)
Linked: (/root/catkin_ws/devel/.private/realsense_camera/include/realsense_camera/ForcePowerRequest.h, /root/catkin_ws/devel/include/realsense_camera/ForcePowerRequest.h)
Linked: (/root/catkin_ws/devel/.private/realsense_camera/include/realsense_camera/SetPowerRequest.h, /root/catkin_ws/devel/include/realsense_camera/SetPowerRequest.h)
Linked: (/root/catkin_ws/devel/.private/realsense_camera/include/realsense_camera/sr300_paramsConfig.h, /root/catkin_ws/devel/include/realsense_camera/sr300_paramsConfig.h)
Linked: (/root/catkin_ws/devel/.private/realsense_camera/include/realsense_camera/zr300_paramsConfig.h, /root/catkin_ws/devel/include/realsense_camera/zr300_paramsConfig.h)
Linked: (/root/catkin_ws/devel/.private/realsense_camera/include/realsense_camera/IsPoweredRequest.h, /root/catkin_ws/devel/include/realsense_camera/IsPoweredRequest.h)
Linked: (/root/catkin_ws/devel/.private/realsense_camera/include/realsense_camera/GetIMUInfoRequest.h, /root/catkin_ws/devel/include/realsense_camera/GetIMUInfoRequest.h)
Linked: (/root/catkin_ws/devel/.private/realsense_camera/include/realsense_camera/IsPowered.h, /root/catkin_ws/devel/include/realsense_camera/IsPowered.h)
Linked: (/root/catkin_ws/devel/.private/realsense_camera/share/common-lisp/ros/realsense_camera/srv/SetPower.lisp, /root/catkin_ws/devel/share/common-lisp/ros/realsense_camera/srv/SetPower.lisp)
Linked: (/root/catkin_ws/devel/.private/realsense_camera/share/common-lisp/ros/realsense_camera/srv/_package_SetPower.lisp, /root/catkin_ws/devel/share/common-lisp/ros/realsense_camera/srv/_package_SetPower.lisp)
Linked: (/root/catkin_ws/devel/.private/realsense_camera/share/common-lisp/ros/realsense_camera/srv/GetIMUInfo.lisp, /root/catkin_ws/devel/share/common-lisp/ros/realsense_camera/srv/GetIMUInfo.lisp)
Linked: (/root/catkin_ws/devel/.private/realsense_camera/share/common-lisp/ros/realsense_camera/srv/_package_CameraConfiguration.lisp, /root/catkin_ws/devel/share/common-lisp/ros/realsense_camera/srv/_package_CameraConfiguration.lisp)
Linked: (/root/catkin_ws/devel/.private/realsense_camera/share/common-lisp/ros/realsense_camera/srv/_package_ForcePower.lisp, /root/catkin_ws/devel/share/common-lisp/ros/realsense_camera/srv/_package_ForcePower.lisp)
Linked: (/root/catkin_ws/devel/.private/realsense_camera/share/common-lisp/ros/realsense_camera/srv/ForcePower.lisp, /root/catkin_ws/devel/share/common-lisp/ros/realsense_camera/srv/ForcePower.lisp)
Linked: (/root/catkin_ws/devel/.private/realsense_camera/share/common-lisp/ros/realsense_camera/srv/IsPowered.lisp, /root/catkin_ws/devel/share/common-lisp/ros/realsense_camera/srv/IsPowered.lisp)
Linked: (/root/catkin_ws/devel/.private/realsense_camera/share/common-lisp/ros/realsense_camera/srv/CameraConfiguration.lisp, /root/catkin_ws/devel/share/common-lisp/ros/realsense_camera/srv/CameraConfiguration.lisp)
Linked: (/root/catkin_ws/devel/.private/realsense_camera/share/common-lisp/ros/realsense_camera/srv/_package_IsPowered.lisp, /root/catkin_ws/devel/share/common-lisp/ros/realsense_camera/srv/_package_IsPowered.lisp)
Linked: (/root/catkin_ws/devel/.private/realsense_camera/share/common-lisp/ros/realsense_camera/srv/realsense_camera-srv.asd, /root/catkin_ws/devel/share/common-lisp/ros/realsense_camera/srv/realsense_camera-srv.asd)
Linked: (/root/catkin_ws/devel/.private/realsense_camera/share/common-lisp/ros/realsense_camera/srv/_package.lisp, /root/catkin_ws/devel/share/common-lisp/ros/realsense_camera/srv/_package.lisp)
Linked: (/root/catkin_ws/devel/.private/realsense_camera/share/common-lisp/ros/realsense_camera/srv/_package_GetIMUInfo.lisp, /root/catkin_ws/devel/share/common-lisp/ros/realsense_camera/srv/_package_GetIMUInfo.lisp)
Linked: (/root/catkin_ws/devel/.private/realsense_camera/share/common-lisp/ros/realsense_camera/msg/_package_IMUInfo.lisp, /root/catkin_ws/devel/share/common-lisp/ros/realsense_camera/msg/_package_IMUInfo.lisp)
Linked: (/root/catkin_ws/devel/.private/realsense_camera/share/common-lisp/ros/realsense_camera/msg/IMUInfo.lisp, /root/catkin_ws/devel/share/common-lisp/ros/realsense_camera/msg/IMUInfo.lisp)
Linked: (/root/catkin_ws/devel/.private/realsense_camera/share/common-lisp/ros/realsense_camera/msg/realsense_camera-msg.asd, /root/catkin_ws/devel/share/common-lisp/ros/realsense_camera/msg/realsense_camera-msg.asd)
Linked: (/root/catkin_ws/devel/.private/realsense_camera/share/common-lisp/ros/realsense_camera/msg/_package.lisp, /root/catkin_ws/devel/share/common-lisp/ros/realsense_camera/msg/_package.lisp)
Linked: (/root/catkin_ws/devel/.private/realsense_camera/share/realsense_camera/docs/r200_paramsConfig.dox, /root/catkin_ws/devel/share/realsense_camera/docs/r200_paramsConfig.dox)
Linked: (/root/catkin_ws/devel/.private/realsense_camera/share/realsense_camera/docs/zr300_paramsConfig.wikidoc, /root/catkin_ws/devel/share/realsense_camera/docs/zr300_paramsConfig.wikidoc)
Linked: (/root/catkin_ws/devel/.private/realsense_camera/share/realsense_camera/docs/sr300_paramsConfig-usage.dox, /root/catkin_ws/devel/share/realsense_camera/docs/sr300_paramsConfig-usage.dox)
Linked: (/root/catkin_ws/devel/.private/realsense_camera/share/realsense_camera/docs/sr300_paramsConfig.dox, /root/catkin_ws/devel/share/realsense_camera/docs/sr300_paramsConfig.dox)
Linked: (/root/catkin_ws/devel/.private/realsense_camera/share/realsense_camera/docs/f200_paramsConfig.dox, /root/catkin_ws/devel/share/realsense_camera/docs/f200_paramsConfig.dox)
Linked: (/root/catkin_ws/devel/.private/realsense_camera/share/realsense_camera/docs/r200_paramsConfig.wikidoc, /root/catkin_ws/devel/share/realsense_camera/docs/r200_paramsConfig.wikidoc)
Linked: (/root/catkin_ws/devel/.private/realsense_camera/share/realsense_camera/docs/zr300_paramsConfig-usage.dox, /root/catkin_ws/devel/share/realsense_camera/docs/zr300_paramsConfig-usage.dox)
Linked: (/root/catkin_ws/devel/.private/realsense_camera/share/realsense_camera/docs/sr300_paramsConfig.wikidoc, /root/catkin_ws/devel/share/realsense_camera/docs/sr300_paramsConfig.wikidoc)
Linked: (/root/catkin_ws/devel/.private/realsense_camera/share/realsense_camera/docs/f200_paramsConfig.wikidoc, /root/catkin_ws/devel/share/realsense_camera/docs/f200_paramsConfig.wikidoc)
Linked: (/root/catkin_ws/devel/.private/realsense_camera/share/realsense_camera/docs/f200_paramsConfig-usage.dox, /root/catkin_ws/devel/share/realsense_camera/docs/f200_paramsConfig-usage.dox)
Linked: (/root/catkin_ws/devel/.private/realsense_camera/share/realsense_camera/docs/r200_paramsConfig-usage.dox, /root/catkin_ws/devel/share/realsense_camera/docs/r200_paramsConfig-usage.dox)
Linked: (/root/catkin_ws/devel/.private/realsense_camera/share/realsense_camera/docs/zr300_paramsConfig.dox, /root/catkin_ws/devel/share/realsense_camera/docs/zr300_paramsConfig.dox)
Linked: (/root/catkin_ws/devel/.private/realsense_camera/share/realsense_camera/cmake/realsense_camera-msg-extras.cmake, /root/catkin_ws/devel/share/realsense_camera/cmake/realsense_camera-msg-extras.cmake)
Linked: (/root/catkin_ws/devel/.private/realsense_camera/share/realsense_camera/cmake/realsense_camera-msg-paths.cmake, /root/catkin_ws/devel/share/realsense_camera/cmake/realsense_camera-msg-paths.cmake)
Linked: (/root/catkin_ws/devel/.private/realsense_camera/share/realsense_camera/cmake/realsense_cameraConfig.cmake, /root/catkin_ws/devel/share/realsense_camera/cmake/realsense_cameraConfig.cmake)
Linked: (/root/catkin_ws/devel/.private/realsense_camera/share/realsense_camera/cmake/realsense_cameraConfig-version.cmake, /root/catkin_ws/devel/share/realsense_camera/cmake/realsense_cameraConfig-version.cmake)
