/usr/bin/cmake -H/home/ros/model_car/catkin_ws/src/realsense_camera -B/home/ros/model_car/catkin_ws/odroid-build/realsense_camera --check-build-system CMakeFiles/Makefile.cmake 0
/usr/bin/cmake -E cmake_progress_start /home/ros/model_car/catkin_ws/odroid-build/realsense_camera/CMakeFiles /home/ros/model_car/catkin_ws/odroid-build/realsense_camera/CMakeFiles/progress.marks
/usr/bin/make -f CMakeFiles/Makefile2 all
make[1]: Entering directory `/home/ros/model_car/catkin_ws/odroid-build/realsense_camera'
/usr/bin/make -f CMakeFiles/realsense_camera_gencfg.dir/build.make CMakeFiles/realsense_camera_gencfg.dir/depend
make[2]: Entering directory `/home/ros/model_car/catkin_ws/odroid-build/realsense_camera'
cd /home/ros/model_car/catkin_ws/odroid-build/realsense_camera && /usr/bin/cmake -E cmake_depends "Unix Makefiles" /home/ros/model_car/catkin_ws/src/realsense_camera /home/ros/model_car/catkin_ws/src/realsense_camera /home/ros/model_car/catkin_ws/odroid-build/realsense_camera /home/ros/model_car/catkin_ws/odroid-build/realsense_camera /home/ros/model_car/catkin_ws/odroid-build/realsense_camera/CMakeFiles/realsense_camera_gencfg.dir/DependInfo.cmake --color=
make[2]: Leaving directory `/home/ros/model_car/catkin_ws/odroid-build/realsense_camera'
/usr/bin/make -f CMakeFiles/realsense_camera_gencfg.dir/build.make CMakeFiles/realsense_camera_gencfg.dir/build
make[2]: Entering directory `/home/ros/model_car/catkin_ws/odroid-build/realsense_camera'
make[2]: Nothing to be done for `CMakeFiles/realsense_camera_gencfg.dir/build'.
make[2]: Leaving directory `/home/ros/model_car/catkin_ws/odroid-build/realsense_camera'
/usr/bin/cmake -E cmake_progress_report /home/ros/model_car/catkin_ws/odroid-build/realsense_camera/CMakeFiles  3
[ 11%] Built target realsense_camera_gencfg
/usr/bin/make -f CMakeFiles/_realsense_camera_generate_messages_check_deps_cameraConfiguration.dir/build.make CMakeFiles/_realsense_camera_generate_messages_check_deps_cameraConfiguration.dir/depend
make[2]: Entering directory `/home/ros/model_car/catkin_ws/odroid-build/realsense_camera'
cd /home/ros/model_car/catkin_ws/odroid-build/realsense_camera && /usr/bin/cmake -E cmake_depends "Unix Makefiles" /home/ros/model_car/catkin_ws/src/realsense_camera /home/ros/model_car/catkin_ws/src/realsense_camera /home/ros/model_car/catkin_ws/odroid-build/realsense_camera /home/ros/model_car/catkin_ws/odroid-build/realsense_camera /home/ros/model_car/catkin_ws/odroid-build/realsense_camera/CMakeFiles/_realsense_camera_generate_messages_check_deps_cameraConfiguration.dir/DependInfo.cmake --color=
make[2]: Leaving directory `/home/ros/model_car/catkin_ws/odroid-build/realsense_camera'
/usr/bin/make -f CMakeFiles/_realsense_camera_generate_messages_check_deps_cameraConfiguration.dir/build.make CMakeFiles/_realsense_camera_generate_messages_check_deps_cameraConfiguration.dir/build
make[2]: Entering directory `/home/ros/model_car/catkin_ws/odroid-build/realsense_camera'
catkin_generated/env_cached.sh /usr/bin/python /opt/odroid-x2/sdk/opt/ros/indigo/share/genmsg/cmake/../../../lib/genmsg/genmsg_check_deps.py realsense_camera /home/ros/model_car/catkin_ws/src/realsense_camera/srv/cameraConfiguration.srv 
make[2]: Leaving directory `/home/ros/model_car/catkin_ws/odroid-build/realsense_camera'
/usr/bin/cmake -E cmake_progress_report /home/ros/model_car/catkin_ws/odroid-build/realsense_camera/CMakeFiles 
[ 11%] Built target _realsense_camera_generate_messages_check_deps_cameraConfiguration
/usr/bin/make -f CMakeFiles/std_msgs_generate_messages_lisp.dir/build.make CMakeFiles/std_msgs_generate_messages_lisp.dir/depend
make[2]: Entering directory `/home/ros/model_car/catkin_ws/odroid-build/realsense_camera'
cd /home/ros/model_car/catkin_ws/odroid-build/realsense_camera && /usr/bin/cmake -E cmake_depends "Unix Makefiles" /home/ros/model_car/catkin_ws/src/realsense_camera /home/ros/model_car/catkin_ws/src/realsense_camera /home/ros/model_car/catkin_ws/odroid-build/realsense_camera /home/ros/model_car/catkin_ws/odroid-build/realsense_camera /home/ros/model_car/catkin_ws/odroid-build/realsense_camera/CMakeFiles/std_msgs_generate_messages_lisp.dir/DependInfo.cmake --color=
make[2]: Leaving directory `/home/ros/model_car/catkin_ws/odroid-build/realsense_camera'
/usr/bin/make -f CMakeFiles/std_msgs_generate_messages_lisp.dir/build.make CMakeFiles/std_msgs_generate_messages_lisp.dir/build
make[2]: Entering directory `/home/ros/model_car/catkin_ws/odroid-build/realsense_camera'
make[2]: Nothing to be done for `CMakeFiles/std_msgs_generate_messages_lisp.dir/build'.
make[2]: Leaving directory `/home/ros/model_car/catkin_ws/odroid-build/realsense_camera'
/usr/bin/cmake -E cmake_progress_report /home/ros/model_car/catkin_ws/odroid-build/realsense_camera/CMakeFiles 
[ 11%] Built target std_msgs_generate_messages_lisp
/usr/bin/make -f CMakeFiles/realsense_camera_generate_messages_lisp.dir/build.make CMakeFiles/realsense_camera_generate_messages_lisp.dir/depend
make[2]: Entering directory `/home/ros/model_car/catkin_ws/odroid-build/realsense_camera'
cd /home/ros/model_car/catkin_ws/odroid-build/realsense_camera && /usr/bin/cmake -E cmake_depends "Unix Makefiles" /home/ros/model_car/catkin_ws/src/realsense_camera /home/ros/model_car/catkin_ws/src/realsense_camera /home/ros/model_car/catkin_ws/odroid-build/realsense_camera /home/ros/model_car/catkin_ws/odroid-build/realsense_camera /home/ros/model_car/catkin_ws/odroid-build/realsense_camera/CMakeFiles/realsense_camera_generate_messages_lisp.dir/DependInfo.cmake --color=
make[2]: Leaving directory `/home/ros/model_car/catkin_ws/odroid-build/realsense_camera'
/usr/bin/make -f CMakeFiles/realsense_camera_generate_messages_lisp.dir/build.make CMakeFiles/realsense_camera_generate_messages_lisp.dir/build
make[2]: Entering directory `/home/ros/model_car/catkin_ws/odroid-build/realsense_camera'
make[2]: Nothing to be done for `CMakeFiles/realsense_camera_generate_messages_lisp.dir/build'.
make[2]: Leaving directory `/home/ros/model_car/catkin_ws/odroid-build/realsense_camera'
/usr/bin/cmake -E cmake_progress_report /home/ros/model_car/catkin_ws/odroid-build/realsense_camera/CMakeFiles  5
[ 22%] Built target realsense_camera_generate_messages_lisp
/usr/bin/make -f CMakeFiles/std_msgs_generate_messages_cpp.dir/build.make CMakeFiles/std_msgs_generate_messages_cpp.dir/depend
make[2]: Entering directory `/home/ros/model_car/catkin_ws/odroid-build/realsense_camera'
cd /home/ros/model_car/catkin_ws/odroid-build/realsense_camera && /usr/bin/cmake -E cmake_depends "Unix Makefiles" /home/ros/model_car/catkin_ws/src/realsense_camera /home/ros/model_car/catkin_ws/src/realsense_camera /home/ros/model_car/catkin_ws/odroid-build/realsense_camera /home/ros/model_car/catkin_ws/odroid-build/realsense_camera /home/ros/model_car/catkin_ws/odroid-build/realsense_camera/CMakeFiles/std_msgs_generate_messages_cpp.dir/DependInfo.cmake --color=
make[2]: Leaving directory `/home/ros/model_car/catkin_ws/odroid-build/realsense_camera'
/usr/bin/make -f CMakeFiles/std_msgs_generate_messages_cpp.dir/build.make CMakeFiles/std_msgs_generate_messages_cpp.dir/build
make[2]: Entering directory `/home/ros/model_car/catkin_ws/odroid-build/realsense_camera'
make[2]: Nothing to be done for `CMakeFiles/std_msgs_generate_messages_cpp.dir/build'.
make[2]: Leaving directory `/home/ros/model_car/catkin_ws/odroid-build/realsense_camera'
/usr/bin/cmake -E cmake_progress_report /home/ros/model_car/catkin_ws/odroid-build/realsense_camera/CMakeFiles 
[ 22%] Built target std_msgs_generate_messages_cpp
/usr/bin/make -f CMakeFiles/realsense_camera_generate_messages_cpp.dir/build.make CMakeFiles/realsense_camera_generate_messages_cpp.dir/depend
make[2]: Entering directory `/home/ros/model_car/catkin_ws/odroid-build/realsense_camera'
cd /home/ros/model_car/catkin_ws/odroid-build/realsense_camera && /usr/bin/cmake -E cmake_depends "Unix Makefiles" /home/ros/model_car/catkin_ws/src/realsense_camera /home/ros/model_car/catkin_ws/src/realsense_camera /home/ros/model_car/catkin_ws/odroid-build/realsense_camera /home/ros/model_car/catkin_ws/odroid-build/realsense_camera /home/ros/model_car/catkin_ws/odroid-build/realsense_camera/CMakeFiles/realsense_camera_generate_messages_cpp.dir/DependInfo.cmake --color=
make[2]: Leaving directory `/home/ros/model_car/catkin_ws/odroid-build/realsense_camera'
/usr/bin/make -f CMakeFiles/realsense_camera_generate_messages_cpp.dir/build.make CMakeFiles/realsense_camera_generate_messages_cpp.dir/build
make[2]: Entering directory `/home/ros/model_car/catkin_ws/odroid-build/realsense_camera'
make[2]: Nothing to be done for `CMakeFiles/realsense_camera_generate_messages_cpp.dir/build'.
make[2]: Leaving directory `/home/ros/model_car/catkin_ws/odroid-build/realsense_camera'
/usr/bin/cmake -E cmake_progress_report /home/ros/model_car/catkin_ws/odroid-build/realsense_camera/CMakeFiles  4
[ 33%] Built target realsense_camera_generate_messages_cpp
/usr/bin/make -f CMakeFiles/std_msgs_generate_messages_py.dir/build.make CMakeFiles/std_msgs_generate_messages_py.dir/depend
make[2]: Entering directory `/home/ros/model_car/catkin_ws/odroid-build/realsense_camera'
cd /home/ros/model_car/catkin_ws/odroid-build/realsense_camera && /usr/bin/cmake -E cmake_depends "Unix Makefiles" /home/ros/model_car/catkin_ws/src/realsense_camera /home/ros/model_car/catkin_ws/src/realsense_camera /home/ros/model_car/catkin_ws/odroid-build/realsense_camera /home/ros/model_car/catkin_ws/odroid-build/realsense_camera /home/ros/model_car/catkin_ws/odroid-build/realsense_camera/CMakeFiles/std_msgs_generate_messages_py.dir/DependInfo.cmake --color=
make[2]: Leaving directory `/home/ros/model_car/catkin_ws/odroid-build/realsense_camera'
/usr/bin/make -f CMakeFiles/std_msgs_generate_messages_py.dir/build.make CMakeFiles/std_msgs_generate_messages_py.dir/build
make[2]: Entering directory `/home/ros/model_car/catkin_ws/odroid-build/realsense_camera'
make[2]: Nothing to be done for `CMakeFiles/std_msgs_generate_messages_py.dir/build'.
make[2]: Leaving directory `/home/ros/model_car/catkin_ws/odroid-build/realsense_camera'
/usr/bin/cmake -E cmake_progress_report /home/ros/model_car/catkin_ws/odroid-build/realsense_camera/CMakeFiles 
[ 33%] Built target std_msgs_generate_messages_py
/usr/bin/make -f CMakeFiles/realsense_camera_generate_messages_py.dir/build.make CMakeFiles/realsense_camera_generate_messages_py.dir/depend
make[2]: Entering directory `/home/ros/model_car/catkin_ws/odroid-build/realsense_camera'
cd /home/ros/model_car/catkin_ws/odroid-build/realsense_camera && /usr/bin/cmake -E cmake_depends "Unix Makefiles" /home/ros/model_car/catkin_ws/src/realsense_camera /home/ros/model_car/catkin_ws/src/realsense_camera /home/ros/model_car/catkin_ws/odroid-build/realsense_camera /home/ros/model_car/catkin_ws/odroid-build/realsense_camera /home/ros/model_car/catkin_ws/odroid-build/realsense_camera/CMakeFiles/realsense_camera_generate_messages_py.dir/DependInfo.cmake --color=
make[2]: Leaving directory `/home/ros/model_car/catkin_ws/odroid-build/realsense_camera'
/usr/bin/make -f CMakeFiles/realsense_camera_generate_messages_py.dir/build.make CMakeFiles/realsense_camera_generate_messages_py.dir/build
make[2]: Entering directory `/home/ros/model_car/catkin_ws/odroid-build/realsense_camera'
make[2]: Nothing to be done for `CMakeFiles/realsense_camera_generate_messages_py.dir/build'.
make[2]: Leaving directory `/home/ros/model_car/catkin_ws/odroid-build/realsense_camera'
/usr/bin/cmake -E cmake_progress_report /home/ros/model_car/catkin_ws/odroid-build/realsense_camera/CMakeFiles  6 7
[ 55%] Built target realsense_camera_generate_messages_py
/usr/bin/make -f CMakeFiles/realsense_camera_generate_messages.dir/build.make CMakeFiles/realsense_camera_generate_messages.dir/depend
make[2]: Entering directory `/home/ros/model_car/catkin_ws/odroid-build/realsense_camera'
cd /home/ros/model_car/catkin_ws/odroid-build/realsense_camera && /usr/bin/cmake -E cmake_depends "Unix Makefiles" /home/ros/model_car/catkin_ws/src/realsense_camera /home/ros/model_car/catkin_ws/src/realsense_camera /home/ros/model_car/catkin_ws/odroid-build/realsense_camera /home/ros/model_car/catkin_ws/odroid-build/realsense_camera /home/ros/model_car/catkin_ws/odroid-build/realsense_camera/CMakeFiles/realsense_camera_generate_messages.dir/DependInfo.cmake --color=
make[2]: Leaving directory `/home/ros/model_car/catkin_ws/odroid-build/realsense_camera'
/usr/bin/make -f CMakeFiles/realsense_camera_generate_messages.dir/build.make CMakeFiles/realsense_camera_generate_messages.dir/build
make[2]: Entering directory `/home/ros/model_car/catkin_ws/odroid-build/realsense_camera'
make[2]: Nothing to be done for `CMakeFiles/realsense_camera_generate_messages.dir/build'.
make[2]: Leaving directory `/home/ros/model_car/catkin_ws/odroid-build/realsense_camera'
/usr/bin/cmake -E cmake_progress_report /home/ros/model_car/catkin_ws/odroid-build/realsense_camera/CMakeFiles 
[ 55%] Built target realsense_camera_generate_messages
/usr/bin/make -f CMakeFiles/realsense_camera_nodelet.dir/build.make CMakeFiles/realsense_camera_nodelet.dir/depend
make[2]: Entering directory `/home/ros/model_car/catkin_ws/odroid-build/realsense_camera'
cd /home/ros/model_car/catkin_ws/odroid-build/realsense_camera && /usr/bin/cmake -E cmake_depends "Unix Makefiles" /home/ros/model_car/catkin_ws/src/realsense_camera /home/ros/model_car/catkin_ws/src/realsense_camera /home/ros/model_car/catkin_ws/odroid-build/realsense_camera /home/ros/model_car/catkin_ws/odroid-build/realsense_camera /home/ros/model_car/catkin_ws/odroid-build/realsense_camera/CMakeFiles/realsense_camera_nodelet.dir/DependInfo.cmake --color=
make[2]: Leaving directory `/home/ros/model_car/catkin_ws/odroid-build/realsense_camera'
/usr/bin/make -f CMakeFiles/realsense_camera_nodelet.dir/build.make CMakeFiles/realsense_camera_nodelet.dir/build
make[2]: Entering directory `/home/ros/model_car/catkin_ws/odroid-build/realsense_camera'
make[2]: Nothing to be done for `CMakeFiles/realsense_camera_nodelet.dir/build'.
make[2]: Leaving directory `/home/ros/model_car/catkin_ws/odroid-build/realsense_camera'
/usr/bin/cmake -E cmake_progress_report /home/ros/model_car/catkin_ws/odroid-build/realsense_camera/CMakeFiles  8
[ 66%] Built target realsense_camera_nodelet
/usr/bin/make -f gtest/CMakeFiles/gtest.dir/build.make gtest/CMakeFiles/gtest.dir/depend
make[2]: Entering directory `/home/ros/model_car/catkin_ws/odroid-build/realsense_camera'
cd /home/ros/model_car/catkin_ws/odroid-build/realsense_camera && /usr/bin/cmake -E cmake_depends "Unix Makefiles" /home/ros/model_car/catkin_ws/src/realsense_camera /usr/src/gtest /home/ros/model_car/catkin_ws/odroid-build/realsense_camera /home/ros/model_car/catkin_ws/odroid-build/realsense_camera/gtest /home/ros/model_car/catkin_ws/odroid-build/realsense_camera/gtest/CMakeFiles/gtest.dir/DependInfo.cmake --color=
make[2]: Leaving directory `/home/ros/model_car/catkin_ws/odroid-build/realsense_camera'
/usr/bin/make -f gtest/CMakeFiles/gtest.dir/build.make gtest/CMakeFiles/gtest.dir/build
make[2]: Entering directory `/home/ros/model_car/catkin_ws/odroid-build/realsense_camera'
make[2]: Nothing to be done for `gtest/CMakeFiles/gtest.dir/build'.
make[2]: Leaving directory `/home/ros/model_car/catkin_ws/odroid-build/realsense_camera'
/usr/bin/cmake -E cmake_progress_report /home/ros/model_car/catkin_ws/odroid-build/realsense_camera/CMakeFiles  1
[ 77%] Built target gtest
/usr/bin/make -f CMakeFiles/realsense_camera_test.dir/build.make CMakeFiles/realsense_camera_test.dir/depend
make[2]: Entering directory `/home/ros/model_car/catkin_ws/odroid-build/realsense_camera'
cd /home/ros/model_car/catkin_ws/odroid-build/realsense_camera && /usr/bin/cmake -E cmake_depends "Unix Makefiles" /home/ros/model_car/catkin_ws/src/realsense_camera /home/ros/model_car/catkin_ws/src/realsense_camera /home/ros/model_car/catkin_ws/odroid-build/realsense_camera /home/ros/model_car/catkin_ws/odroid-build/realsense_camera /home/ros/model_car/catkin_ws/odroid-build/realsense_camera/CMakeFiles/realsense_camera_test.dir/DependInfo.cmake --color=
make[2]: Leaving directory `/home/ros/model_car/catkin_ws/odroid-build/realsense_camera'
/usr/bin/make -f CMakeFiles/realsense_camera_test.dir/build.make CMakeFiles/realsense_camera_test.dir/build
make[2]: Entering directory `/home/ros/model_car/catkin_ws/odroid-build/realsense_camera'
make[2]: Nothing to be done for `CMakeFiles/realsense_camera_test.dir/build'.
make[2]: Leaving directory `/home/ros/model_car/catkin_ws/odroid-build/realsense_camera'
/usr/bin/cmake -E cmake_progress_report /home/ros/model_car/catkin_ws/odroid-build/realsense_camera/CMakeFiles  9
[ 88%] Built target realsense_camera_test
/usr/bin/make -f CMakeFiles/realsense_camera_test_rgbd.dir/build.make CMakeFiles/realsense_camera_test_rgbd.dir/depend
make[2]: Entering directory `/home/ros/model_car/catkin_ws/odroid-build/realsense_camera'
cd /home/ros/model_car/catkin_ws/odroid-build/realsense_camera && /usr/bin/cmake -E cmake_depends "Unix Makefiles" /home/ros/model_car/catkin_ws/src/realsense_camera /home/ros/model_car/catkin_ws/src/realsense_camera /home/ros/model_car/catkin_ws/odroid-build/realsense_camera /home/ros/model_car/catkin_ws/odroid-build/realsense_camera /home/ros/model_car/catkin_ws/odroid-build/realsense_camera/CMakeFiles/realsense_camera_test_rgbd.dir/DependInfo.cmake --color=
make[2]: Leaving directory `/home/ros/model_car/catkin_ws/odroid-build/realsense_camera'
/usr/bin/make -f CMakeFiles/realsense_camera_test_rgbd.dir/build.make CMakeFiles/realsense_camera_test_rgbd.dir/build
make[2]: Entering directory `/home/ros/model_car/catkin_ws/odroid-build/realsense_camera'
make[2]: Nothing to be done for `CMakeFiles/realsense_camera_test_rgbd.dir/build'.
make[2]: Leaving directory `/home/ros/model_car/catkin_ws/odroid-build/realsense_camera'
/usr/bin/cmake -E cmake_progress_report /home/ros/model_car/catkin_ws/odroid-build/realsense_camera/CMakeFiles  10
[100%] Built target realsense_camera_test_rgbd
make[1]: Leaving directory `/home/ros/model_car/catkin_ws/odroid-build/realsense_camera'
/usr/bin/cmake -E cmake_progress_start /home/ros/model_car/catkin_ws/odroid-build/realsense_camera/CMakeFiles 0
/usr/bin/make -f CMakeFiles/Makefile2 preinstall
make[1]: Entering directory `/home/ros/model_car/catkin_ws/odroid-build/realsense_camera'
make[1]: Nothing to be done for `preinstall'.
make[1]: Leaving directory `/home/ros/model_car/catkin_ws/odroid-build/realsense_camera'
[36mInstall the project...
[0m/usr/bin/cmake -P cmake_install.cmake
-- Install configuration: ""
-- Installing: /home/ros/model_car/catkin_ws/odroid-install/_setup_util.py
-- Installing: /home/ros/model_car/catkin_ws/odroid-install/env.sh
-- Installing: /home/ros/model_car/catkin_ws/odroid-install/setup.bash
-- Installing: /home/ros/model_car/catkin_ws/odroid-install/setup.sh
-- Installing: /home/ros/model_car/catkin_ws/odroid-install/setup.zsh
-- Installing: /home/ros/model_car/catkin_ws/odroid-install/.rosinstall
-- Up-to-date: /home/ros/model_car/catkin_ws/odroid-install/share/realsense_camera/srv/cameraConfiguration.srv
-- Up-to-date: /home/ros/model_car/catkin_ws/odroid-install/share/realsense_camera/cmake/realsense_camera-msg-paths.cmake
-- Installing: /home/ros/model_car/catkin_ws/odroid-install/include/realsense_camera
-- Up-to-date: /home/ros/model_car/catkin_ws/odroid-install/include/realsense_camera/cameraConfiguration.h
-- Up-to-date: /home/ros/model_car/catkin_ws/odroid-install/include/realsense_camera/cameraConfigurationResponse.h
-- Up-to-date: /home/ros/model_car/catkin_ws/odroid-install/include/realsense_camera/camera_paramsConfig.h
-- Up-to-date: /home/ros/model_car/catkin_ws/odroid-install/include/realsense_camera/cameraConfigurationRequest.h
-- Installing: /home/ros/model_car/catkin_ws/odroid-install/share/common-lisp/ros/realsense_camera
-- Installing: /home/ros/model_car/catkin_ws/odroid-install/share/common-lisp/ros/realsense_camera/srv
-- Up-to-date: /home/ros/model_car/catkin_ws/odroid-install/share/common-lisp/ros/realsense_camera/srv/_package_cameraConfiguration.lisp
-- Up-to-date: /home/ros/model_car/catkin_ws/odroid-install/share/common-lisp/ros/realsense_camera/srv/_package.lisp
-- Up-to-date: /home/ros/model_car/catkin_ws/odroid-install/share/common-lisp/ros/realsense_camera/srv/realsense_camera-srv.asd
-- Up-to-date: /home/ros/model_car/catkin_ws/odroid-install/share/common-lisp/ros/realsense_camera/srv/cameraConfiguration.lisp
Listing /home/ros/model_car/catkin_ws/odroid-devel/lib/python2.7/dist-packages/realsense_camera ...
Listing /home/ros/model_car/catkin_ws/odroid-devel/lib/python2.7/dist-packages/realsense_camera/cfg ...
Listing /home/ros/model_car/catkin_ws/odroid-devel/lib/python2.7/dist-packages/realsense_camera/srv ...
-- Installing: /home/ros/model_car/catkin_ws/odroid-install/lib/python2.7/dist-packages/realsense_camera
-- Installing: /home/ros/model_car/catkin_ws/odroid-install/lib/python2.7/dist-packages/realsense_camera/cfg
-- Up-to-date: /home/ros/model_car/catkin_ws/odroid-install/lib/python2.7/dist-packages/realsense_camera/cfg/camera_paramsConfig.pyc
-- Up-to-date: /home/ros/model_car/catkin_ws/odroid-install/lib/python2.7/dist-packages/realsense_camera/cfg/__init__.py
-- Up-to-date: /home/ros/model_car/catkin_ws/odroid-install/lib/python2.7/dist-packages/realsense_camera/cfg/__init__.pyc
-- Up-to-date: /home/ros/model_car/catkin_ws/odroid-install/lib/python2.7/dist-packages/realsense_camera/cfg/camera_paramsConfig.py
-- Up-to-date: /home/ros/model_car/catkin_ws/odroid-install/lib/python2.7/dist-packages/realsense_camera/__init__.py
-- Up-to-date: /home/ros/model_car/catkin_ws/odroid-install/lib/python2.7/dist-packages/realsense_camera/__init__.pyc
-- Installing: /home/ros/model_car/catkin_ws/odroid-install/lib/python2.7/dist-packages/realsense_camera/srv
-- Up-to-date: /home/ros/model_car/catkin_ws/odroid-install/lib/python2.7/dist-packages/realsense_camera/srv/_cameraConfiguration.py
-- Up-to-date: /home/ros/model_car/catkin_ws/odroid-install/lib/python2.7/dist-packages/realsense_camera/srv/__init__.py
-- Up-to-date: /home/ros/model_car/catkin_ws/odroid-install/lib/python2.7/dist-packages/realsense_camera/srv/__init__.pyc
-- Up-to-date: /home/ros/model_car/catkin_ws/odroid-install/lib/python2.7/dist-packages/realsense_camera/srv/_cameraConfiguration.pyc
-- Up-to-date: /home/ros/model_car/catkin_ws/odroid-install/include/realsense_camera/camera_paramsConfig.h
-- Up-to-date: /home/ros/model_car/catkin_ws/odroid-install/lib/python2.7/dist-packages/realsense_camera/__init__.py
Listing /home/ros/model_car/catkin_ws/odroid-devel/lib/python2.7/dist-packages/realsense_camera/cfg ...
-- Installing: /home/ros/model_car/catkin_ws/odroid-install/lib/python2.7/dist-packages/realsense_camera/cfg
-- Up-to-date: /home/ros/model_car/catkin_ws/odroid-install/lib/python2.7/dist-packages/realsense_camera/cfg/camera_paramsConfig.pyc
-- Up-to-date: /home/ros/model_car/catkin_ws/odroid-install/lib/python2.7/dist-packages/realsense_camera/cfg/__init__.py
-- Up-to-date: /home/ros/model_car/catkin_ws/odroid-install/lib/python2.7/dist-packages/realsense_camera/cfg/__init__.pyc
-- Up-to-date: /home/ros/model_car/catkin_ws/odroid-install/lib/python2.7/dist-packages/realsense_camera/cfg/camera_paramsConfig.py
-- Up-to-date: /home/ros/model_car/catkin_ws/odroid-install/lib/librealsense_camera_nodelet.so
-- Installing: /home/ros/model_car/catkin_ws/odroid-install/share/realsense_camera/launch
-- Up-to-date: /home/ros/model_car/catkin_ws/odroid-install/share/realsense_camera/launch/realsense_sr300.launch~
-- Up-to-date: /home/ros/model_car/catkin_ws/odroid-install/share/realsense_camera/launch/realsense_r200.launch
-- Up-to-date: /home/ros/model_car/catkin_ws/odroid-install/share/realsense_camera/launch/realsense_sr300.launch
-- Up-to-date: /home/ros/model_car/catkin_ws/odroid-install/share/realsense_camera/launch/realsense_r200_nodelet_standalone_preset.launch
-- Up-to-date: /home/ros/model_car/catkin_ws/odroid-install/share/realsense_camera/launch/realsense_r200_nodelet_standalone_manual.launch
-- Up-to-date: /home/ros/model_car/catkin_ws/odroid-install/share/realsense_camera/launch/realsense_r200_navigation.launch
-- Up-to-date: /home/ros/model_car/catkin_ws/odroid-install/share/realsense_camera/launch/realsense_r200_rgbd.launch
-- Installing: /home/ros/model_car/catkin_ws/odroid-install/share/realsense_camera/launch/includes
-- Up-to-date: /home/ros/model_car/catkin_ws/odroid-install/share/realsense_camera/launch/includes/realsense_r200_nodelet.launch.xml
-- Installing: /home/ros/model_car/catkin_ws/odroid-install/share/realsense_camera/rviz
-- Up-to-date: /home/ros/model_car/catkin_ws/odroid-install/share/realsense_camera/rviz/realsenseRvizConfiguration3.rviz
-- Up-to-date: /home/ros/model_car/catkin_ws/odroid-install/share/realsense_camera/rviz/realsenseRvizConfiguration1.rviz
-- Up-to-date: /home/ros/model_car/catkin_ws/odroid-install/share/realsense_camera/rviz/realsenseRvizConfiguration2.rviz
-- Up-to-date: /home/ros/model_car/catkin_ws/odroid-install/share/realsense_camera/package.xml
-- Up-to-date: /home/ros/model_car/catkin_ws/odroid-install/share/realsense_camera/realsense_camera_nodelet_plugins.xml
