/usr/bin/cmake -H/root/catkin_ws/src/realsense_camera -B/root/catkin_ws/build/realsense_camera --check-build-system CMakeFiles/Makefile.cmake 0
/usr/bin/cmake -E cmake_progress_start /root/catkin_ws/build/realsense_camera/CMakeFiles /root/catkin_ws/build/realsense_camera/CMakeFiles/progress.marks
/usr/bin/make -f CMakeFiles/Makefile2 all
make[1]: Entering directory `/root/catkin_ws/build/realsense_camera'
/usr/bin/make -f CMakeFiles/realsense_camera_gencfg.dir/build.make CMakeFiles/realsense_camera_gencfg.dir/depend
make[2]: Entering directory `/root/catkin_ws/build/realsense_camera'
cd /root/catkin_ws/build/realsense_camera && /usr/bin/cmake -E cmake_depends "Unix Makefiles" /root/catkin_ws/src/realsense_camera /root/catkin_ws/src/realsense_camera /root/catkin_ws/build/realsense_camera /root/catkin_ws/build/realsense_camera /root/catkin_ws/build/realsense_camera/CMakeFiles/realsense_camera_gencfg.dir/DependInfo.cmake --color=
/usr/bin/make -f CMakeFiles/_realsense_camera_generate_messages_check_deps_cameraConfiguration.dir/build.make CMakeFiles/_realsense_camera_generate_messages_check_deps_cameraConfiguration.dir/depend
make[2]: Entering directory `/root/catkin_ws/build/realsense_camera'
cd /root/catkin_ws/build/realsense_camera && /usr/bin/cmake -E cmake_depends "Unix Makefiles" /root/catkin_ws/src/realsense_camera /root/catkin_ws/src/realsense_camera /root/catkin_ws/build/realsense_camera /root/catkin_ws/build/realsense_camera /root/catkin_ws/build/realsense_camera/CMakeFiles/_realsense_camera_generate_messages_check_deps_cameraConfiguration.dir/DependInfo.cmake --color=
make[2]: Leaving directory `/root/catkin_ws/build/realsense_camera'
/usr/bin/make -f CMakeFiles/realsense_camera_gencfg.dir/build.make CMakeFiles/realsense_camera_gencfg.dir/build
make[2]: Entering directory `/root/catkin_ws/build/realsense_camera'
make[2]: Nothing to be done for `CMakeFiles/realsense_camera_gencfg.dir/build'.
make[2]: Leaving directory `/root/catkin_ws/build/realsense_camera'
/usr/bin/cmake -E cmake_progress_report /root/catkin_ws/build/realsense_camera/CMakeFiles  3
make[2]: Leaving directory `/root/catkin_ws/build/realsense_camera'
/usr/bin/make -f CMakeFiles/_realsense_camera_generate_messages_check_deps_cameraConfiguration.dir/build.make CMakeFiles/_realsense_camera_generate_messages_check_deps_cameraConfiguration.dir/build
make[2]: Entering directory `/root/catkin_ws/build/realsense_camera'
catkin_generated/env_cached.sh /usr/bin/python /opt/ros/indigo/share/genmsg/cmake/../../../lib/genmsg/genmsg_check_deps.py realsense_camera /root/catkin_ws/src/realsense_camera/srv/cameraConfiguration.srv 
[ 11%] Built target realsense_camera_gencfg
/usr/bin/make -f CMakeFiles/std_msgs_generate_messages_lisp.dir/build.make CMakeFiles/std_msgs_generate_messages_lisp.dir/depend
make[2]: Entering directory `/root/catkin_ws/build/realsense_camera'
cd /root/catkin_ws/build/realsense_camera && /usr/bin/cmake -E cmake_depends "Unix Makefiles" /root/catkin_ws/src/realsense_camera /root/catkin_ws/src/realsense_camera /root/catkin_ws/build/realsense_camera /root/catkin_ws/build/realsense_camera /root/catkin_ws/build/realsense_camera/CMakeFiles/std_msgs_generate_messages_lisp.dir/DependInfo.cmake --color=
/usr/bin/make -f CMakeFiles/std_msgs_generate_messages_cpp.dir/build.make CMakeFiles/std_msgs_generate_messages_cpp.dir/depend
/usr/bin/make -f CMakeFiles/std_msgs_generate_messages_py.dir/build.make CMakeFiles/std_msgs_generate_messages_py.dir/depend
make[2]: Entering directory `/root/catkin_ws/build/realsense_camera'
cd /root/catkin_ws/build/realsense_camera && /usr/bin/cmake -E cmake_depends "Unix Makefiles" /root/catkin_ws/src/realsense_camera /root/catkin_ws/src/realsense_camera /root/catkin_ws/build/realsense_camera /root/catkin_ws/build/realsense_camera /root/catkin_ws/build/realsense_camera/CMakeFiles/std_msgs_generate_messages_cpp.dir/DependInfo.cmake --color=
make[2]: Entering directory `/root/catkin_ws/build/realsense_camera'
cd /root/catkin_ws/build/realsense_camera && /usr/bin/cmake -E cmake_depends "Unix Makefiles" /root/catkin_ws/src/realsense_camera /root/catkin_ws/src/realsense_camera /root/catkin_ws/build/realsense_camera /root/catkin_ws/build/realsense_camera /root/catkin_ws/build/realsense_camera/CMakeFiles/std_msgs_generate_messages_py.dir/DependInfo.cmake --color=
make[2]: Leaving directory `/root/catkin_ws/build/realsense_camera'
/usr/bin/make -f CMakeFiles/std_msgs_generate_messages_lisp.dir/build.make CMakeFiles/std_msgs_generate_messages_lisp.dir/build
make[2]: Entering directory `/root/catkin_ws/build/realsense_camera'
make[2]: Nothing to be done for `CMakeFiles/std_msgs_generate_messages_lisp.dir/build'.
make[2]: Leaving directory `/root/catkin_ws/build/realsense_camera'
/usr/bin/cmake -E cmake_progress_report /root/catkin_ws/build/realsense_camera/CMakeFiles 
make[2]: Leaving directory `/root/catkin_ws/build/realsense_camera'
/usr/bin/make -f CMakeFiles/std_msgs_generate_messages_cpp.dir/build.make CMakeFiles/std_msgs_generate_messages_cpp.dir/build
[ 11%] make[2]: Entering directory `/root/catkin_ws/build/realsense_camera'
make[2]: Nothing to be done for `CMakeFiles/std_msgs_generate_messages_cpp.dir/build'.
make[2]: Leaving directory `/root/catkin_ws/build/realsense_camera'
/usr/bin/cmake -E cmake_progress_report /root/catkin_ws/build/realsense_camera/CMakeFiles 
make[2]: Leaving directory `/root/catkin_ws/build/realsense_camera'
/usr/bin/make -f CMakeFiles/std_msgs_generate_messages_py.dir/build.make CMakeFiles/std_msgs_generate_messages_py.dir/build
make[2]: Entering directory `/root/catkin_ws/build/realsense_camera'
make[2]: Nothing to be done for `CMakeFiles/std_msgs_generate_messages_py.dir/build'.
make[2]: Leaving directory `/root/catkin_ws/build/realsense_camera'
/usr/bin/cmake -E cmake_progress_report /root/catkin_ws/build/realsense_camera/CMakeFiles 
Built target std_msgs_generate_messages_lisp
make[2]: Leaving directory `/root/catkin_ws/build/realsense_camera'
/usr/bin/cmake -E cmake_progress_report /root/catkin_ws/build/realsense_camera/CMakeFiles 
[ 11%] Built target std_msgs_generate_messages_cpp
/usr/bin/make -f gtest/CMakeFiles/gtest.dir/build.make gtest/CMakeFiles/gtest.dir/depend
[ 11%] [ 11%] make[2]: Entering directory `/root/catkin_ws/build/realsense_camera'
cd /root/catkin_ws/build/realsense_camera && /usr/bin/cmake -E cmake_depends "Unix Makefiles" /root/catkin_ws/src/realsense_camera /usr/src/gtest /root/catkin_ws/build/realsense_camera /root/catkin_ws/build/realsense_camera/gtest /root/catkin_ws/build/realsense_camera/gtest/CMakeFiles/gtest.dir/DependInfo.cmake --color=
Built target std_msgs_generate_messages_py
Built target _realsense_camera_generate_messages_check_deps_cameraConfiguration
/usr/bin/make -f CMakeFiles/realsense_camera_generate_messages_lisp.dir/build.make CMakeFiles/realsense_camera_generate_messages_lisp.dir/depend
/usr/bin/make -f CMakeFiles/realsense_camera_generate_messages_cpp.dir/build.make CMakeFiles/realsense_camera_generate_messages_cpp.dir/depend
/usr/bin/make -f CMakeFiles/realsense_camera_generate_messages_py.dir/build.make CMakeFiles/realsense_camera_generate_messages_py.dir/depend
make[2]: Entering directory `/root/catkin_ws/build/realsense_camera'
cd /root/catkin_ws/build/realsense_camera && /usr/bin/cmake -E cmake_depends "Unix Makefiles" /root/catkin_ws/src/realsense_camera /root/catkin_ws/src/realsense_camera /root/catkin_ws/build/realsense_camera /root/catkin_ws/build/realsense_camera /root/catkin_ws/build/realsense_camera/CMakeFiles/realsense_camera_generate_messages_cpp.dir/DependInfo.cmake --color=
make[2]: Entering directory `/root/catkin_ws/build/realsense_camera'
cd /root/catkin_ws/build/realsense_camera && /usr/bin/cmake -E cmake_depends "Unix Makefiles" /root/catkin_ws/src/realsense_camera /root/catkin_ws/src/realsense_camera /root/catkin_ws/build/realsense_camera /root/catkin_ws/build/realsense_camera /root/catkin_ws/build/realsense_camera/CMakeFiles/realsense_camera_generate_messages_lisp.dir/DependInfo.cmake --color=
make[2]: Entering directory `/root/catkin_ws/build/realsense_camera'
cd /root/catkin_ws/build/realsense_camera && /usr/bin/cmake -E cmake_depends "Unix Makefiles" /root/catkin_ws/src/realsense_camera /root/catkin_ws/src/realsense_camera /root/catkin_ws/build/realsense_camera /root/catkin_ws/build/realsense_camera /root/catkin_ws/build/realsense_camera/CMakeFiles/realsense_camera_generate_messages_py.dir/DependInfo.cmake --color=
make[2]: Leaving directory `/root/catkin_ws/build/realsense_camera'
/usr/bin/make -f gtest/CMakeFiles/gtest.dir/build.make gtest/CMakeFiles/gtest.dir/build
make[2]: Entering directory `/root/catkin_ws/build/realsense_camera'
make[2]: Nothing to be done for `gtest/CMakeFiles/gtest.dir/build'.
make[2]: Leaving directory `/root/catkin_ws/build/realsense_camera'
/usr/bin/cmake -E cmake_progress_report /root/catkin_ws/build/realsense_camera/CMakeFiles  1
make[2]: Leaving directory `/root/catkin_ws/build/realsense_camera'
/usr/bin/make -f CMakeFiles/realsense_camera_generate_messages_py.dir/build.make CMakeFiles/realsense_camera_generate_messages_py.dir/build
make[2]: Leaving directory `/root/catkin_ws/build/realsense_camera'
/usr/bin/make -f CMakeFiles/realsense_camera_generate_messages_cpp.dir/build.make CMakeFiles/realsense_camera_generate_messages_cpp.dir/build
make[2]: Entering directory `/root/catkin_ws/build/realsense_camera'
make[2]: Leaving directory `/root/catkin_ws/build/realsense_camera'
make[2]: Nothing to be done for `CMakeFiles/realsense_camera_generate_messages_py.dir/build'.
make[2]: Leaving directory `/root/catkin_ws/build/realsense_camera'
/usr/bin/make -f CMakeFiles/realsense_camera_generate_messages_lisp.dir/build.make CMakeFiles/realsense_camera_generate_messages_lisp.dir/build
[ 22%] make[2]: Entering directory `/root/catkin_ws/build/realsense_camera'
make[2]: Nothing to be done for `CMakeFiles/realsense_camera_generate_messages_cpp.dir/build'.
make[2]: Leaving directory `/root/catkin_ws/build/realsense_camera'
/usr/bin/cmake -E cmake_progress_report /root/catkin_ws/build/realsense_camera/CMakeFiles  6 7
/usr/bin/cmake -E cmake_progress_report /root/catkin_ws/build/realsense_camera/CMakeFiles  4
Built target gtest
make[2]: Entering directory `/root/catkin_ws/build/realsense_camera'
make[2]: Nothing to be done for `CMakeFiles/realsense_camera_generate_messages_lisp.dir/build'.
make[2]: Leaving directory `/root/catkin_ws/build/realsense_camera'
/usr/bin/cmake -E cmake_progress_report /root/catkin_ws/build/realsense_camera/CMakeFiles  5
[ 44%] [ 55%] [ 66%] Built target realsense_camera_generate_messages_py
Built target realsense_camera_generate_messages_cpp
Built target realsense_camera_generate_messages_lisp
/usr/bin/make -f CMakeFiles/realsense_camera_nodelet.dir/build.make CMakeFiles/realsense_camera_nodelet.dir/depend
/usr/bin/make -f CMakeFiles/realsense_camera_test.dir/build.make CMakeFiles/realsense_camera_test.dir/depend
/usr/bin/make -f CMakeFiles/realsense_camera_test_rgbd.dir/build.make CMakeFiles/realsense_camera_test_rgbd.dir/depend
make[2]: Entering directory `/root/catkin_ws/build/realsense_camera'
cd /root/catkin_ws/build/realsense_camera && /usr/bin/cmake -E cmake_depends "Unix Makefiles" /root/catkin_ws/src/realsense_camera /root/catkin_ws/src/realsense_camera /root/catkin_ws/build/realsense_camera /root/catkin_ws/build/realsense_camera /root/catkin_ws/build/realsense_camera/CMakeFiles/realsense_camera_nodelet.dir/DependInfo.cmake --color=
make[2]: Entering directory `/root/catkin_ws/build/realsense_camera'
cd /root/catkin_ws/build/realsense_camera && /usr/bin/cmake -E cmake_depends "Unix Makefiles" /root/catkin_ws/src/realsense_camera /root/catkin_ws/src/realsense_camera /root/catkin_ws/build/realsense_camera /root/catkin_ws/build/realsense_camera /root/catkin_ws/build/realsense_camera/CMakeFiles/realsense_camera_test.dir/DependInfo.cmake --color=
make[2]: Entering directory `/root/catkin_ws/build/realsense_camera'
cd /root/catkin_ws/build/realsense_camera && /usr/bin/cmake -E cmake_depends "Unix Makefiles" /root/catkin_ws/src/realsense_camera /root/catkin_ws/src/realsense_camera /root/catkin_ws/build/realsense_camera /root/catkin_ws/build/realsense_camera /root/catkin_ws/build/realsense_camera/CMakeFiles/realsense_camera_test_rgbd.dir/DependInfo.cmake --color=
make[2]: Leaving directory `/root/catkin_ws/build/realsense_camera'
/usr/bin/make -f CMakeFiles/realsense_camera_nodelet.dir/build.make CMakeFiles/realsense_camera_nodelet.dir/build
make[2]: Entering directory `/root/catkin_ws/build/realsense_camera'
make[2]: Nothing to be done for `CMakeFiles/realsense_camera_nodelet.dir/build'.
make[2]: Leaving directory `/root/catkin_ws/build/realsense_camera'
/usr/bin/cmake -E cmake_progress_report /root/catkin_ws/build/realsense_camera/CMakeFiles  8
make[2]: Leaving directory `/root/catkin_ws/build/realsense_camera'
make[2]: Leaving directory `/root/catkin_ws/build/realsense_camera'
/usr/bin/make -f CMakeFiles/realsense_camera_test.dir/build.make CMakeFiles/realsense_camera_test.dir/build
/usr/bin/make -f CMakeFiles/realsense_camera_test_rgbd.dir/build.make CMakeFiles/realsense_camera_test_rgbd.dir/build
[ 77%] Built target realsense_camera_nodelet
/usr/bin/make -f CMakeFiles/realsense_camera_generate_messages.dir/build.make CMakeFiles/realsense_camera_generate_messages.dir/depend
make[2]: Entering directory `/root/catkin_ws/build/realsense_camera'
cd /root/catkin_ws/build/realsense_camera && /usr/bin/cmake -E cmake_depends "Unix Makefiles" /root/catkin_ws/src/realsense_camera /root/catkin_ws/src/realsense_camera /root/catkin_ws/build/realsense_camera /root/catkin_ws/build/realsense_camera /root/catkin_ws/build/realsense_camera/CMakeFiles/realsense_camera_generate_messages.dir/DependInfo.cmake --color=
make[2]: Entering directory `/root/catkin_ws/build/realsense_camera'
make[2]: Nothing to be done for `CMakeFiles/realsense_camera_test_rgbd.dir/build'.
make[2]: Leaving directory `/root/catkin_ws/build/realsense_camera'
/usr/bin/cmake -E cmake_progress_report /root/catkin_ws/build/realsense_camera/CMakeFiles  10
make[2]: Entering directory `/root/catkin_ws/build/realsense_camera'
make[2]: Nothing to be done for `CMakeFiles/realsense_camera_test.dir/build'.
make[2]: Leaving directory `/root/catkin_ws/build/realsense_camera'
/usr/bin/cmake -E cmake_progress_report /root/catkin_ws/build/realsense_camera/CMakeFiles  9
make[2]: Leaving directory `/root/catkin_ws/build/realsense_camera'
/usr/bin/make -f CMakeFiles/realsense_camera_generate_messages.dir/build.make CMakeFiles/realsense_camera_generate_messages.dir/build
make[2]: Entering directory `/root/catkin_ws/build/realsense_camera'
make[2]: Nothing to be done for `CMakeFiles/realsense_camera_generate_messages.dir/build'.
make[2]: Leaving directory `/root/catkin_ws/build/realsense_camera'
/usr/bin/cmake -E cmake_progress_report /root/catkin_ws/build/realsense_camera/CMakeFiles 
[100%] [100%] Built target realsense_camera_test_rgbd
Built target realsense_camera_test
[100%] Built target realsense_camera_generate_messages
make[1]: Leaving directory `/root/catkin_ws/build/realsense_camera'
/usr/bin/cmake -E cmake_progress_start /root/catkin_ws/build/realsense_camera/CMakeFiles 0
