Not searching for unused variables given on the command line.
[36m--[0m The C compiler identification is GNU 4.8.4
[36m--[0m The CXX compiler identification is GNU 4.8.4
[36m--[0m Check for working C compiler: /usr/bin/cc
[36m--[0m Check for working C compiler: /usr/bin/cc -- works
[36m--[0m Detecting C compiler ABI info
[36m--[0m Detecting C compiler ABI info - done
[36m--[0m Check for working CXX compiler: /usr/bin/c++
[36m--[0m Check for working CXX compiler: /usr/bin/c++ -- works
[36m--[0m Detecting CXX compiler ABI info
[36m--[0m Detecting CXX compiler ABI info - done
[36m--[0m Using CATKIN_DEVEL_PREFIX: /home/ros/model_car/catkin_ws/devel
[36m--[0m Using CMAKE_PREFIX_PATH: /home/ros/model_car/catkin_ws/install;/opt/ros/indigo
[36m--[0m This workspace overlays: /home/ros/model_car/catkin_ws/install;/opt/ros/indigo
[36m--[0m Found PythonInterp: /usr/bin/python (found version "2.7.6")
[36m--[0m Using PYTHON_EXECUTABLE: /usr/bin/python
[36m--[0m Using Debian Python package layout
[36m--[0m Using empy: /usr/bin/empy
[36m--[0m Using CATKIN_ENABLE_TESTING: ON
[36m--[0m Call enable_testing()
[36m--[0m Using CATKIN_TEST_RESULTS_DIR: /home/ros/model_car/catkin_ws/build/realsense_camera/test_results
[36m--[0m Looking for include file pthread.h
[36m--[0m Looking for include file pthread.h - found
[36m--[0m Looking for pthread_create
[36m--[0m Looking for pthread_create - not found
[36m--[0m Looking for pthread_create in pthreads
[36m--[0m Looking for pthread_create in pthreads - not found
[36m--[0m Looking for pthread_create in pthread
[36m--[0m Looking for pthread_create in pthread - found
[36m--[0m Found Threads: TRUE
[36m--[0m Found gtest sources under '/usr/src/gtest': gtests will be built
[36m--[0m Using Python nosetests: /usr/bin/nosetests-2.7
[36m--[0m catkin 0.6.18
[36m--[0m Using these message generators: gencpp;genlisp;genpy
[36m--[0m realsense_camera: 0 messages, 1 services
[36m--[0m Configuring done
[33m[1mCMake Warning[0m at /home/ros/model_car/catkin_ws/src/realsense_camera/CMakeLists.txt:49 (add_library):
  Cannot generate a safe linker search path for target
  realsense_camera_nodelet because files in some directories may conflict
  with libraries in implicit directories:

    link library [libpcl_common.so] in /usr/lib may be hidden by files in:
      /opt/odroid-x2/sdk/usr/lib
    link library [libpcl_octree.so] in /usr/lib may be hidden by files in:
      /opt/odroid-x2/sdk/usr/lib
    link library [libpcl_io.so] in /usr/lib may be hidden by files in:
      /opt/odroid-x2/sdk/usr/lib
    link library [libpcl_kdtree.so] in /usr/lib may be hidden by files in:
      /opt/odroid-x2/sdk/usr/lib
    link library [libpcl_search.so] in /usr/lib may be hidden by files in:
      /opt/odroid-x2/sdk/usr/lib
    link library [libpcl_sample_consensus.so] in /usr/lib may be hidden by files in:
      /opt/odroid-x2/sdk/usr/lib
    link library [libpcl_filters.so] in /usr/lib may be hidden by files in:
      /opt/odroid-x2/sdk/usr/lib
    link library [libpcl_features.so] in /usr/lib may be hidden by files in:
      /opt/odroid-x2/sdk/usr/lib
    link library [libpcl_keypoints.so] in /usr/lib may be hidden by files in:
      /opt/odroid-x2/sdk/usr/lib
    link library [libpcl_segmentation.so] in /usr/lib may be hidden by files in:
      /opt/odroid-x2/sdk/usr/lib
    link library [libpcl_visualization.so] in /usr/lib may be hidden by files in:
      /opt/odroid-x2/sdk/usr/lib
    link library [libpcl_outofcore.so] in /usr/lib may be hidden by files in:
      /opt/odroid-x2/sdk/usr/lib
    link library [libpcl_registration.so] in /usr/lib may be hidden by files in:
      /opt/odroid-x2/sdk/usr/lib
    link library [libpcl_recognition.so] in /usr/lib may be hidden by files in:
      /opt/odroid-x2/sdk/usr/lib
    link library [libpcl_surface.so] in /usr/lib may be hidden by files in:
      /opt/odroid-x2/sdk/usr/lib
    link library [libpcl_people.so] in /usr/lib may be hidden by files in:
      /opt/odroid-x2/sdk/usr/lib
    link library [libpcl_tracking.so] in /usr/lib may be hidden by files in:
      /opt/odroid-x2/sdk/usr/lib
    link library [libpcl_apps.so] in /usr/lib may be hidden by files in:
      /opt/odroid-x2/sdk/usr/lib
    link library [libOpenNI.so] in /usr/lib may be hidden by files in:
      /opt/odroid-x2/sdk/usr/lib
    link library [libPocoFoundation.so] in /usr/lib may be hidden by files in:
      /opt/odroid-x2/sdk/usr/lib
    link library [liblog4cxx.so] in /usr/lib may be hidden by files in:
      /opt/odroid-x2/sdk/usr/lib

  Some of these libraries may not be found correctly.


[33m[1mCMake Warning[0m at /home/ros/model_car/catkin_ws/src/realsense_camera/CMakeLists.txt:49 (add_library):
  Cannot generate a safe runtime search path for target
  realsense_camera_nodelet because files in some directories may conflict
  with libraries in implicit directories:

    runtime library [libpcl_common.so.1.7] in /usr/lib may be hidden by files in:
      /opt/odroid-x2/sdk/usr/lib
    runtime library [libpcl_octree.so.1.7] in /usr/lib may be hidden by files in:
      /opt/odroid-x2/sdk/usr/lib
    runtime library [libpcl_io.so.1.7] in /usr/lib may be hidden by files in:
      /opt/odroid-x2/sdk/usr/lib
    runtime library [libpcl_kdtree.so.1.7] in /usr/lib may be hidden by files in:
      /opt/odroid-x2/sdk/usr/lib
    runtime library [libpcl_search.so.1.7] in /usr/lib may be hidden by files in:
      /opt/odroid-x2/sdk/usr/lib
    runtime library [libpcl_sample_consensus.so.1.7] in /usr/lib may be hidden by files in:
      /opt/odroid-x2/sdk/usr/lib
    runtime library [libpcl_filters.so.1.7] in /usr/lib may be hidden by files in:
      /opt/odroid-x2/sdk/usr/lib
    runtime library [libpcl_features.so.1.7] in /usr/lib may be hidden by files in:
      /opt/odroid-x2/sdk/usr/lib
    runtime library [libpcl_keypoints.so.1.7] in /usr/lib may be hidden by files in:
      /opt/odroid-x2/sdk/usr/lib
    runtime library [libpcl_segmentation.so.1.7] in /usr/lib may be hidden by files in:
      /opt/odroid-x2/sdk/usr/lib
    runtime library [libpcl_visualization.so.1.7] in /usr/lib may be hidden by files in:
      /opt/odroid-x2/sdk/usr/lib
    runtime library [libpcl_outofcore.so.1.7] in /usr/lib may be hidden by files in:
      /opt/odroid-x2/sdk/usr/lib
    runtime library [libpcl_registration.so.1.7] in /usr/lib may be hidden by files in:
      /opt/odroid-x2/sdk/usr/lib
    runtime library [libpcl_recognition.so.1.7] in /usr/lib may be hidden by files in:
      /opt/odroid-x2/sdk/usr/lib
    runtime library [libpcl_surface.so.1.7] in /usr/lib may be hidden by files in:
      /opt/odroid-x2/sdk/usr/lib
    runtime library [libpcl_people.so.1.7] in /usr/lib may be hidden by files in:
      /opt/odroid-x2/sdk/usr/lib
    runtime library [libpcl_tracking.so.1.7] in /usr/lib may be hidden by files in:
      /opt/odroid-x2/sdk/usr/lib
    runtime library [libpcl_apps.so.1.7] in /usr/lib may be hidden by files in:
      /opt/odroid-x2/sdk/usr/lib
    runtime library [libOpenNI.so.0] in /usr/lib may be hidden by files in:
      /opt/odroid-x2/sdk/usr/lib
    runtime library [libPocoFoundation.so.9] in /usr/lib may be hidden by files in:
      /opt/odroid-x2/sdk/usr/lib
    runtime library [liblog4cxx.so.10] in /usr/lib may be hidden by files in:
      /opt/odroid-x2/sdk/usr/lib

  Some of these libraries may not be found correctly.


[36m--[0m Generating done
[36m--[0m Build files have been written to: /home/ros/model_car/catkin_ws/build/realsense_camera
