[33m[1mCMake Warning[0m at /home/mi/boroujeni/model_car/catkin_ws/src/camera/CMakeLists.txt:50 (add_library):
  Cannot generate a safe linker search path for target
  realsense_camera_nodelet because there is a cycle in the constraint graph:

    dir 0 is [/opt/odroid-x2/sdk/usr/lib/arm-linux-gnueabihf/mesa-egl]
    dir 1 is [/opt/odroid-x2/sdk/usr/lib/arm-linux-gnueabihf/mesa]
    dir 2 is [/opt/odroid-x2/sdk/usr/lib/arm-linux-gnueabihf]
    dir 3 is [/usr/local/lib]
      dir 4 must precede it due to link library [librealsense.so]
    dir 4 is [/opt/odroid-x2/sdk/usr/lib]
      dir 3 must precede it due to link library [librealsense.so]

  Some of these libraries may not be found correctly.


[33m[1mCMake Warning[0m at /home/mi/boroujeni/model_car/catkin_ws/src/camera/CMakeLists.txt:50 (add_library):
  Cannot generate a safe runtime search path for target
  realsense_camera_nodelet because there is a cycle in the constraint graph:

    dir 0 is [/opt/odroid-x2/sdk/usr/lib/arm-linux-gnueabihf/mesa-egl]
    dir 1 is [/opt/odroid-x2/sdk/usr/lib/arm-linux-gnueabihf/mesa]
    dir 2 is [/home/mi/boroujeni/model_car/catkin_ws/odroid-devel/.private/cv_bridge/lib]
    dir 3 is [/opt/odroid-x2/sdk/opt/ros/indigo/lib]
      dir 2 must precede it due to runtime library [libcv_bridge.so]
    dir 4 is [/opt/odroid-x2/sdk/usr/lib]
      dir 6 must precede it due to runtime library [librealsense.so]
    dir 5 is [/opt/odroid-x2/sdk/usr/lib/arm-linux-gnueabihf]
    dir 6 is [/usr/local/lib]
      dir 4 must precede it due to runtime library [librealsense.so]

  Some of these libraries may not be found correctly.


