/usr/bin/ld: skipping incompatible /opt/odroid-x2/sdk/usr/lib/libpcl_common.so when searching for -lpcl_common
/usr/bin/ld: skipping incompatible /opt/odroid-x2/sdk/usr/lib/libpcl_octree.so when searching for -lpcl_octree
/usr/bin/ld: skipping incompatible /opt/odroid-x2/sdk/usr/lib/libpcl_io.so when searching for -lpcl_io
/usr/bin/ld: skipping incompatible /opt/odroid-x2/sdk/usr/lib/libpcl_kdtree.so when searching for -lpcl_kdtree
/usr/bin/ld: skipping incompatible /opt/odroid-x2/sdk/usr/lib/libpcl_search.so when searching for -lpcl_search
/usr/bin/ld: skipping incompatible /opt/odroid-x2/sdk/usr/lib/libpcl_sample_consensus.so when searching for -lpcl_sample_consensus
/usr/bin/ld: skipping incompatible /opt/odroid-x2/sdk/usr/lib/libpcl_filters.so when searching for -lpcl_filters
/usr/bin/ld: skipping incompatible /opt/odroid-x2/sdk/usr/lib/libpcl_features.so when searching for -lpcl_features
/usr/bin/ld: skipping incompatible /opt/odroid-x2/sdk/usr/lib/libpcl_keypoints.so when searching for -lpcl_keypoints
/usr/bin/ld: skipping incompatible /opt/odroid-x2/sdk/usr/lib/libpcl_segmentation.so when searching for -lpcl_segmentation
/usr/bin/ld: skipping incompatible /opt/odroid-x2/sdk/usr/lib/libpcl_visualization.so when searching for -lpcl_visualization
/usr/bin/ld: skipping incompatible /opt/odroid-x2/sdk/usr/lib/libpcl_outofcore.so when searching for -lpcl_outofcore
/usr/bin/ld: skipping incompatible /opt/odroid-x2/sdk/usr/lib/libpcl_registration.so when searching for -lpcl_registration
/usr/bin/ld: skipping incompatible /opt/odroid-x2/sdk/usr/lib/libpcl_recognition.so when searching for -lpcl_recognition
/usr/bin/ld: skipping incompatible /opt/odroid-x2/sdk/usr/lib/libpcl_surface.so when searching for -lpcl_surface
/usr/bin/ld: skipping incompatible /opt/odroid-x2/sdk/usr/lib/libpcl_people.so when searching for -lpcl_people
/usr/bin/ld: skipping incompatible /opt/odroid-x2/sdk/usr/lib/libpcl_tracking.so when searching for -lpcl_tracking
/usr/bin/ld: skipping incompatible /opt/odroid-x2/sdk/usr/lib/libpcl_apps.so when searching for -lpcl_apps
/usr/bin/ld: skipping incompatible /opt/odroid-x2/sdk/usr/lib/libOpenNI.so when searching for -lOpenNI
/usr/bin/ld: skipping incompatible /opt/odroid-x2/sdk/usr/lib/libPocoFoundation.so when searching for -lPocoFoundation
/usr/bin/ld: skipping incompatible /opt/odroid-x2/sdk/usr/lib/liblog4cxx.so when searching for -llog4cxx
/usr/bin/ld: skipping incompatible /opt/odroid-x2/sdk/usr/lib/liblog4cxx.a when searching for -llog4cxx
/usr/bin/ld: skipping incompatible /opt/odroid-x2/sdk/usr/lib/librealsense.so when searching for -lrealsense
