Linked: (/root/catkin_ws/devel/.private/realsense_camera/share/realsense_camera/docs/camera_paramsConfig.wikidoc, /root/catkin_ws/devel/share/realsense_camera/docs/camera_paramsConfig.wikidoc)
Linked: (/root/catkin_ws/devel/.private/realsense_camera/share/realsense_camera/docs/camera_paramsConfig.dox, /root/catkin_ws/devel/share/realsense_camera/docs/camera_paramsConfig.dox)
Linked: (/root/catkin_ws/devel/.private/realsense_camera/share/realsense_camera/docs/camera_paramsConfig-usage.dox, /root/catkin_ws/devel/share/realsense_camera/docs/camera_paramsConfig-usage.dox)
Linked: (/root/catkin_ws/devel/.private/realsense_camera/share/realsense_camera/cmake/realsense_camera-msg-paths.cmake, /root/catkin_ws/devel/share/realsense_camera/cmake/realsense_camera-msg-paths.cmake)
Linked: (/root/catkin_ws/devel/.private/realsense_camera/share/common-lisp/ros/realsense_camera/srv/_package.lisp, /root/catkin_ws/devel/share/common-lisp/ros/realsense_camera/srv/_package.lisp)
Linked: (/root/catkin_ws/devel/.private/realsense_camera/share/common-lisp/ros/realsense_camera/srv/cameraConfiguration.lisp, /root/catkin_ws/devel/share/common-lisp/ros/realsense_camera/srv/cameraConfiguration.lisp)
Linked: (/root/catkin_ws/devel/.private/realsense_camera/share/common-lisp/ros/realsense_camera/srv/realsense_camera-srv.asd, /root/catkin_ws/devel/share/common-lisp/ros/realsense_camera/srv/realsense_camera-srv.asd)
Linked: (/root/catkin_ws/devel/.private/realsense_camera/share/common-lisp/ros/realsense_camera/srv/_package_cameraConfiguration.lisp, /root/catkin_ws/devel/share/common-lisp/ros/realsense_camera/srv/_package_cameraConfiguration.lisp)
Linked: (/root/catkin_ws/devel/.private/realsense_camera/include/realsense_camera/cameraConfigurationResponse.h, /root/catkin_ws/devel/include/realsense_camera/cameraConfigurationResponse.h)
Linked: (/root/catkin_ws/devel/.private/realsense_camera/include/realsense_camera/cameraConfiguration.h, /root/catkin_ws/devel/include/realsense_camera/cameraConfiguration.h)
Linked: (/root/catkin_ws/devel/.private/realsense_camera/include/realsense_camera/cameraConfigurationRequest.h, /root/catkin_ws/devel/include/realsense_camera/cameraConfigurationRequest.h)
Linked: (/root/catkin_ws/devel/.private/realsense_camera/include/realsense_camera/camera_paramsConfig.h, /root/catkin_ws/devel/include/realsense_camera/camera_paramsConfig.h)
Linked: (/root/catkin_ws/devel/.private/realsense_camera/lib/librealsense_camera_nodelet.so, /root/catkin_ws/devel/lib/librealsense_camera_nodelet.so)
Linked: (/root/catkin_ws/devel/.private/realsense_camera/lib/realsense_camera/realsense_camera_test, /root/catkin_ws/devel/lib/realsense_camera/realsense_camera_test)
Linked: (/root/catkin_ws/devel/.private/realsense_camera/lib/realsense_camera/realsense_camera_test_rgbd, /root/catkin_ws/devel/lib/realsense_camera/realsense_camera_test_rgbd)
Linked: (/root/catkin_ws/devel/.private/realsense_camera/lib/python2.7/dist-packages/realsense_camera/__init__.py, /root/catkin_ws/devel/lib/python2.7/dist-packages/realsense_camera/__init__.py)
Linked: (/root/catkin_ws/devel/.private/realsense_camera/lib/python2.7/dist-packages/realsense_camera/cfg/camera_paramsConfig.py, /root/catkin_ws/devel/lib/python2.7/dist-packages/realsense_camera/cfg/camera_paramsConfig.py)
Linked: (/root/catkin_ws/devel/.private/realsense_camera/lib/python2.7/dist-packages/realsense_camera/cfg/__init__.py, /root/catkin_ws/devel/lib/python2.7/dist-packages/realsense_camera/cfg/__init__.py)
Linked: (/root/catkin_ws/devel/.private/realsense_camera/lib/python2.7/dist-packages/realsense_camera/srv/_cameraConfiguration.py, /root/catkin_ws/devel/lib/python2.7/dist-packages/realsense_camera/srv/_cameraConfiguration.py)
Linked: (/root/catkin_ws/devel/.private/realsense_camera/lib/python2.7/dist-packages/realsense_camera/srv/__init__.py, /root/catkin_ws/devel/lib/python2.7/dist-packages/realsense_camera/srv/__init__.py)
