/usr/bin/cmake -H/home/ros/model_car/catkin_ws/src/realsense_camera -B/home/ros/model_car/catkin_ws/odroid-build/realsense_camera --check-build-system CMakeFiles/Makefile.cmake 0
/usr/bin/cmake -E cmake_progress_start /home/ros/model_car/catkin_ws/odroid-build/realsense_camera/CMakeFiles /home/ros/model_car/catkin_ws/odroid-build/realsense_camera/CMakeFiles/progress.marks
/usr/bin/make -f CMakeFiles/Makefile2 all
make[1]: Entering directory `/home/ros/model_car/catkin_ws/odroid-build/realsense_camera'
/usr/bin/make -f CMakeFiles/realsense_camera_gencfg.dir/build.make CMakeFiles/realsense_camera_gencfg.dir/depend
/usr/bin/make -f CMakeFiles/_realsense_camera_generate_messages_check_deps_cameraConfiguration.dir/build.make CMakeFiles/_realsense_camera_generate_messages_check_deps_cameraConfiguration.dir/depend
/usr/bin/make -f CMakeFiles/std_msgs_generate_messages_lisp.dir/build.make CMakeFiles/std_msgs_generate_messages_lisp.dir/depend
/usr/bin/make -f CMakeFiles/std_msgs_generate_messages_cpp.dir/build.make CMakeFiles/std_msgs_generate_messages_cpp.dir/depend
make[2]: Entering directory `/home/ros/model_car/catkin_ws/odroid-build/realsense_camera'
cd /home/ros/model_car/catkin_ws/odroid-build/realsense_camera && /usr/bin/cmake -E cmake_depends "Unix Makefiles" /home/ros/model_car/catkin_ws/src/realsense_camera /home/ros/model_car/catkin_ws/src/realsense_camera /home/ros/model_car/catkin_ws/odroid-build/realsense_camera /home/ros/model_car/catkin_ws/odroid-build/realsense_camera /home/ros/model_car/catkin_ws/odroid-build/realsense_camera/CMakeFiles/_realsense_camera_generate_messages_check_deps_cameraConfiguration.dir/DependInfo.cmake --color=
make[2]: Entering directory `/home/ros/model_car/catkin_ws/odroid-build/realsense_camera'
make[2]: Entering directory `/home/ros/model_car/catkin_ws/odroid-build/realsense_camera'
cd /home/ros/model_car/catkin_ws/odroid-build/realsense_camera && /usr/bin/cmake -E cmake_depends "Unix Makefiles" /home/ros/model_car/catkin_ws/src/realsense_camera /home/ros/model_car/catkin_ws/src/realsense_camera /home/ros/model_car/catkin_ws/odroid-build/realsense_camera /home/ros/model_car/catkin_ws/odroid-build/realsense_camera /home/ros/model_car/catkin_ws/odroid-build/realsense_camera/CMakeFiles/std_msgs_generate_messages_lisp.dir/DependInfo.cmake --color=
cd /home/ros/model_car/catkin_ws/odroid-build/realsense_camera && /usr/bin/cmake -E cmake_depends "Unix Makefiles" /home/ros/model_car/catkin_ws/src/realsense_camera /home/ros/model_car/catkin_ws/src/realsense_camera /home/ros/model_car/catkin_ws/odroid-build/realsense_camera /home/ros/model_car/catkin_ws/odroid-build/realsense_camera /home/ros/model_car/catkin_ws/odroid-build/realsense_camera/CMakeFiles/realsense_camera_gencfg.dir/DependInfo.cmake --color=
make[2]: Entering directory `/home/ros/model_car/catkin_ws/odroid-build/realsense_camera'
cd /home/ros/model_car/catkin_ws/odroid-build/realsense_camera && /usr/bin/cmake -E cmake_depends "Unix Makefiles" /home/ros/model_car/catkin_ws/src/realsense_camera /home/ros/model_car/catkin_ws/src/realsense_camera /home/ros/model_car/catkin_ws/odroid-build/realsense_camera /home/ros/model_car/catkin_ws/odroid-build/realsense_camera /home/ros/model_car/catkin_ws/odroid-build/realsense_camera/CMakeFiles/std_msgs_generate_messages_cpp.dir/DependInfo.cmake --color=
[35m[1mScanning dependencies of target std_msgs_generate_messages_lisp
[35m[1mScanning dependencies of target std_msgs_generate_messages_cpp
[35m[1mScanning dependencies of target realsense_camera_gencfg
[0m[35m[1mScanning dependencies of target _realsense_camera_generate_messages_check_deps_cameraConfiguration
[0m[0m[0mmake[2]: Leaving directory `/home/ros/model_car/catkin_ws/odroid-build/realsense_camera'
/usr/bin/make -f CMakeFiles/std_msgs_generate_messages_lisp.dir/build.make CMakeFiles/std_msgs_generate_messages_lisp.dir/build
make[2]: Leaving directory `/home/ros/model_car/catkin_ws/odroid-build/realsense_camera'
/usr/bin/make -f CMakeFiles/realsense_camera_gencfg.dir/build.make CMakeFiles/realsense_camera_gencfg.dir/build
make[2]: Leaving directory `/home/ros/model_car/catkin_ws/odroid-build/realsense_camera'
/usr/bin/make -f CMakeFiles/_realsense_camera_generate_messages_check_deps_cameraConfiguration.dir/build.make CMakeFiles/_realsense_camera_generate_messages_check_deps_cameraConfiguration.dir/build
make[2]: Leaving directory `/home/ros/model_car/catkin_ws/odroid-build/realsense_camera'
/usr/bin/make -f CMakeFiles/std_msgs_generate_messages_cpp.dir/build.make CMakeFiles/std_msgs_generate_messages_cpp.dir/build
make[2]: Entering directory `/home/ros/model_car/catkin_ws/odroid-build/realsense_camera'
make[2]: Nothing to be done for `CMakeFiles/std_msgs_generate_messages_lisp.dir/build'.
make[2]: Leaving directory `/home/ros/model_car/catkin_ws/odroid-build/realsense_camera'
/usr/bin/cmake -E cmake_progress_report /home/ros/model_car/catkin_ws/odroid-build/realsense_camera/CMakeFiles 
make[2]: Entering directory `/home/ros/model_car/catkin_ws/odroid-build/realsense_camera'
catkin_generated/env_cached.sh /usr/bin/python /opt/odroid-x2/sdk/opt/ros/indigo/share/genmsg/cmake/../../../lib/genmsg/genmsg_check_deps.py realsense_camera /home/ros/model_car/catkin_ws/src/realsense_camera/srv/cameraConfiguration.srv 
make[2]: Entering directory `/home/ros/model_car/catkin_ws/odroid-build/realsense_camera'
make[2]: Nothing to be done for `CMakeFiles/std_msgs_generate_messages_cpp.dir/build'.
make[2]: Leaving directory `/home/ros/model_car/catkin_ws/odroid-build/realsense_camera'
/usr/bin/cmake -E cmake_progress_report /home/ros/model_car/catkin_ws/odroid-build/realsense_camera/CMakeFiles 
[  0%] [  0%] make[2]: Entering directory `/home/ros/model_car/catkin_ws/odroid-build/realsense_camera'
/usr/bin/cmake -E cmake_progress_report /home/ros/model_car/catkin_ws/odroid-build/realsense_camera/CMakeFiles 3
Built target std_msgs_generate_messages_cpp
/usr/bin/make -f CMakeFiles/std_msgs_generate_messages_py.dir/build.make CMakeFiles/std_msgs_generate_messages_py.dir/depend
Built target std_msgs_generate_messages_lisp
/usr/bin/make -f gtest/CMakeFiles/gtest.dir/build.make gtest/CMakeFiles/gtest.dir/depend
[ 11%] make[2]: Entering directory `/home/ros/model_car/catkin_ws/odroid-build/realsense_camera'
cd /home/ros/model_car/catkin_ws/odroid-build/realsense_camera && /usr/bin/cmake -E cmake_depends "Unix Makefiles" /home/ros/model_car/catkin_ws/src/realsense_camera /home/ros/model_car/catkin_ws/src/realsense_camera /home/ros/model_car/catkin_ws/odroid-build/realsense_camera /home/ros/model_car/catkin_ws/odroid-build/realsense_camera /home/ros/model_car/catkin_ws/odroid-build/realsense_camera/CMakeFiles/std_msgs_generate_messages_py.dir/DependInfo.cmake --color=
make[2]: Entering directory `/home/ros/model_car/catkin_ws/odroid-build/realsense_camera'
cd /home/ros/model_car/catkin_ws/odroid-build/realsense_camera && /usr/bin/cmake -E cmake_depends "Unix Makefiles" /home/ros/model_car/catkin_ws/src/realsense_camera /usr/src/gtest /home/ros/model_car/catkin_ws/odroid-build/realsense_camera /home/ros/model_car/catkin_ws/odroid-build/realsense_camera/gtest /home/ros/model_car/catkin_ws/odroid-build/realsense_camera/gtest/CMakeFiles/gtest.dir/DependInfo.cmake --color=
[34m[1mGenerating dynamic reconfigure files from cfg/camera_params.cfg: /home/ros/model_car/catkin_ws/odroid-devel/include/realsense_camera/camera_paramsConfig.h /home/ros/model_car/catkin_ws/odroid-devel/lib/python2.7/dist-packages/realsense_camera/cfg/camera_paramsConfig.py
[0m[35m[1mScanning dependencies of target std_msgs_generate_messages_py
catkin_generated/env_cached.sh /home/ros/model_car/catkin_ws/src/realsense_camera/cfg/camera_params.cfg /opt/odroid-x2/sdk/opt/ros/indigo/share/dynamic_reconfigure/cmake/.. /home/ros/model_car/catkin_ws/odroid-devel/share/realsense_camera /home/ros/model_car/catkin_ws/odroid-devel/include/realsense_camera /home/ros/model_car/catkin_ws/odroid-devel/lib/python2.7/dist-packages/realsense_camera
[35m[1mScanning dependencies of target gtest
[0mmake[2]: Leaving directory `/home/ros/model_car/catkin_ws/odroid-build/realsense_camera'
/usr/bin/make -f CMakeFiles/std_msgs_generate_messages_py.dir/build.make CMakeFiles/std_msgs_generate_messages_py.dir/build
make[2]: Entering directory `/home/ros/model_car/catkin_ws/odroid-build/realsense_camera'
make[2]: Nothing to be done for `CMakeFiles/std_msgs_generate_messages_py.dir/build'.
make[2]: Leaving directory `/home/ros/model_car/catkin_ws/odroid-build/realsense_camera'
/usr/bin/cmake -E cmake_progress_report /home/ros/model_car/catkin_ws/odroid-build/realsense_camera/CMakeFiles 
[ 11%] Built target std_msgs_generate_messages_py
make[2]: Leaving directory `/home/ros/model_car/catkin_ws/odroid-build/realsense_camera'
/usr/bin/cmake -E cmake_progress_report /home/ros/model_car/catkin_ws/odroid-build/realsense_camera/CMakeFiles 
[ 11%] Built target _realsense_camera_generate_messages_check_deps_cameraConfiguration
/usr/bin/make -f CMakeFiles/realsense_camera_generate_messages_lisp.dir/build.make CMakeFiles/realsense_camera_generate_messages_lisp.dir/depend
/usr/bin/make -f CMakeFiles/realsense_camera_generate_messages_cpp.dir/build.make CMakeFiles/realsense_camera_generate_messages_cpp.dir/depend
make[2]: Entering directory `/home/ros/model_car/catkin_ws/odroid-build/realsense_camera'
cd /home/ros/model_car/catkin_ws/odroid-build/realsense_camera && /usr/bin/cmake -E cmake_depends "Unix Makefiles" /home/ros/model_car/catkin_ws/src/realsense_camera /home/ros/model_car/catkin_ws/src/realsense_camera /home/ros/model_car/catkin_ws/odroid-build/realsense_camera /home/ros/model_car/catkin_ws/odroid-build/realsense_camera /home/ros/model_car/catkin_ws/odroid-build/realsense_camera/CMakeFiles/realsense_camera_generate_messages_lisp.dir/DependInfo.cmake --color=
make[2]: Entering directory `/home/ros/model_car/catkin_ws/odroid-build/realsense_camera'
cd /home/ros/model_car/catkin_ws/odroid-build/realsense_camera && /usr/bin/cmake -E cmake_depends "Unix Makefiles" /home/ros/model_car/catkin_ws/src/realsense_camera /home/ros/model_car/catkin_ws/src/realsense_camera /home/ros/model_car/catkin_ws/odroid-build/realsense_camera /home/ros/model_car/catkin_ws/odroid-build/realsense_camera /home/ros/model_car/catkin_ws/odroid-build/realsense_camera/CMakeFiles/realsense_camera_generate_messages_cpp.dir/DependInfo.cmake --color=
[0mmake[2]: Leaving directory `/home/ros/model_car/catkin_ws/odroid-build/realsense_camera'
/usr/bin/make -f gtest/CMakeFiles/gtest.dir/build.make gtest/CMakeFiles/gtest.dir/build
make[2]: Entering directory `/home/ros/model_car/catkin_ws/odroid-build/realsense_camera'
/usr/bin/cmake -E cmake_progress_report /home/ros/model_car/catkin_ws/odroid-build/realsense_camera/CMakeFiles 1
[35m[1mScanning dependencies of target realsense_camera_generate_messages_lisp
[35m[1mScanning dependencies of target realsense_camera_generate_messages_cpp
[0m[0mmake[2]: Leaving directory `/home/ros/model_car/catkin_ws/odroid-build/realsense_camera'
make[2]: Leaving directory `/home/ros/model_car/catkin_ws/odroid-build/realsense_camera'
/usr/bin/make -f CMakeFiles/realsense_camera_generate_messages_lisp.dir/build.make CMakeFiles/realsense_camera_generate_messages_lisp.dir/build
/usr/bin/make -f CMakeFiles/realsense_camera_generate_messages_cpp.dir/build.make CMakeFiles/realsense_camera_generate_messages_cpp.dir/build
[ 22%] make[2]: Entering directory `/home/ros/model_car/catkin_ws/odroid-build/realsense_camera'
/usr/bin/cmake -E cmake_progress_report /home/ros/model_car/catkin_ws/odroid-build/realsense_camera/CMakeFiles 5
make[2]: Entering directory `/home/ros/model_car/catkin_ws/odroid-build/realsense_camera'
/usr/bin/cmake -E cmake_progress_report /home/ros/model_car/catkin_ws/odroid-build/realsense_camera/CMakeFiles 4
[32mBuilding CXX object gtest/CMakeFiles/gtest.dir/src/gtest-all.cc.o
[0m[ 44%] [ 44%] cd /home/ros/model_car/catkin_ws/odroid-build/realsense_camera/gtest && /opt/odroid-x2/compiler/bin/arm-linux-gnueabihf-g++   -DGTEST_CREATE_SHARED_LIBRARY=1 -Dgtest_EXPORTS -fPIE -fPIC -std=c++11 -O2 -D_FORTIFY_SOURCE=2 -fstack-protector -Wformat -Wformat-security -Wall  -fPIC -I/usr/src/gtest/include -I/usr/src/gtest    -fPIE -fPIC -std=c++11 -O2 -D_FORTIFY_SOURCE=2 -fstack-protector -Wformat -Wformat-security -Wall  -Wall -Wshadow -DGTEST_HAS_PTHREAD=1 -fexceptions -Wextra -o CMakeFiles/gtest.dir/src/gtest-all.cc.o -c /usr/src/gtest/src/gtest-all.cc
[34m[1mGenerating C++ code from realsense_camera/cameraConfiguration.srv
[34m[1mGenerating Lisp code from realsense_camera/cameraConfiguration.srv
[0m[0mcatkin_generated/env_cached.sh /usr/bin/python /opt/odroid-x2/sdk/opt/ros/indigo/share/gencpp/cmake/../../../lib/gencpp/gen_cpp.py /home/ros/model_car/catkin_ws/src/realsense_camera/srv/cameraConfiguration.srv -Istd_msgs:/opt/odroid-x2/sdk/opt/ros/indigo/share/std_msgs/cmake/../msg -p realsense_camera -o /home/ros/model_car/catkin_ws/odroid-devel/include/realsense_camera -e /opt/odroid-x2/sdk/opt/ros/indigo/share/gencpp/cmake/..
catkin_generated/env_cached.sh /usr/bin/python /opt/odroid-x2/sdk/opt/ros/indigo/share/genlisp/cmake/../../../lib/genlisp/gen_lisp.py /home/ros/model_car/catkin_ws/src/realsense_camera/srv/cameraConfiguration.srv -Istd_msgs:/opt/odroid-x2/sdk/opt/ros/indigo/share/std_msgs/cmake/../msg -p realsense_camera -o /home/ros/model_car/catkin_ws/odroid-devel/share/common-lisp/ros/realsense_camera/srv
/usr/src/gtest/src/gtest-all.cc:39:25: fatal error: gtest/gtest.h: No such file or directory
compilation terminated.
make[2]: *** [gtest/CMakeFiles/gtest.dir/src/gtest-all.cc.o] Error 1
make[1]: *** [gtest/CMakeFiles/gtest.dir/all] Error 2
make[1]: *** Waiting for unfinished jobs....
make[2]: Leaving directory `/home/ros/model_car/catkin_ws/odroid-build/realsense_camera'
make[2]: Leaving directory `/home/ros/model_car/catkin_ws/odroid-build/realsense_camera'
/usr/bin/cmake -E cmake_progress_report /home/ros/model_car/catkin_ws/odroid-build/realsense_camera/CMakeFiles  5
[ 44%] Built target realsense_camera_generate_messages_lisp
Generating reconfiguration files for camera_params in realsense_camera
Wrote header file in /home/ros/model_car/catkin_ws/odroid-devel/include/realsense_camera/camera_paramsConfig.h
make[2]: Leaving directory `/home/ros/model_car/catkin_ws/odroid-build/realsense_camera'
/usr/bin/cmake -E cmake_progress_report /home/ros/model_car/catkin_ws/odroid-build/realsense_camera/CMakeFiles  3
[ 44%] Built target realsense_camera_gencfg
make[2]: Leaving directory `/home/ros/model_car/catkin_ws/odroid-build/realsense_camera'
/usr/bin/cmake -E cmake_progress_report /home/ros/model_car/catkin_ws/odroid-build/realsense_camera/CMakeFiles  4
[ 44%] Built target realsense_camera_generate_messages_cpp
make[1]: Leaving directory `/home/ros/model_car/catkin_ws/odroid-build/realsense_camera'
make: *** [all] Error 2
