[ 12%] [ 12%] Built target realsense_camera_gencfg
Built target std_msgs_generate_messages_py
[ 12%] Built target _realsense_camera_generate_messages_check_deps_IMUInfo
[ 12%] [ 12%] Built target _realsense_camera_generate_messages_check_deps_CameraConfiguration
Built target _realsense_camera_generate_messages_check_deps_IsPowered
[ 12%] Built target _realsense_camera_generate_messages_check_deps_SetPower
[ 12%] [ 12%] [ 12%] Built target std_msgs_generate_messages_lisp
Built target std_msgs_generate_messages_cpp
Built target _realsense_camera_generate_messages_check_deps_ForcePower
[ 12%] Built target topic_tools_generate_messages_cpp
[ 12%] Built target roscpp_generate_messages_py
[ 12%] Built target rosgraph_msgs_generate_messages_py
[ 12%] Built target roscpp_generate_messages_cpp
[ 12%] [ 12%] Built target dynamic_reconfigure_generate_messages_lisp
Built target dynamic_reconfigure_generate_messages_cpp
[ 12%] [ 12%] [ 12%] Built target dynamic_reconfigure_gencfg
Built target dynamic_reconfigure_generate_messages_py
Built target _realsense_camera_generate_messages_check_deps_GetIMUInfo
[ 12%] Built target sensor_msgs_generate_messages_py
[ 12%] Built target nodelet_generate_messages_cpp
[ 12%] Built target tf_generate_messages_py
[ 12%] Built target nodelet_generate_messages_lisp
[ 12%] Built target sensor_msgs_generate_messages_cpp
[ 12%] Built target roscpp_generate_messages_lisp
[ 12%] [ 12%] [ 12%] Built target tf_generate_messages_cpp
Built target bond_generate_messages_cpp
[ 12%] Built target bond_generate_messages_lisp
Built target bond_generate_messages_py
[ 12%] Built target rosgraph_msgs_generate_messages_lisp
[ 12%] [ 12%] Built target rosgraph_msgs_generate_messages_cpp
Built target nodelet_generate_messages_py
[ 12%] [ 12%] Built target pcl_ros_gencfg
Built target geometry_msgs_generate_messages_cpp
[ 12%] Built target pcl_msgs_generate_messages_cpp
[ 12%] [ 12%] Built target tf_generate_messages_lisp
Built target geometry_msgs_generate_messages_py
[ 12%] Built target geometry_msgs_generate_messages_lisp
[ 12%] [ 12%] Built target topic_tools_generate_messages_lisp
Built target actionlib_msgs_generate_messages_cpp
[ 12%] Built target actionlib_msgs_generate_messages_py
[ 12%] Built target actionlib_msgs_generate_messages_lisp
[ 12%] [ 12%] [ 12%] Built target tf2_msgs_generate_messages_py
Built target actionlib_generate_messages_cpp
Built target actionlib_generate_messages_lisp
[ 12%] Built target actionlib_generate_messages_py
[ 12%] [ 12%] Built target pcl_msgs_generate_messages_lisp
Built target sensor_msgs_generate_messages_lisp
[ 12%] [ 12%] Built target pcl_msgs_generate_messages_py
Built target topic_tools_generate_messages_py
[ 12%] [ 15%] Built target tf2_msgs_generate_messages_cpp
Built target gtest
[ 15%] Built target tf2_msgs_generate_messages_lisp
[ 40%] Built target realsense_camera_generate_messages_py
[ 59%] Built target realsense_camera_generate_messages_cpp
[ 78%] Built target realsense_camera_generate_messages_lisp
[ 78%] Built target realsense_camera_generate_messages
[ 81%] Built target tests_camera_core
[ 87%] [ 87%] [ 93%] [ 93%] Built target tests_rgbd_topics
[32mBuilding CXX object CMakeFiles/realsense_camera_nodelet.dir/src/zr300_nodelet.cpp.o
[32mBuilding CXX object CMakeFiles/realsense_camera_nodelet.dir/src/r200_nodelet.cpp.o
[32mBuilding CXX object CMakeFiles/realsense_camera_nodelet.dir/src/f200_nodelet.cpp.o
[0m[0m[0m[31m[1mLinking CXX shared library /root/catkin_ws/devel/.private/realsense_camera/lib/librealsense_camera_nodelet.so
[0m[100%] Built target realsense_camera_nodelet
