Linked: (/home/mi/boroujeni/model_car/catkin_ws/odroid-devel/.private/realsense_camera/share/realsense_camera/docs/camera_paramsConfig-usage.dox, /home/mi/boroujeni/model_car/catkin_ws/odroid-devel/share/realsense_camera/docs/camera_paramsConfig-usage.dox)
Linked: (/home/mi/boroujeni/model_car/catkin_ws/odroid-devel/.private/realsense_camera/share/realsense_camera/docs/camera_paramsConfig.wikidoc, /home/mi/boroujeni/model_car/catkin_ws/odroid-devel/share/realsense_camera/docs/camera_paramsConfig.wikidoc)
Linked: (/home/mi/boroujeni/model_car/catkin_ws/odroid-devel/.private/realsense_camera/share/realsense_camera/docs/camera_paramsConfig.dox, /home/mi/boroujeni/model_car/catkin_ws/odroid-devel/share/realsense_camera/docs/camera_paramsConfig.dox)
Linked: (/home/mi/boroujeni/model_car/catkin_ws/odroid-devel/.private/realsense_camera/share/realsense_camera/cmake/realsense_camera-msg-paths.cmake, /home/mi/boroujeni/model_car/catkin_ws/odroid-devel/share/realsense_camera/cmake/realsense_camera-msg-paths.cmake)
Linked: (/home/mi/boroujeni/model_car/catkin_ws/odroid-devel/.private/realsense_camera/share/common-lisp/ros/realsense_camera/srv/_package_cameraConfiguration.lisp, /home/mi/boroujeni/model_car/catkin_ws/odroid-devel/share/common-lisp/ros/realsense_camera/srv/_package_cameraConfiguration.lisp)
Linked: (/home/mi/boroujeni/model_car/catkin_ws/odroid-devel/.private/realsense_camera/share/common-lisp/ros/realsense_camera/srv/realsense_camera-srv.asd, /home/mi/boroujeni/model_car/catkin_ws/odroid-devel/share/common-lisp/ros/realsense_camera/srv/realsense_camera-srv.asd)
Linked: (/home/mi/boroujeni/model_car/catkin_ws/odroid-devel/.private/realsense_camera/share/common-lisp/ros/realsense_camera/srv/_package.lisp, /home/mi/boroujeni/model_car/catkin_ws/odroid-devel/share/common-lisp/ros/realsense_camera/srv/_package.lisp)
Linked: (/home/mi/boroujeni/model_car/catkin_ws/odroid-devel/.private/realsense_camera/share/common-lisp/ros/realsense_camera/srv/cameraConfiguration.lisp, /home/mi/boroujeni/model_car/catkin_ws/odroid-devel/share/common-lisp/ros/realsense_camera/srv/cameraConfiguration.lisp)
Linked: (/home/mi/boroujeni/model_car/catkin_ws/odroid-devel/.private/realsense_camera/include/realsense_camera/cameraConfigurationRequest.h, /home/mi/boroujeni/model_car/catkin_ws/odroid-devel/include/realsense_camera/cameraConfigurationRequest.h)
Linked: (/home/mi/boroujeni/model_car/catkin_ws/odroid-devel/.private/realsense_camera/include/realsense_camera/cameraConfiguration.h, /home/mi/boroujeni/model_car/catkin_ws/odroid-devel/include/realsense_camera/cameraConfiguration.h)
Linked: (/home/mi/boroujeni/model_car/catkin_ws/odroid-devel/.private/realsense_camera/include/realsense_camera/cameraConfigurationResponse.h, /home/mi/boroujeni/model_car/catkin_ws/odroid-devel/include/realsense_camera/cameraConfigurationResponse.h)
Linked: (/home/mi/boroujeni/model_car/catkin_ws/odroid-devel/.private/realsense_camera/include/realsense_camera/camera_paramsConfig.h, /home/mi/boroujeni/model_car/catkin_ws/odroid-devel/include/realsense_camera/camera_paramsConfig.h)
Linked: (/home/mi/boroujeni/model_car/catkin_ws/odroid-devel/.private/realsense_camera/lib/librealsense_camera_nodelet.so, /home/mi/boroujeni/model_car/catkin_ws/odroid-devel/lib/librealsense_camera_nodelet.so)
Linked: (/home/mi/boroujeni/model_car/catkin_ws/odroid-devel/.private/realsense_camera/lib/python2.7/dist-packages/realsense_camera/__init__.py, /home/mi/boroujeni/model_car/catkin_ws/odroid-devel/lib/python2.7/dist-packages/realsense_camera/__init__.py)
Linked: (/home/mi/boroujeni/model_car/catkin_ws/odroid-devel/.private/realsense_camera/lib/python2.7/dist-packages/realsense_camera/cfg/camera_paramsConfig.py, /home/mi/boroujeni/model_car/catkin_ws/odroid-devel/lib/python2.7/dist-packages/realsense_camera/cfg/camera_paramsConfig.py)
Linked: (/home/mi/boroujeni/model_car/catkin_ws/odroid-devel/.private/realsense_camera/lib/python2.7/dist-packages/realsense_camera/cfg/__init__.py, /home/mi/boroujeni/model_car/catkin_ws/odroid-devel/lib/python2.7/dist-packages/realsense_camera/cfg/__init__.py)
Linked: (/home/mi/boroujeni/model_car/catkin_ws/odroid-devel/.private/realsense_camera/lib/python2.7/dist-packages/realsense_camera/srv/_cameraConfiguration.py, /home/mi/boroujeni/model_car/catkin_ws/odroid-devel/lib/python2.7/dist-packages/realsense_camera/srv/_cameraConfiguration.py)
Linked: (/home/mi/boroujeni/model_car/catkin_ws/odroid-devel/.private/realsense_camera/lib/python2.7/dist-packages/realsense_camera/srv/__init__.py, /home/mi/boroujeni/model_car/catkin_ws/odroid-devel/lib/python2.7/dist-packages/realsense_camera/srv/__init__.py)
Linked: (/home/mi/boroujeni/model_car/catkin_ws/odroid-devel/.private/realsense_camera/lib/realsense_camera/realsense_camera_test, /home/mi/boroujeni/model_car/catkin_ws/odroid-devel/lib/realsense_camera/realsense_camera_test)
Linked: (/home/mi/boroujeni/model_car/catkin_ws/odroid-devel/.private/realsense_camera/lib/realsense_camera/realsense_camera_test_rgbd, /home/mi/boroujeni/model_car/catkin_ws/odroid-devel/lib/realsense_camera/realsense_camera_test_rgbd)
