/usr/bin/cmake -H/home/mi/boroujeni/model_car/catkin_ws/src/camera -B/home/mi/boroujeni/model_car/catkin_ws/odroid-build/realsense_camera --check-build-system CMakeFiles/Makefile.cmake 0
[36m--[0m Using CATKIN_DEVEL_PREFIX: /home/mi/boroujeni/model_car/catkin_ws/odroid-devel/.private/realsense_camera
[36m--[0m Using CMAKE_PREFIX_PATH: /home/mi/boroujeni/model_car/catkin_ws/odroid-devel;/opt/odroid-x2/sdk/opt/ros/indigo;/opt/odroid-x2/sdk//opt/ros/indigo
[36m--[0m This workspace overlays: /home/mi/boroujeni/model_car/catkin_ws/odroid-devel;/opt/odroid-x2/sdk/opt/ros/indigo;/opt/odroid-x2/sdk//opt/ros/indigo
[36m--[0m Using PYTHON_EXECUTABLE: /usr/bin/python
[36m--[0m Using Debian Python package layout
[36m--[0m Using empy: /usr/bin/empy
[36m--[0m Using CATKIN_ENABLE_TESTING: ON
[36m--[0m Call enable_testing()
[36m--[0m Using CATKIN_TEST_RESULTS_DIR: /home/mi/boroujeni/model_car/catkin_ws/odroid-build/realsense_camera/test_results
[36m--[0m Found gtest sources under '/usr/src/gtest': gtests will be built
[36m--[0m Using Python nosetests: /usr/bin/nosetests-2.7
[36m--[0m catkin 0.6.18
[36m--[0m Using these message generators: gencpp;genlisp;genpy
[36m--[0m realsense_camera: 0 messages, 1 services
[36m--[0m Configuring done
[33m[1mCMake Warning[0m at /home/mi/boroujeni/model_car/catkin_ws/src/camera/CMakeLists.txt:50 (add_library):
  Cannot generate a safe linker search path for target
  realsense_camera_nodelet because there is a cycle in the constraint graph:

    dir 0 is [/opt/sdk/usr/lib/arm-linux-gnueabihf/mesa-egl]
    dir 1 is [/opt/sdk/usr/lib/arm-linux-gnueabihf/mesa]
    dir 2 is [/opt/odroid-x2/sdk/usr/lib/arm-linux-gnueabihf]
    dir 3 is [/usr/local/lib]
      dir 4 must precede it due to link library [librealsense.so]
    dir 4 is [/opt/odroid-x2/sdk/usr/lib]
      dir 3 must precede it due to link library [librealsense.so]

  Some of these libraries may not be found correctly.


[33m[1mCMake Warning[0m at /home/mi/boroujeni/model_car/catkin_ws/src/camera/CMakeLists.txt:50 (add_library):
  Cannot generate a safe runtime search path for target
  realsense_camera_nodelet because there is a cycle in the constraint graph:

    dir 0 is [/opt/sdk/usr/lib/arm-linux-gnueabihf/mesa-egl]
    dir 1 is [/opt/sdk/usr/lib/arm-linux-gnueabihf/mesa]
    dir 2 is [/home/mi/boroujeni/model_car/catkin_ws/odroid-devel/.private/cv_bridge/lib]
    dir 3 is [/opt/odroid-x2/sdk/opt/ros/indigo/lib]
      dir 2 must precede it due to runtime library [libcv_bridge.so]
    dir 4 is [/opt/odroid-x2/sdk/usr/lib]
      dir 6 must precede it due to runtime library [librealsense.so]
    dir 5 is [/opt/odroid-x2/sdk/usr/lib/arm-linux-gnueabihf]
    dir 6 is [/usr/local/lib]
      dir 4 must precede it due to runtime library [librealsense.so]

  Some of these libraries may not be found correctly.


[36m--[0m Generating done
[36m--[0m Build files have been written to: /home/mi/boroujeni/model_car/catkin_ws/odroid-build/realsense_camera
