Symlinking /home/mi/boroujeni/model_car/catkin_ws/odroid-devel/share/manual_control/cmake/manual_controlConfig-version.cmake
Symlinking /home/mi/boroujeni/model_car/catkin_ws/odroid-devel/share/manual_control/cmake/manual_controlConfig.cmake
Symlinking /home/mi/boroujeni/model_car/catkin_ws/odroid-devel/lib/libmanual_control.so
Symlinking /home/mi/boroujeni/model_car/catkin_ws/odroid-devel/lib/pkgconfig/manual_control.pc
Symlinking /home/mi/boroujeni/model_car/catkin_ws/odroid-devel/lib/manual_control/manual_control_node
Cleaning: (/root/catkin_ws/odroid-devel/.private/manual_control/share/manual_control/cmake/manual_controlConfig-version.cmake, /root/catkin_ws/odroid-devel/share/manual_control/cmake/manual_controlConfig-version.cmake)
Cleaning: (/root/catkin_ws/odroid-devel/.private/manual_control/share/manual_control/cmake/manual_controlConfig.cmake, /root/catkin_ws/odroid-devel/share/manual_control/cmake/manual_controlConfig.cmake)
Cleaning: (/root/catkin_ws/odroid-devel/.private/manual_control/lib/libmanual_control.so, /root/catkin_ws/odroid-devel/lib/libmanual_control.so)
Cleaning: (/root/catkin_ws/odroid-devel/.private/manual_control/lib/pkgconfig/manual_control.pc, /root/catkin_ws/odroid-devel/lib/pkgconfig/manual_control.pc)
Cleaning: (/root/catkin_ws/odroid-devel/.private/manual_control/lib/manual_control/manual_control_node, /root/catkin_ws/odroid-devel/lib/manual_control/manual_control_node)
Unlinking: /root/catkin_ws/odroid-devel/share/manual_control/cmake/manual_controlConfig-version.cmake
Already unlinked: {}
Unlinking: /root/catkin_ws/odroid-devel/share/manual_control/cmake/manual_controlConfig.cmake
Already unlinked: {}
Unlinking: /root/catkin_ws/odroid-devel/lib/libmanual_control.so
Already unlinked: {}
Unlinking: /root/catkin_ws/odroid-devel/lib/pkgconfig/manual_control.pc
Already unlinked: {}
Unlinking: /root/catkin_ws/odroid-devel/lib/manual_control/manual_control_node
Already unlinked: {}
