Determining if the pthread_create exist failed with the following output:
Change Dir: /root/catkin_ws/build/ip_mapping/CMakeFiles/CMakeTmp

Run Build Command:/usr/bin/make "cmTryCompileExec767281936/fast"
/usr/bin/make -f CMakeFiles/cmTryCompileExec767281936.dir/build.make CMakeFiles/cmTryCompileExec767281936.dir/build
make[1]: Entering directory `/root/catkin_ws/build/ip_mapping/CMakeFiles/CMakeTmp'
/usr/bin/cmake -E cmake_progress_report /root/catkin_ws/build/ip_mapping/CMakeFiles/CMakeTmp/CMakeFiles 1
Building C object CMakeFiles/cmTryCompileExec767281936.dir/CheckSymbolExists.c.o
/usr/bin/cc    -o CMakeFiles/cmTryCompileExec767281936.dir/CheckSymbolExists.c.o   -c /root/catkin_ws/build/ip_mapping/CMakeFiles/CMakeTmp/CheckSymbolExists.c
Linking C executable cmTryCompileExec767281936
/usr/bin/cmake -E cmake_link_script CMakeFiles/cmTryCompileExec767281936.dir/link.txt --verbose=1
/usr/bin/cc        CMakeFiles/cmTryCompileExec767281936.dir/CheckSymbolExists.c.o  -o cmTryCompileExec767281936 -rdynamic 
CMakeFiles/cmTryCompileExec767281936.dir/CheckSymbolExists.c.o: In function `main':
CheckSymbolExists.c:(.text+0xe): undefined reference to `pthread_create'
CheckSymbolExists.c:(.text+0x12): undefined reference to `pthread_create'
collect2: error: ld returned 1 exit status
make[1]: *** [cmTryCompileExec767281936] Error 1
make[1]: Leaving directory `/root/catkin_ws/build/ip_mapping/CMakeFiles/CMakeTmp'
make: *** [cmTryCompileExec767281936/fast] Error 2

File /root/catkin_ws/build/ip_mapping/CMakeFiles/CMakeTmp/CheckSymbolExists.c:
/* */
#include <pthread.h>

int main(int argc, char** argv)
{
  (void)argv;
#ifndef pthread_create
  return ((int*)(&pthread_create))[argc];
#else
  (void)argc;
  return 0;
#endif
}

Determining if the function pthread_create exists in the pthreads failed with the following output:
Change Dir: /root/catkin_ws/build/ip_mapping/CMakeFiles/CMakeTmp

Run Build Command:/usr/bin/make "cmTryCompileExec2548424407/fast"
/usr/bin/make -f CMakeFiles/cmTryCompileExec2548424407.dir/build.make CMakeFiles/cmTryCompileExec2548424407.dir/build
make[1]: Entering directory `/root/catkin_ws/build/ip_mapping/CMakeFiles/CMakeTmp'
/usr/bin/cmake -E cmake_progress_report /root/catkin_ws/build/ip_mapping/CMakeFiles/CMakeTmp/CMakeFiles 1
Building C object CMakeFiles/cmTryCompileExec2548424407.dir/CheckFunctionExists.c.o
/usr/bin/cc   -DCHECK_FUNCTION_EXISTS=pthread_create   -o CMakeFiles/cmTryCompileExec2548424407.dir/CheckFunctionExists.c.o   -c /usr/share/cmake-2.8/Modules/CheckFunctionExists.c
Linking C executable cmTryCompileExec2548424407
/usr/bin/cmake -E cmake_link_script CMakeFiles/cmTryCompileExec2548424407.dir/link.txt --verbose=1
/usr/bin/cc    -DCHECK_FUNCTION_EXISTS=pthread_create    CMakeFiles/cmTryCompileExec2548424407.dir/CheckFunctionExists.c.o  -o cmTryCompileExec2548424407 -rdynamic -lpthreads 
/usr/bin/ld: cannot find -lpthreads
collect2: error: ld returned 1 exit status
make[1]: *** [cmTryCompileExec2548424407] Error 1
make[1]: Leaving directory `/root/catkin_ws/build/ip_mapping/CMakeFiles/CMakeTmp'
make: *** [cmTryCompileExec2548424407/fast] Error 2


