Symlinking /home/mi/boroujeni/model_car/catkin_ws/odroid-devel/share/rplidar_ros/cmake/rplidar_rosConfig-version.cmake
Symlinking /home/mi/boroujeni/model_car/catkin_ws/odroid-devel/share/rplidar_ros/cmake/rplidar_rosConfig.cmake
Symlinking /home/mi/boroujeni/model_car/catkin_ws/odroid-devel/lib/pkgconfig/rplidar_ros.pc
Symlinking /home/mi/boroujeni/model_car/catkin_ws/odroid-devel/lib/rplidar_ros/rplidarNodeClient
Symlinking /home/mi/boroujeni/model_car/catkin_ws/odroid-devel/lib/rplidar_ros/rplidarNode
Cleaning: (/root/catkin_ws/odroid-devel/.private/rplidar_ros/share/rplidar_ros/cmake/rplidar_rosConfig-version.cmake, /root/catkin_ws/odroid-devel/share/rplidar_ros/cmake/rplidar_rosConfig-version.cmake)
Cleaning: (/root/catkin_ws/odroid-devel/.private/rplidar_ros/share/rplidar_ros/cmake/rplidar_rosConfig.cmake, /root/catkin_ws/odroid-devel/share/rplidar_ros/cmake/rplidar_rosConfig.cmake)
Cleaning: (/root/catkin_ws/odroid-devel/.private/rplidar_ros/lib/pkgconfig/rplidar_ros.pc, /root/catkin_ws/odroid-devel/lib/pkgconfig/rplidar_ros.pc)
Cleaning: (/root/catkin_ws/odroid-devel/.private/rplidar_ros/lib/rplidar_ros/rplidarNodeClient, /root/catkin_ws/odroid-devel/lib/rplidar_ros/rplidarNodeClient)
Cleaning: (/root/catkin_ws/odroid-devel/.private/rplidar_ros/lib/rplidar_ros/rplidarNode, /root/catkin_ws/odroid-devel/lib/rplidar_ros/rplidarNode)
Unlinking: /root/catkin_ws/odroid-devel/share/rplidar_ros/cmake/rplidar_rosConfig-version.cmake
Already unlinked: {}
Unlinking: /root/catkin_ws/odroid-devel/share/rplidar_ros/cmake/rplidar_rosConfig.cmake
Already unlinked: {}
Unlinking: /root/catkin_ws/odroid-devel/lib/pkgconfig/rplidar_ros.pc
Already unlinked: {}
Unlinking: /root/catkin_ws/odroid-devel/lib/rplidar_ros/rplidarNodeClient
Already unlinked: {}
Unlinking: /root/catkin_ws/odroid-devel/lib/rplidar_ros/rplidarNode
Already unlinked: {}
