-- Using CATKIN_DEVEL_PREFIX: /root/catkin_ws/devel/.private/rplidar_ros
-- Using CMAKE_PREFIX_PATH: /root/catkin_ws/devel;/root/catkin_ws_user/odroid-devel;/opt/ros/indigo;//opt/ros/indigo
-- This workspace overlays: /root/catkin_ws/devel;/root/catkin_ws_user/odroid-devel;/opt/ros/indigo;//opt/ros/indigo
-- Using PYTHON_EXECUTABLE: /usr/bin/python
-- Using Debian Python package layout
-- Using empy: /usr/bin/empy
-- Using CATKIN_ENABLE_TESTING: ON
-- Call enable_testing()
-- Using CATKIN_TEST_RESULTS_DIR: /root/catkin_ws/build/rplidar_ros/test_results
-- Found gtest sources under '/usr/src/gtest': gtests will be built
-- Using Python nosetests: /usr/bin/nosetests-2.7
-- catkin 0.6.18
-- Configuring done
-- Generating done
-- Build files have been written to: /root/catkin_ws/build/rplidar_ros
[35m[1mScanning dependencies of target rplidarNode
[0m[ 16%] [32mBuilding CXX object CMakeFiles/rplidarNode.dir/src/node.cpp.o
[0m[ 33%] [32mBuilding CXX object CMakeFiles/rplidarNode.dir/sdk/src/arch/linux/timer.cpp.o
[0m[ 50%] [32mBuilding CXX object CMakeFiles/rplidarNode.dir/sdk/src/arch/linux/net_serial.cpp.o
[0m[ 66%] [32mBuilding CXX object CMakeFiles/rplidarNode.dir/sdk/src/hal/thread.cpp.o
In file included from /root/catkin_ws/src/rplidar_ros/sdk/src/arch/linux/net_serial.cpp:38:0:
/root/catkin_ws/src/rplidar_ros/./sdk/src/arch/linux/net_serial.h:53:82: warning: converting to non-pointer type 'uint32_t {aka unsigned int}' from NULL [-Wconversion-null]
     virtual bool bind(const char * portname, uint32_t baudrate, uint32_t flags = NULL);
                                                                                  ^
/root/catkin_ws/src/rplidar_ros/./sdk/src/arch/linux/net_serial.h:73:74: warning: converting to non-pointer type 'uint32_t {aka unsigned int}' from NULL [-Wconversion-null]
     bool open(const char * portname, uint32_t baudrate, uint32_t flags = NULL);
                                                                          ^
[0m[35m[1mScanning dependencies of target rplidarNodeClient
make[2]: Warning: File `/opt/ros/indigo/lib/libroscpp.so' has modification time 1e+08 s in the future
[0m[ 83%] [32mBuilding CXX object CMakeFiles/rplidarNodeClient.dir/src/client.cpp.o
make[2]: Warning: File `/opt/ros/indigo/lib/libroscpp.so' has modification time 1e+08 s in the future
[0m[100%] [32mBuilding CXX object CMakeFiles/rplidarNode.dir/sdk/src/rplidar_driver.cpp.o
[0m[31m[1mLinking CXX executable /root/catkin_ws/devel/.private/rplidar_ros/lib/rplidar_ros/rplidarNode
make[2]: warning:  Clock skew detected.  Your build may be incomplete.
[0m[100%] Built target rplidarNode
[31m[1mLinking CXX executable /root/catkin_ws/devel/.private/rplidar_ros/lib/rplidar_ros/rplidarNodeClient
make[2]: warning:  Clock skew detected.  Your build may be incomplete.
[0m[100%] Built target rplidarNodeClient
