[  0%] [  0%] [  0%] Built target std_msgs_generate_messages_py
Built target std_msgs_generate_messages_lisp
Built target geometry_msgs_generate_messages_py
[ 12%] [ 12%] Built target geometry_msgs_generate_messages_lisp
[ 25%] [32mBuilding CXX object CMakeFiles/kalman_2d.dir/src/kalman_2d.cpp.o
[0m[32mBuilding CXX object CMakeFiles/kalman_3d.dir/src/kalman_3d.cpp.o
[0m[ 25%] Built target geometry_msgs_generate_messages_cpp
[ 25%] Built target std_msgs_generate_messages_cpp
[ 25%] Built target _fake_gps_generate_messages_check_deps_Transform
[ 50%] [ 62%] Built target fake_gps_generate_messages_py
Built target fake_gps_generate_messages_lisp
[ 75%] Built target fake_gps_generate_messages_cpp
[ 75%] Built target fake_gps_generate_messages
[31m[1mLinking CXX shared library /home/mi/boroujeni/model_car/catkin_ws/odroid-devel/.private/fake_gps/lib/libkalman_2d.so
[0m[31m[1mLinking CXX shared library /home/mi/boroujeni/model_car/catkin_ws/odroid-devel/.private/fake_gps/lib/libkalman_3d.so
[0m[ 75%] Built target kalman_2d
[35m[1mScanning dependencies of target fake_gps_2d_node
[ 75%] Built target kalman_3d
[35m[1mScanning dependencies of target fake_gps_3d_node
[0m[ 87%] [32mBuilding CXX object CMakeFiles/fake_gps_2d_node.dir/src/fake_gps_2d_node.cpp.o
[0m[0m[100%] [32mBuilding CXX object CMakeFiles/fake_gps_3d_node.dir/src/fake_gps_3d_node.cpp.o
[0m[31m[1mLinking CXX executable /home/mi/boroujeni/model_car/catkin_ws/odroid-devel/.private/fake_gps/lib/fake_gps/fake_gps_2d_node
[0m[100%] Built target fake_gps_2d_node
[31m[1mLinking CXX executable /home/mi/boroujeni/model_car/catkin_ws/odroid-devel/.private/fake_gps/lib/fake_gps/fake_gps_3d_node
[0m[100%] Built target fake_gps_3d_node
