[  0%] Built target std_msgs_generate_messages_lisp
[  0%] Built target nav_msgs_generate_messages_lisp
[  0%] Built target nav_msgs_generate_messages_py
[  0%] Built target actionlib_msgs_generate_messages_py
[  0%] Built target nav_msgs_generate_messages_cpp
[  0%] Built target actionlib_msgs_generate_messages_cpp
[  0%] Built target geometry_msgs_generate_messages_cpp
[  0%] Built target geometry_msgs_generate_messages_lisp
[  0%] Built target geometry_msgs_generate_messages_py
[  0%] Built target std_msgs_generate_messages_py
[  0%] Built target actionlib_msgs_generate_messages_lisp
[  0%] Built target std_msgs_generate_messages_cpp
[100%] Built target odometry_publisher
[36mInstall the project...
[0m-- Install configuration: ""
-- Installing: /home/ros/model_car/catkin_ws/install/_setup_util.py
-- Installing: /home/ros/model_car/catkin_ws/install/env.sh
-- Installing: /home/ros/model_car/catkin_ws/install/setup.bash
-- Installing: /home/ros/model_car/catkin_ws/install/setup.sh
-- Installing: /home/ros/model_car/catkin_ws/install/setup.zsh
-- Installing: /home/ros/model_car/catkin_ws/install/.rosinstall
-- Installing: /home/ros/model_car/catkin_ws/install/lib/pkgconfig/odometry.pc
-- Installing: /home/ros/model_car/catkin_ws/install/share/odometry/cmake/odometryConfig.cmake
-- Installing: /home/ros/model_car/catkin_ws/install/share/odometry/cmake/odometryConfig-version.cmake
-- Installing: /home/ros/model_car/catkin_ws/install/share/odometry/package.xml
-- Installing: /home/ros/model_car/catkin_ws/install/lib/odometry/odometry_publisher
-- Removed runtime path from "/home/ros/model_car/catkin_ws/install/lib/odometry/odometry_publisher"
-- Installing: /home/ros/model_car/catkin_ws/install/share/odometry/launch
-- Installing: /home/ros/model_car/catkin_ws/install/share/odometry/launch/odometry.launch
