Symlinking /home/mi/boroujeni/model_car/catkin_ws/odroid-devel/share/common-lisp/ros/cmvision/msg/Blob.lisp
Symlinking /home/mi/boroujeni/model_car/catkin_ws/odroid-devel/share/common-lisp/ros/cmvision/msg/cmvision-msg.asd
Symlinking /home/mi/boroujeni/model_car/catkin_ws/odroid-devel/share/common-lisp/ros/cmvision/msg/_package_Blobs.lisp
Symlinking /home/mi/boroujeni/model_car/catkin_ws/odroid-devel/share/common-lisp/ros/cmvision/msg/_package.lisp
Symlinking /home/mi/boroujeni/model_car/catkin_ws/odroid-devel/share/common-lisp/ros/cmvision/msg/Blobs.lisp
Symlinking /home/mi/boroujeni/model_car/catkin_ws/odroid-devel/share/common-lisp/ros/cmvision/msg/_package_Blob.lisp
Symlinking /home/mi/boroujeni/model_car/catkin_ws/odroid-devel/share/cmvision/cmake/cmvisionConfig-version.cmake
Symlinking /home/mi/boroujeni/model_car/catkin_ws/odroid-devel/share/cmvision/cmake/cmvision-msg-paths.cmake
Symlinking /home/mi/boroujeni/model_car/catkin_ws/odroid-devel/share/cmvision/cmake/cmvisionConfig.cmake
Symlinking /home/mi/boroujeni/model_car/catkin_ws/odroid-devel/share/cmvision/cmake/cmvision-msg-extras.cmake
Symlinking /home/mi/boroujeni/model_car/catkin_ws/odroid-devel/include/cmvision/Blob.h
Symlinking /home/mi/boroujeni/model_car/catkin_ws/odroid-devel/include/cmvision/Blobs.h
Symlinking /home/mi/boroujeni/model_car/catkin_ws/odroid-devel/lib/pkgconfig/cmvision.pc
Symlinking /home/mi/boroujeni/model_car/catkin_ws/odroid-devel/lib/python2.7/dist-packages/cmvision/__init__.py
Symlinking /home/mi/boroujeni/model_car/catkin_ws/odroid-devel/lib/python2.7/dist-packages/cmvision/msg/_Blobs.py
Symlinking /home/mi/boroujeni/model_car/catkin_ws/odroid-devel/lib/python2.7/dist-packages/cmvision/msg/_Blob.py
Symlinking /home/mi/boroujeni/model_car/catkin_ws/odroid-devel/lib/python2.7/dist-packages/cmvision/msg/__init__.py
Symlinking /home/mi/boroujeni/model_car/catkin_ws/odroid-devel/lib/cmvision/cmvision
Cleaning: (/root/catkin_ws/odroid-devel/.private/cmvision/share/common-lisp/ros/cmvision/msg/Blob.lisp, /root/catkin_ws/odroid-devel/share/common-lisp/ros/cmvision/msg/Blob.lisp)
Cleaning: (/root/catkin_ws/odroid-devel/.private/cmvision/share/common-lisp/ros/cmvision/msg/cmvision-msg.asd, /root/catkin_ws/odroid-devel/share/common-lisp/ros/cmvision/msg/cmvision-msg.asd)
Cleaning: (/root/catkin_ws/odroid-devel/.private/cmvision/share/common-lisp/ros/cmvision/msg/_package_Blobs.lisp, /root/catkin_ws/odroid-devel/share/common-lisp/ros/cmvision/msg/_package_Blobs.lisp)
Cleaning: (/root/catkin_ws/odroid-devel/.private/cmvision/share/common-lisp/ros/cmvision/msg/_package.lisp, /root/catkin_ws/odroid-devel/share/common-lisp/ros/cmvision/msg/_package.lisp)
Cleaning: (/root/catkin_ws/odroid-devel/.private/cmvision/share/common-lisp/ros/cmvision/msg/Blobs.lisp, /root/catkin_ws/odroid-devel/share/common-lisp/ros/cmvision/msg/Blobs.lisp)
Cleaning: (/root/catkin_ws/odroid-devel/.private/cmvision/share/common-lisp/ros/cmvision/msg/_package_Blob.lisp, /root/catkin_ws/odroid-devel/share/common-lisp/ros/cmvision/msg/_package_Blob.lisp)
Cleaning: (/root/catkin_ws/odroid-devel/.private/cmvision/share/cmvision/cmake/cmvisionConfig-version.cmake, /root/catkin_ws/odroid-devel/share/cmvision/cmake/cmvisionConfig-version.cmake)
Cleaning: (/root/catkin_ws/odroid-devel/.private/cmvision/share/cmvision/cmake/cmvision-msg-paths.cmake, /root/catkin_ws/odroid-devel/share/cmvision/cmake/cmvision-msg-paths.cmake)
Cleaning: (/root/catkin_ws/odroid-devel/.private/cmvision/share/cmvision/cmake/cmvisionConfig.cmake, /root/catkin_ws/odroid-devel/share/cmvision/cmake/cmvisionConfig.cmake)
Cleaning: (/root/catkin_ws/odroid-devel/.private/cmvision/share/cmvision/cmake/cmvision-msg-extras.cmake, /root/catkin_ws/odroid-devel/share/cmvision/cmake/cmvision-msg-extras.cmake)
Cleaning: (/root/catkin_ws/odroid-devel/.private/cmvision/include/cmvision/Blob.h, /root/catkin_ws/odroid-devel/include/cmvision/Blob.h)
Cleaning: (/root/catkin_ws/odroid-devel/.private/cmvision/include/cmvision/Blobs.h, /root/catkin_ws/odroid-devel/include/cmvision/Blobs.h)
Cleaning: (/root/catkin_ws/odroid-devel/.private/cmvision/lib/pkgconfig/cmvision.pc, /root/catkin_ws/odroid-devel/lib/pkgconfig/cmvision.pc)
Cleaning: (/root/catkin_ws/odroid-devel/.private/cmvision/lib/python2.7/dist-packages/cmvision/__init__.py, /root/catkin_ws/odroid-devel/lib/python2.7/dist-packages/cmvision/__init__.py)
Cleaning: (/root/catkin_ws/odroid-devel/.private/cmvision/lib/python2.7/dist-packages/cmvision/msg/_Blobs.py, /root/catkin_ws/odroid-devel/lib/python2.7/dist-packages/cmvision/msg/_Blobs.py)
Cleaning: (/root/catkin_ws/odroid-devel/.private/cmvision/lib/python2.7/dist-packages/cmvision/msg/_Blob.py, /root/catkin_ws/odroid-devel/lib/python2.7/dist-packages/cmvision/msg/_Blob.py)
Cleaning: (/root/catkin_ws/odroid-devel/.private/cmvision/lib/python2.7/dist-packages/cmvision/msg/__init__.py, /root/catkin_ws/odroid-devel/lib/python2.7/dist-packages/cmvision/msg/__init__.py)
Cleaning: (/root/catkin_ws/odroid-devel/.private/cmvision/lib/cmvision/cmvision, /root/catkin_ws/odroid-devel/lib/cmvision/cmvision)
Unlinking: /root/catkin_ws/odroid-devel/share/common-lisp/ros/cmvision/msg/Blob.lisp
Already unlinked: {}
Unlinking: /root/catkin_ws/odroid-devel/share/common-lisp/ros/cmvision/msg/cmvision-msg.asd
Already unlinked: {}
Unlinking: /root/catkin_ws/odroid-devel/share/common-lisp/ros/cmvision/msg/_package_Blobs.lisp
Already unlinked: {}
Unlinking: /root/catkin_ws/odroid-devel/share/common-lisp/ros/cmvision/msg/_package.lisp
Already unlinked: {}
Unlinking: /root/catkin_ws/odroid-devel/share/common-lisp/ros/cmvision/msg/Blobs.lisp
Already unlinked: {}
Unlinking: /root/catkin_ws/odroid-devel/share/common-lisp/ros/cmvision/msg/_package_Blob.lisp
Already unlinked: {}
Unlinking: /root/catkin_ws/odroid-devel/share/cmvision/cmake/cmvisionConfig-version.cmake
Already unlinked: {}
Unlinking: /root/catkin_ws/odroid-devel/share/cmvision/cmake/cmvision-msg-paths.cmake
Already unlinked: {}
Unlinking: /root/catkin_ws/odroid-devel/share/cmvision/cmake/cmvisionConfig.cmake
Already unlinked: {}
Unlinking: /root/catkin_ws/odroid-devel/share/cmvision/cmake/cmvision-msg-extras.cmake
Already unlinked: {}
Unlinking: /root/catkin_ws/odroid-devel/include/cmvision/Blob.h
Already unlinked: {}
Unlinking: /root/catkin_ws/odroid-devel/include/cmvision/Blobs.h
Already unlinked: {}
Unlinking: /root/catkin_ws/odroid-devel/lib/pkgconfig/cmvision.pc
Already unlinked: {}
Unlinking: /root/catkin_ws/odroid-devel/lib/python2.7/dist-packages/cmvision/__init__.py
Already unlinked: {}
Unlinking: /root/catkin_ws/odroid-devel/lib/python2.7/dist-packages/cmvision/msg/_Blobs.py
Already unlinked: {}
Unlinking: /root/catkin_ws/odroid-devel/lib/python2.7/dist-packages/cmvision/msg/_Blob.py
Already unlinked: {}
Unlinking: /root/catkin_ws/odroid-devel/lib/python2.7/dist-packages/cmvision/msg/__init__.py
Already unlinked: {}
Unlinking: /root/catkin_ws/odroid-devel/lib/cmvision/cmvision
Already unlinked: {}
