Determining if the pthread_create exist failed with the following output:
Change Dir: /root/catkin_ws/odroid-build/fake_gps/CMakeFiles/CMakeTmp

Run Build Command:/usr/bin/make "cmTryCompileExec3797420592/fast"
/usr/bin/make -f CMakeFiles/cmTryCompileExec3797420592.dir/build.make CMakeFiles/cmTryCompileExec3797420592.dir/build
make[1]: Entering directory `/root/catkin_ws/odroid-build/fake_gps/CMakeFiles/CMakeTmp'
/usr/bin/cmake -E cmake_progress_report /root/catkin_ws/odroid-build/fake_gps/CMakeFiles/CMakeTmp/CMakeFiles 1
Building C object CMakeFiles/cmTryCompileExec3797420592.dir/CheckSymbolExists.c.o
/opt/odroid-x2/compiler/bin/arm-linux-gnueabihf-gcc    -o CMakeFiles/cmTryCompileExec3797420592.dir/CheckSymbolExists.c.o   -c /root/catkin_ws/odroid-build/fake_gps/CMakeFiles/CMakeTmp/CheckSymbolExists.c
Linking C executable cmTryCompileExec3797420592
/usr/bin/cmake -E cmake_link_script CMakeFiles/cmTryCompileExec3797420592.dir/link.txt --verbose=1
/opt/odroid-x2/compiler/bin/arm-linux-gnueabihf-gcc       CMakeFiles/cmTryCompileExec3797420592.dir/CheckSymbolExists.c.o  -o cmTryCompileExec3797420592 -rdynamic 
CMakeFiles/cmTryCompileExec3797420592.dir/CheckSymbolExists.c.o: In function `main':
CheckSymbolExists.c:(.text+0xe): undefined reference to `pthread_create'
CheckSymbolExists.c:(.text+0x12): undefined reference to `pthread_create'
collect2: error: ld returned 1 exit status
make[1]: Leaving directory `/root/catkin_ws/odroid-build/fake_gps/CMakeFiles/CMakeTmp'
make[1]: *** [cmTryCompileExec3797420592] Error 1
make: *** [cmTryCompileExec3797420592/fast] Error 2

File /root/catkin_ws/odroid-build/fake_gps/CMakeFiles/CMakeTmp/CheckSymbolExists.c:
/* */
#include <pthread.h>

int main(int argc, char** argv)
{
  (void)argv;
#ifndef pthread_create
  return ((int*)(&pthread_create))[argc];
#else
  (void)argc;
  return 0;
#endif
}

Determining if the function pthread_create exists in the pthreads failed with the following output:
Change Dir: /root/catkin_ws/odroid-build/fake_gps/CMakeFiles/CMakeTmp

Run Build Command:/usr/bin/make "cmTryCompileExec2568637407/fast"
/usr/bin/make -f CMakeFiles/cmTryCompileExec2568637407.dir/build.make CMakeFiles/cmTryCompileExec2568637407.dir/build
make[1]: Entering directory `/root/catkin_ws/odroid-build/fake_gps/CMakeFiles/CMakeTmp'
/usr/bin/cmake -E cmake_progress_report /root/catkin_ws/odroid-build/fake_gps/CMakeFiles/CMakeTmp/CMakeFiles 1
Building C object CMakeFiles/cmTryCompileExec2568637407.dir/CheckFunctionExists.c.o
/opt/odroid-x2/compiler/bin/arm-linux-gnueabihf-gcc   -DCHECK_FUNCTION_EXISTS=pthread_create   -o CMakeFiles/cmTryCompileExec2568637407.dir/CheckFunctionExists.c.o   -c /usr/share/cmake-2.8/Modules/CheckFunctionExists.c
Linking C executable cmTryCompileExec2568637407
/usr/bin/cmake -E cmake_link_script CMakeFiles/cmTryCompileExec2568637407.dir/link.txt --verbose=1
/opt/odroid-x2/compiler/bin/arm-linux-gnueabihf-gcc   -DCHECK_FUNCTION_EXISTS=pthread_create    CMakeFiles/cmTryCompileExec2568637407.dir/CheckFunctionExists.c.o  -o cmTryCompileExec2568637407 -rdynamic -lpthreads 
/opt/odroid-x2/compiler/bin/../lib/gcc/arm-linux-gnueabihf/4.8.3/../../../../arm-linux-gnueabihf/bin/ld: cannot find -lpthreads
collect2: error: ld returned 1 exit status
make[1]: Leaving directory `/root/catkin_ws/odroid-build/fake_gps/CMakeFiles/CMakeTmp'
make[1]: *** [cmTryCompileExec2568637407] Error 1
make: *** [cmTryCompileExec2568637407/fast] Error 2


