Determining if the pthread_create exist failed with the following output:
Change Dir: /home/ros/model_car/catkin_ws/odroid-build/manual_control/CMakeFiles/CMakeTmp

Run Build Command:/usr/bin/make "cmTryCompileExec2713956957/fast"
/usr/bin/make -f CMakeFiles/cmTryCompileExec2713956957.dir/build.make CMakeFiles/cmTryCompileExec2713956957.dir/build
make[1]: Entering directory `/home/ros/model_car/catkin_ws/odroid-build/manual_control/CMakeFiles/CMakeTmp'
/usr/bin/cmake -E cmake_progress_report /home/ros/model_car/catkin_ws/odroid-build/manual_control/CMakeFiles/CMakeTmp/CMakeFiles 1
Building C object CMakeFiles/cmTryCompileExec2713956957.dir/CheckSymbolExists.c.o
/opt/odroid-x2/compiler/bin/arm-linux-gnueabihf-gcc    -o CMakeFiles/cmTryCompileExec2713956957.dir/CheckSymbolExists.c.o   -c /home/ros/model_car/catkin_ws/odroid-build/manual_control/CMakeFiles/CMakeTmp/CheckSymbolExists.c
Linking C executable cmTryCompileExec2713956957
/usr/bin/cmake -E cmake_link_script CMakeFiles/cmTryCompileExec2713956957.dir/link.txt --verbose=1
/opt/odroid-x2/compiler/bin/arm-linux-gnueabihf-gcc       CMakeFiles/cmTryCompileExec2713956957.dir/CheckSymbolExists.c.o  -o cmTryCompileExec2713956957 -rdynamic 
CMakeFiles/cmTryCompileExec2713956957.dir/CheckSymbolExists.c.o: In function `main':
CheckSymbolExists.c:(.text+0xe): undefined reference to `pthread_create'
CheckSymbolExists.c:(.text+0x12): undefined reference to `pthread_create'
collect2: error: ld returned 1 exit status
make[1]: *** [cmTryCompileExec2713956957] Error 1
make[1]: Leaving directory `/home/ros/model_car/catkin_ws/odroid-build/manual_control/CMakeFiles/CMakeTmp'
make: *** [cmTryCompileExec2713956957/fast] Error 2

File /home/ros/model_car/catkin_ws/odroid-build/manual_control/CMakeFiles/CMakeTmp/CheckSymbolExists.c:
/* */
#include <pthread.h>

int main(int argc, char** argv)
{
  (void)argv;
#ifndef pthread_create
  return ((int*)(&pthread_create))[argc];
#else
  (void)argc;
  return 0;
#endif
}

Determining if the function pthread_create exists in the pthreads failed with the following output:
Change Dir: /home/ros/model_car/catkin_ws/odroid-build/manual_control/CMakeFiles/CMakeTmp

Run Build Command:/usr/bin/make "cmTryCompileExec164895215/fast"
/usr/bin/make -f CMakeFiles/cmTryCompileExec164895215.dir/build.make CMakeFiles/cmTryCompileExec164895215.dir/build
make[1]: Entering directory `/home/ros/model_car/catkin_ws/odroid-build/manual_control/CMakeFiles/CMakeTmp'
/usr/bin/cmake -E cmake_progress_report /home/ros/model_car/catkin_ws/odroid-build/manual_control/CMakeFiles/CMakeTmp/CMakeFiles 1
Building C object CMakeFiles/cmTryCompileExec164895215.dir/CheckFunctionExists.c.o
/opt/odroid-x2/compiler/bin/arm-linux-gnueabihf-gcc   -DCHECK_FUNCTION_EXISTS=pthread_create   -o CMakeFiles/cmTryCompileExec164895215.dir/CheckFunctionExists.c.o   -c /usr/share/cmake-2.8/Modules/CheckFunctionExists.c
Linking C executable cmTryCompileExec164895215
/usr/bin/cmake -E cmake_link_script CMakeFiles/cmTryCompileExec164895215.dir/link.txt --verbose=1
/opt/odroid-x2/compiler/bin/arm-linux-gnueabihf-gcc   -DCHECK_FUNCTION_EXISTS=pthread_create    CMakeFiles/cmTryCompileExec164895215.dir/CheckFunctionExists.c.o  -o cmTryCompileExec164895215 -rdynamic -lpthreads 
/opt/odroid-x2/compiler/bin/../lib/gcc/arm-linux-gnueabihf/4.7.2/../../../../arm-linux-gnueabihf/bin/ld: cannot find -lpthreads
collect2: error: ld returned 1 exit status
make[1]: *** [cmTryCompileExec164895215] Error 1
make[1]: Leaving directory `/home/ros/model_car/catkin_ws/odroid-build/manual_control/CMakeFiles/CMakeTmp'
make: *** [cmTryCompileExec164895215/fast] Error 2


