Determining if the pthread_create exist failed with the following output:
Change Dir: /home/mi/boroujeni/model_car/catkin_ws/odroid-build/realsense_camera/CMakeFiles/CMakeTmp

Run Build Command:/usr/bin/make "cmTryCompileExec4137661581/fast"
/usr/bin/make -f CMakeFiles/cmTryCompileExec4137661581.dir/build.make CMakeFiles/cmTryCompileExec4137661581.dir/build
make[1]: Entering directory `/home/mi/boroujeni/model_car/catkin_ws/odroid-build/realsense_camera/CMakeFiles/CMakeTmp'
/usr/bin/cmake -E cmake_progress_report /home/mi/boroujeni/model_car/catkin_ws/odroid-build/realsense_camera/CMakeFiles/CMakeTmp/CMakeFiles 1
Building C object CMakeFiles/cmTryCompileExec4137661581.dir/CheckSymbolExists.c.o
/opt/odroid-x2/compiler/bin/arm-linux-gnueabihf-gcc    -o CMakeFiles/cmTryCompileExec4137661581.dir/CheckSymbolExists.c.o   -c /home/mi/boroujeni/model_car/catkin_ws/odroid-build/realsense_camera/CMakeFiles/CMakeTmp/CheckSymbolExists.c
Linking C executable cmTryCompileExec4137661581
/usr/bin/cmake -E cmake_link_script CMakeFiles/cmTryCompileExec4137661581.dir/link.txt --verbose=1
/opt/odroid-x2/compiler/bin/arm-linux-gnueabihf-gcc       CMakeFiles/cmTryCompileExec4137661581.dir/CheckSymbolExists.c.o  -o cmTryCompileExec4137661581 -rdynamic 
CMakeFiles/cmTryCompileExec4137661581.dir/CheckSymbolExists.c.o: In function `main':
CheckSymbolExists.c:(.text+0xe): undefined reference to `pthread_create'
CheckSymbolExists.c:(.text+0x12): undefined reference to `pthread_create'
collect2: error: ld returned 1 exit status
make[1]: *** [cmTryCompileExec4137661581] Error 1
make[1]: Leaving directory `/home/mi/boroujeni/model_car/catkin_ws/odroid-build/realsense_camera/CMakeFiles/CMakeTmp'
make: *** [cmTryCompileExec4137661581/fast] Error 2

File /home/mi/boroujeni/model_car/catkin_ws/odroid-build/realsense_camera/CMakeFiles/CMakeTmp/CheckSymbolExists.c:
/* */
#include <pthread.h>

int main(int argc, char** argv)
{
  (void)argv;
#ifndef pthread_create
  return ((int*)(&pthread_create))[argc];
#else
  (void)argc;
  return 0;
#endif
}

Determining if the function pthread_create exists in the pthreads failed with the following output:
Change Dir: /home/mi/boroujeni/model_car/catkin_ws/odroid-build/realsense_camera/CMakeFiles/CMakeTmp

Run Build Command:/usr/bin/make "cmTryCompileExec16956352/fast"
/usr/bin/make -f CMakeFiles/cmTryCompileExec16956352.dir/build.make CMakeFiles/cmTryCompileExec16956352.dir/build
make[1]: Entering directory `/home/mi/boroujeni/model_car/catkin_ws/odroid-build/realsense_camera/CMakeFiles/CMakeTmp'
/usr/bin/cmake -E cmake_progress_report /home/mi/boroujeni/model_car/catkin_ws/odroid-build/realsense_camera/CMakeFiles/CMakeTmp/CMakeFiles 1
Building C object CMakeFiles/cmTryCompileExec16956352.dir/CheckFunctionExists.c.o
/opt/odroid-x2/compiler/bin/arm-linux-gnueabihf-gcc   -DCHECK_FUNCTION_EXISTS=pthread_create   -o CMakeFiles/cmTryCompileExec16956352.dir/CheckFunctionExists.c.o   -c /usr/share/cmake-2.8/Modules/CheckFunctionExists.c
Linking C executable cmTryCompileExec16956352
/usr/bin/cmake -E cmake_link_script CMakeFiles/cmTryCompileExec16956352.dir/link.txt --verbose=1
/opt/odroid-x2/compiler/bin/arm-linux-gnueabihf-gcc   -DCHECK_FUNCTION_EXISTS=pthread_create    CMakeFiles/cmTryCompileExec16956352.dir/CheckFunctionExists.c.o  -o cmTryCompileExec16956352 -rdynamic -lpthreads 
/opt/odroid-x2/compiler/bin/../lib/gcc/arm-linux-gnueabihf/4.7.2/../../../../arm-linux-gnueabihf/bin/ld: cannot find -lpthreads
collect2: error: ld returned 1 exit status
make[1]: *** [cmTryCompileExec16956352] Error 1
make[1]: Leaving directory `/home/mi/boroujeni/model_car/catkin_ws/odroid-build/realsense_camera/CMakeFiles/CMakeTmp'
make: *** [cmTryCompileExec16956352/fast] Error 2


