[35m[1mScanning dependencies of target LaneDetector
[0m[ 22%] [ 22%] [ 33%] [ 44%] [32mBuilding CXX object CMakeFiles/LaneDetector.dir/src/LaneDetector.cpp.o
[0m[ 55%] [32mBuilding CXX object CMakeFiles/LaneDetector.dir/src/StrongClassifier.cpp.o
[0m[32mBuilding CXX object CMakeFiles/LaneDetector.dir/src/WeakClassifier.cpp.o
[0m[32mBuilding CXX object CMakeFiles/LaneDetector.dir/src/ContourModel.cpp.o
[32mBuilding CXX object CMakeFiles/LaneDetector.dir/src/Feature.cpp.o
In file included from /opt/odroid-x2/sdk/usr/include/opencv2/core/types_c.h:56:0,
                 from /opt/odroid-x2/sdk/usr/include/opencv2/core/core.hpp:49,
                 from /home/mi/boroujeni/model_car/catkin_ws/src/line_detection/src/Feature.h:29,
                 from /home/mi/boroujeni/model_car/catkin_ws/src/line_detection/src/WeakClassifier.h:28,
                 from /home/mi/boroujeni/model_car/catkin_ws/src/line_detection/src/StrongClassifier.h:29,
                 from /home/mi/boroujeni/model_car/catkin_ws/src/line_detection/src/StrongClassifier.cpp:24:
/opt/odroid-x2/sdk/usr/include/stdlib.h:955:31: fatal error: bits/stdlib-float.h: No such file or directory
compilation terminated.
In file included from /opt/odroid-x2/sdk/opt/ros/indigo/include/ros/platform.h:53:0,
                 from /opt/odroid-x2/sdk/opt/ros/indigo/include/ros/time.h:53,
                 from /opt/odroid-x2/sdk/opt/ros/indigo/include/ros/ros.h:38,
                 from /home/mi/boroujeni/model_car/catkin_ws/src/line_detection/src/LaneDetector.h:29,
                 from /home/mi/boroujeni/model_car/catkin_ws/src/line_detection/src/LaneDetector.cpp:24:
/opt/odroid-x2/sdk/usr/include/stdlib.h:955:31: fatal error: bits/stdlib-float.h: No such file or directory
compilation terminated.
make[2]: In file included from /opt/odroid-x2/sdk/usr/include/opencv2/core/types_c.h:56:0,
                 from /opt/odroid-x2/sdk/usr/include/opencv2/core/core.hpp:49,
                 from /home/mi/boroujeni/model_car/catkin_ws/src/line_detection/src/ContourModel.h:28,
                 from /home/mi/boroujeni/model_car/catkin_ws/src/line_detection/src/ContourModel.cpp:24:
/opt/odroid-x2/sdk/usr/include/stdlib.h:955:31: fatal error: bits/stdlib-float.h: No such file or directory
compilation terminated.
*** [CMakeFiles/LaneDetector.dir/src/LaneDetector.cpp.o] Error 1
make[2]: *** Waiting for unfinished jobs....
make[2]: *** [CMakeFiles/LaneDetector.dir/src/StrongClassifier.cpp.o] Error 1
make[2]: *** [CMakeFiles/LaneDetector.dir/src/ContourModel.cpp.o] Error 1
In file included from /opt/odroid-x2/sdk/usr/include/opencv2/core/types_c.h:56:0,
                 from /opt/odroid-x2/sdk/usr/include/opencv2/core/core.hpp:49,
                 from /home/mi/boroujeni/model_car/catkin_ws/src/line_detection/src/Feature.h:29,
                 from /home/mi/boroujeni/model_car/catkin_ws/src/line_detection/src/Feature.cpp:24:
/opt/odroid-x2/sdk/usr/include/stdlib.h:955:31: fatal error: bits/stdlib-float.h: No such file or directory
compilation terminated.
make[2]: *** [CMakeFiles/LaneDetector.dir/src/Feature.cpp.o] Error 1
In file included from /opt/odroid-x2/sdk/usr/include/opencv2/core/types_c.h:56:0,
                 from /opt/odroid-x2/sdk/usr/include/opencv2/core/core.hpp:49,
                 from /home/mi/boroujeni/model_car/catkin_ws/src/line_detection/src/Feature.h:29,
                 from /home/mi/boroujeni/model_car/catkin_ws/src/line_detection/src/WeakClassifier.h:28,
                 from /home/mi/boroujeni/model_car/catkin_ws/src/line_detection/src/WeakClassifier.cpp:24:
/opt/odroid-x2/sdk/usr/include/stdlib.h:955:31: fatal error: bits/stdlib-float.h: No such file or directory
compilation terminated.
make[2]: *** [CMakeFiles/LaneDetector.dir/src/WeakClassifier.cpp.o] Error 1
[0m[0m[ 66%] [32mBuilding CXX object CMakeFiles/LaneDetector.dir/src/LaneModel.cpp.o
In file included from /opt/odroid-x2/sdk/usr/include/opencv2/core/types_c.h:56:0,
                 from /opt/odroid-x2/sdk/usr/include/opencv2/core/core.hpp:49,
                 from /home/mi/boroujeni/model_car/catkin_ws/src/line_detection/src/LaneModel.h:28,
                 from /home/mi/boroujeni/model_car/catkin_ws/src/line_detection/src/LaneModel.cpp:25:
/opt/odroid-x2/sdk/usr/include/stdlib.h:955:31: fatal error: bits/stdlib-float.h: No such file or directory
compilation terminated.
make[2]: *** [CMakeFiles/LaneDetector.dir/src/LaneModel.cpp.o] Error 1
make[1]: *** [CMakeFiles/LaneDetector.dir/all] Error 2
make: *** [all] Error 2
