Symlinking /home/mi/boroujeni/model_car/catkin_ws/odroid-devel/share/line_detection/cmake/line_detectionConfig.cmake
Symlinking /home/mi/boroujeni/model_car/catkin_ws/odroid-devel/share/line_detection/cmake/line_detectionConfig-version.cmake
Symlinking /home/mi/boroujeni/model_car/catkin_ws/odroid-devel/lib/libLaneDetector.so
Symlinking /home/mi/boroujeni/model_car/catkin_ws/odroid-devel/lib/pkgconfig/line_detection.pc
Symlinking /home/mi/boroujeni/model_car/catkin_ws/odroid-devel/lib/line_detection/line_detection_node
Cleaning: (/root/catkin_ws/odroid-devel/.private/line_detection/share/line_detection/cmake/line_detectionConfig.cmake, /root/catkin_ws/odroid-devel/share/line_detection/cmake/line_detectionConfig.cmake)
Cleaning: (/root/catkin_ws/odroid-devel/.private/line_detection/share/line_detection/cmake/line_detectionConfig-version.cmake, /root/catkin_ws/odroid-devel/share/line_detection/cmake/line_detectionConfig-version.cmake)
Cleaning: (/root/catkin_ws/odroid-devel/.private/line_detection/lib/libLaneDetector.so, /root/catkin_ws/odroid-devel/lib/libLaneDetector.so)
Cleaning: (/root/catkin_ws/odroid-devel/.private/line_detection/lib/pkgconfig/line_detection.pc, /root/catkin_ws/odroid-devel/lib/pkgconfig/line_detection.pc)
Cleaning: (/root/catkin_ws/odroid-devel/.private/line_detection/lib/line_detection/line_detection_node, /root/catkin_ws/odroid-devel/lib/line_detection/line_detection_node)
Unlinking: /root/catkin_ws/odroid-devel/share/line_detection/cmake/line_detectionConfig.cmake
Already unlinked: {}
Unlinking: /root/catkin_ws/odroid-devel/share/line_detection/cmake/line_detectionConfig-version.cmake
Already unlinked: {}
Unlinking: /root/catkin_ws/odroid-devel/lib/libLaneDetector.so
Already unlinked: {}
Unlinking: /root/catkin_ws/odroid-devel/lib/pkgconfig/line_detection.pc
Already unlinked: {}
Unlinking: /root/catkin_ws/odroid-devel/lib/line_detection/line_detection_node
Already unlinked: {}
