Not searching for unused variables given on the command line.
[36m--[0m The C compiler identification is GNU 4.8.4
[36m--[0m The CXX compiler identification is GNU 4.8.4
[36m--[0m Check for working C compiler: /usr/bin/cc
[36m--[0m Check for working C compiler: /usr/bin/cc -- works
[36m--[0m Detecting C compiler ABI info
[36m--[0m Detecting C compiler ABI info - done
[36m--[0m Check for working CXX compiler: /usr/bin/c++
[36m--[0m Check for working CXX compiler: /usr/bin/c++ -- works
[36m--[0m Detecting CXX compiler ABI info
[36m--[0m Detecting CXX compiler ABI info - done
[36m--[0m checking for module 'eigen3'
[36m--[0m   found eigen3, version 3.2.0
[36m--[0m Found eigen: /usr/include/eigen3
[36m--[0m Boost version: 1.54.0
[36m--[0m Found the following Boost libraries:
[36m--[0m   system
[36m--[0m   filesystem
[36m--[0m   thread
[36m--[0m   date_time
[36m--[0m   iostreams
[36m--[0m   mpi
[36m--[0m   serialization
[36m--[0m checking for module 'flann'
[36m--[0m   found flann, version 1.8.4
[36m--[0m Found Flann: /usr/lib/arm-linux-gnueabihf/libflann_cpp_s.a
[36m--[0m checking for module 'openni-dev'
[36m--[0m   package 'openni-dev' not found
[36m--[0m Found openni: /usr/lib/libOpenNI.so
[36m--[0m Found libusb-1.0: /usr/include
[36m--[0m checking for module 'openni-dev'
[36m--[0m   package 'openni-dev' not found
[36m--[0m Found qhull: /usr/lib/arm-linux-gnueabihf/libqhull.so
[36m--[0m checking for module 'openni-dev'
[36m--[0m   package 'openni-dev' not found
[36m--[0m looking for PCL_COMMON
[36m--[0m Found PCL_COMMON: /usr/lib/libpcl_common.so
[36m--[0m looking for PCL_KDTREE
[36m--[0m Found PCL_KDTREE: /usr/lib/libpcl_kdtree.so
[36m--[0m looking for PCL_OCTREE
[36m--[0m Found PCL_OCTREE: /usr/lib/libpcl_octree.so
[36m--[0m looking for PCL_SEARCH
[36m--[0m Found PCL_SEARCH: /usr/lib/libpcl_search.so
[36m--[0m looking for PCL_SAMPLE_CONSENSUS
[36m--[0m Found PCL_SAMPLE_CONSENSUS: /usr/lib/libpcl_sample_consensus.so
[36m--[0m looking for PCL_FILTERS
[36m--[0m Found PCL_FILTERS: /usr/lib/libpcl_filters.so
[36m--[0m looking for PCL_FEATURES
[36m--[0m Found PCL_FEATURES: /usr/lib/libpcl_features.so
[36m--[0m looking for PCL_IO
[36m--[0m Found PCL_IO: /usr/lib/libpcl_io.so
[36m--[0m looking for PCL_GEOMETRY
[36m--[0m Found PCL_GEOMETRY: /usr/include/pcl-1.7
[36m--[0m looking for PCL_VISUALIZATION
[36m--[0m Found PCL_VISUALIZATION: /usr/lib/libpcl_visualization.so
[36m--[0m looking for PCL_SEGMENTATION
[36m--[0m Found PCL_SEGMENTATION: /usr/lib/libpcl_segmentation.so
[36m--[0m looking for PCL_PEOPLE
[36m--[0m Found PCL_PEOPLE: /usr/lib/libpcl_people.so
[36m--[0m looking for PCL_SURFACE
[36m--[0m Found PCL_SURFACE: /usr/lib/libpcl_surface.so
[36m--[0m looking for PCL_REGISTRATION
[36m--[0m Found PCL_REGISTRATION: /usr/lib/libpcl_registration.so
[36m--[0m looking for PCL_KEYPOINTS
[36m--[0m Found PCL_KEYPOINTS: /usr/lib/libpcl_keypoints.so
[36m--[0m looking for PCL_TRACKING
[36m--[0m Found PCL_TRACKING: /usr/lib/libpcl_tracking.so
[36m--[0m looking for PCL_RECOGNITION
[36m--[0m Found PCL_RECOGNITION: /usr/lib/libpcl_recognition.so
[36m--[0m looking for PCL_APPS
[36m--[0m Found PCL_APPS: /usr/lib/libpcl_apps.so
[36m--[0m looking for PCL_OUTOFCORE
[36m--[0m Found PCL_OUTOFCORE: /usr/lib/libpcl_outofcore.so
[36m--[0m Found PCL: /usr/lib/arm-linux-gnueabihf/libboost_system.so;/usr/lib/arm-linux-gnueabihf/libboost_filesystem.so;/usr/lib/arm-linux-gnueabihf/libboost_thread.so;/usr/lib/arm-linux-gnueabihf/libboost_date_time.so;/usr/lib/arm-linux-gnueabihf/libboost_iostreams.so;/usr/lib/arm-linux-gnueabihf/libboost_mpi.so;/usr/lib/arm-linux-gnueabihf/libboost_serialization.so;/usr/lib/arm-linux-gnueabihf/libpthread.so;optimized;/usr/lib/libpcl_common.so;debug;/usr/lib/libpcl_common.so;optimized;/usr/lib/arm-linux-gnueabihf/libflann_cpp_s.a;debug;/usr/lib/arm-linux-gnueabihf/libflann_cpp_s.a;optimized;/usr/lib/libpcl_kdtree.so;debug;/usr/lib/libpcl_kdtree.so;optimized;/usr/lib/libpcl_octree.so;debug;/usr/lib/libpcl_octree.so;optimized;/usr/lib/libpcl_search.so;debug;/usr/lib/libpcl_search.so;optimized;/usr/lib/libpcl_sample_consensus.so;debug;/usr/lib/libpcl_sample_consensus.so;optimized;/usr/lib/libpcl_filters.so;debug;/usr/lib/libpcl_filters.so;optimized;/usr/lib/libpcl_features.so;debug;/usr/lib/libpcl_features.so;/usr/lib/libOpenNI.so;vtkCommon;vtkRendering;vtkHybrid;vtkCharts;optimized;/usr/lib/libpcl_io.so;debug;/usr/lib/libpcl_io.so;optimized;/usr/lib/libpcl_visualization.so;debug;/usr/lib/libpcl_visualization.so;optimized;/usr/lib/libpcl_segmentation.so;debug;/usr/lib/libpcl_segmentation.so;optimized;/usr/lib/libpcl_people.so;debug;/usr/lib/libpcl_people.so;optimized;/usr/lib/arm-linux-gnueabihf/libqhull.so;debug;/usr/lib/arm-linux-gnueabihf/libqhull.so;optimized;/usr/lib/libpcl_surface.so;debug;/usr/lib/libpcl_surface.so;optimized;/usr/lib/libpcl_registration.so;debug;/usr/lib/libpcl_registration.so;optimized;/usr/lib/libpcl_keypoints.so;debug;/usr/lib/libpcl_keypoints.so;optimized;/usr/lib/libpcl_tracking.so;debug;/usr/lib/libpcl_tracking.so;optimized;/usr/lib/libpcl_recognition.so;debug;/usr/lib/libpcl_recognition.so;optimized;/usr/lib/libpcl_apps.so;debug;/usr/lib/libpcl_apps.so;optimized;/usr/lib/libpcl_outofcore.so;debug;/usr/lib/libpcl_outofcore.so;/usr/lib/arm-linux-gnueabihf/libboost_system.so;/usr/lib/arm-linux-gnueabihf/libboost_filesystem.so;/usr/lib/arm-linux-gnueabihf/libboost_thread.so;/usr/lib/arm-linux-gnueabihf/libboost_date_time.so;/usr/lib/arm-linux-gnueabihf/libboost_iostreams.so;/usr/lib/arm-linux-gnueabihf/libboost_mpi.so;/usr/lib/arm-linux-gnueabihf/libboost_serialization.so;/usr/lib/arm-linux-gnueabihf/libpthread.so;optimized;/usr/lib/arm-linux-gnueabihf/libqhull.so;debug;/usr/lib/arm-linux-gnueabihf/libqhull.so;/usr/lib/libOpenNI.so;optimized;/usr/lib/arm-linux-gnueabihf/libflann_cpp_s.a;debug;/usr/lib/arm-linux-gnueabihf/libflann_cpp_s.a;vtkCommon;vtkRendering;vtkHybrid;vtkCharts
[36m--[0m Using CATKIN_DEVEL_PREFIX: /root/catkin_ws/devel/.private/line_detection
[36m--[0m Using CMAKE_PREFIX_PATH: /root/catkin_ws/devel;/opt/ros/indigo
[36m--[0m This workspace overlays: /root/catkin_ws/devel;/opt/ros/indigo
[36m--[0m Found PythonInterp: /usr/bin/python (found version "2.7.6")
[36m--[0m Using PYTHON_EXECUTABLE: /usr/bin/python
[36m--[0m Using Debian Python package layout
[36m--[0m Using empy: /usr/bin/empy
[36m--[0m Using CATKIN_ENABLE_TESTING: ON
[36m--[0m Call enable_testing()
[36m--[0m Using CATKIN_TEST_RESULTS_DIR: /root/catkin_ws/build/line_detection/test_results
[36m--[0m Looking for include file pthread.h
[36m--[0m Looking for include file pthread.h - found
[36m--[0m Looking for pthread_create
[36m--[0m Looking for pthread_create - not found
[36m--[0m Looking for pthread_create in pthreads
[36m--[0m Looking for pthread_create in pthreads - not found
[36m--[0m Looking for pthread_create in pthread
[36m--[0m Looking for pthread_create in pthread - found
[36m--[0m Found Threads: TRUE
[36m--[0m Found gtest sources under '/usr/src/gtest': gtests will be built
[36m--[0m Using Python nosetests: /usr/bin/nosetests-2.7
[36m--[0m catkin 0.6.18
[36m--[0m Using these message generators: gencpp;genlisp;genpy
[36m--[0m Configuring done
[36m--[0m Generating done
[36m--[0m Build files have been written to: /root/catkin_ws/build/line_detection
