/root/catkin_ws/src/line_detection/src/LaneModel.cpp: In member function 'void LaneModel::initialize(bool, bool)':
/root/catkin_ws/src/line_detection/src/LaneModel.cpp:54:24: warning: extended initializer lists only available with -std=c++11 or -std=gnu++11 [enabled by default]
     streetHistoryMutex = PTHREAD_MUTEX_INITIALIZER;
                        ^
In file included from /opt/ros/indigo/include/ros/ros.h:40:0,
                 from /root/catkin_ws/src/line_detection/src/laneDetection.h:35,
                 from /root/catkin_ws/src/line_detection/src/laneDetection.cpp:1:
/root/catkin_ws/src/line_detection/src/laneDetection.cpp: In member function 'void cLaneDetection::ProcessInput(const ConstPtr&)':
/opt/ros/indigo/include/ros/console.h:342:176: warning: format '%ld' expects argument of type 'long int', but argument 8 has type 'int64_t {aka long long int}' [-Wformat=]
     ::ros::console::print(filter, __rosconsole_define_location__loc.logger_, __rosconsole_define_location__loc.level_, __FILE__, __LINE__, __ROSCONSOLE_FUNCTION__, __VA_ARGS__)
                                                                                                                                                                                ^
/opt/ros/indigo/include/ros/console.h:345:5: note: in expansion of macro 'ROSCONSOLE_PRINT_AT_LOCATION_WITH_FILTER'
     ROSCONSOLE_PRINT_AT_LOCATION_WITH_FILTER(0, __VA_ARGS__)
     ^
/opt/ros/indigo/include/ros/console.h:375:7: note: in expansion of macro 'ROSCONSOLE_PRINT_AT_LOCATION'
       ROSCONSOLE_PRINT_AT_LOCATION(__VA_ARGS__); \
       ^
/opt/ros/indigo/include/ros/console.h:557:35: note: in expansion of macro 'ROS_LOG_COND'
 #define ROS_LOG(level, name, ...) ROS_LOG_COND(true, level, name, __VA_ARGS__)
                                   ^
/opt/ros/indigo/include/rosconsole/macros_generated.h:214:24: note: in expansion of macro 'ROS_LOG'
 #define ROS_ERROR(...) ROS_LOG(::ros::console::levels::Error, ROSCONSOLE_DEFAULT_NAME, __VA_ARGS__)
                        ^
/root/catkin_ws/src/line_detection/src/laneDetection.cpp:189:9: note: in expansion of macro 'ROS_ERROR'
         ROS_ERROR("time: %ld", d.toNSec()/1000000); 
         ^
