Determining if the pthread_create exist failed with the following output:
Change Dir: /root/catkin_ws/build/catkin_tools_prebuild/CMakeFiles/CMakeTmp

Run Build Command:/usr/bin/make "cmTryCompileExec1222885124/fast"
/usr/bin/make -f CMakeFiles/cmTryCompileExec1222885124.dir/build.make CMakeFiles/cmTryCompileExec1222885124.dir/build
make[1]: Entering directory `/root/catkin_ws/build/catkin_tools_prebuild/CMakeFiles/CMakeTmp'
/usr/bin/cmake -E cmake_progress_report /root/catkin_ws/build/catkin_tools_prebuild/CMakeFiles/CMakeTmp/CMakeFiles 1
Building C object CMakeFiles/cmTryCompileExec1222885124.dir/CheckSymbolExists.c.o
/usr/bin/cc    -o CMakeFiles/cmTryCompileExec1222885124.dir/CheckSymbolExists.c.o   -c /root/catkin_ws/build/catkin_tools_prebuild/CMakeFiles/CMakeTmp/CheckSymbolExists.c
Linking C executable cmTryCompileExec1222885124
/usr/bin/cmake -E cmake_link_script CMakeFiles/cmTryCompileExec1222885124.dir/link.txt --verbose=1
/usr/bin/cc       CMakeFiles/cmTryCompileExec1222885124.dir/CheckSymbolExists.c.o  -o cmTryCompileExec1222885124 -rdynamic 
CMakeFiles/cmTryCompileExec1222885124.dir/CheckSymbolExists.c.o: In function `main':
CheckSymbolExists.c:(.text+0xe): undefined reference to `pthread_create'
CheckSymbolExists.c:(.text+0x12): undefined reference to `pthread_create'
collect2: error: ld returned 1 exit status
make[1]: *** [cmTryCompileExec1222885124] Error 1
make[1]: Leaving directory `/root/catkin_ws/build/catkin_tools_prebuild/CMakeFiles/CMakeTmp'
make: *** [cmTryCompileExec1222885124/fast] Error 2

File /root/catkin_ws/build/catkin_tools_prebuild/CMakeFiles/CMakeTmp/CheckSymbolExists.c:
/* */
#include <pthread.h>

int main(int argc, char** argv)
{
  (void)argv;
#ifndef pthread_create
  return ((int*)(&pthread_create))[argc];
#else
  (void)argc;
  return 0;
#endif
}

Determining if the function pthread_create exists in the pthreads failed with the following output:
Change Dir: /root/catkin_ws/build/catkin_tools_prebuild/CMakeFiles/CMakeTmp

Run Build Command:/usr/bin/make "cmTryCompileExec2817517047/fast"
/usr/bin/make -f CMakeFiles/cmTryCompileExec2817517047.dir/build.make CMakeFiles/cmTryCompileExec2817517047.dir/build
make[1]: Entering directory `/root/catkin_ws/build/catkin_tools_prebuild/CMakeFiles/CMakeTmp'
make[1]: Warning: File `/usr/share/cmake-2.8/Modules/CheckFunctionExists.c' has modification time 3e+07 s in the future
/usr/bin/cmake -E cmake_progress_report /root/catkin_ws/build/catkin_tools_prebuild/CMakeFiles/CMakeTmp/CMakeFiles 1
Building C object CMakeFiles/cmTryCompileExec2817517047.dir/CheckFunctionExists.c.o
/usr/bin/cc   -DCHECK_FUNCTION_EXISTS=pthread_create   -o CMakeFiles/cmTryCompileExec2817517047.dir/CheckFunctionExists.c.o   -c /usr/share/cmake-2.8/Modules/CheckFunctionExists.c
Linking C executable cmTryCompileExec2817517047
/usr/bin/cmake -E cmake_link_script CMakeFiles/cmTryCompileExec2817517047.dir/link.txt --verbose=1
/usr/bin/cc   -DCHECK_FUNCTION_EXISTS=pthread_create    CMakeFiles/cmTryCompileExec2817517047.dir/CheckFunctionExists.c.o  -o cmTryCompileExec2817517047 -rdynamic -lpthreads 
/usr/bin/ld: cannot find -lpthreads
collect2: error: ld returned 1 exit status
make[1]: *** [cmTryCompileExec2817517047] Error 1
make[1]: Leaving directory `/root/catkin_ws/build/catkin_tools_prebuild/CMakeFiles/CMakeTmp'
make: *** [cmTryCompileExec2817517047/fast] Error 2


