-- Using CATKIN_DEVEL_PREFIX: /root/catkin_ws/devel/.private/cv_bridge
-- Using CMAKE_PREFIX_PATH: /root/catkin_ws/devel;/root/catkin_ws_user/odroid-devel;/opt/ros/indigo;//opt/ros/indigo
-- This workspace overlays: /root/catkin_ws/devel;/root/catkin_ws_user/odroid-devel;/opt/ros/indigo;//opt/ros/indigo
-- Using PYTHON_EXECUTABLE: /usr/bin/python
-- Using Debian Python package layout
-- Using empy: /usr/bin/empy
-- Using CATKIN_ENABLE_TESTING: ON
-- Call enable_testing()
-- Using CATKIN_TEST_RESULTS_DIR: /root/catkin_ws/build/cv_bridge/test_results
-- Found gtest sources under '/usr/src/gtest': gtests will be built
-- Using Python nosetests: /usr/bin/nosetests-2.7
-- catkin 0.6.18
-- Boost version: 1.54.0
-- Found the following Boost libraries:
--   python
-- Configuring done
-- Generating done
-- Build files have been written to: /root/catkin_ws/build/cv_bridge
[35m[1mScanning dependencies of target std_msgs_generate_messages_py
[0m[  0%] Built target std_msgs_generate_messages_py
[35m[1mScanning dependencies of target sensor_msgs_generate_messages_lisp
[0m[  0%] Built target sensor_msgs_generate_messages_lisp
[35m[1mScanning dependencies of target sensor_msgs_generate_messages_cpp
[0m[  0%] Built target sensor_msgs_generate_messages_cpp
[35m[1mScanning dependencies of target sensor_msgs_generate_messages_py
[0m[  0%] Built target sensor_msgs_generate_messages_py
[35m[1mScanning dependencies of target geometry_msgs_generate_messages_cpp
[0m[  0%] Built target geometry_msgs_generate_messages_cpp
[35m[1mScanning dependencies of target geometry_msgs_generate_messages_lisp
[0m[  0%] Built target geometry_msgs_generate_messages_lisp
[35m[1mScanning dependencies of target geometry_msgs_generate_messages_py
[0m[  0%] Built target geometry_msgs_generate_messages_py
[35m[1mScanning dependencies of target std_msgs_generate_messages_cpp
[0m[  0%] Built target std_msgs_generate_messages_cpp
[35m[1mScanning dependencies of target std_msgs_generate_messages_lisp
[0m[  0%] Built target std_msgs_generate_messages_lisp
[35m[1mScanning dependencies of target cv_bridge
make[2]: Warning: File `/opt/ros/indigo/include/ros/builtin_message_traits.h' has modification time 9.8e+07 s in the future
[0m[ 25%] [32mBuilding CXX object src/CMakeFiles/cv_bridge.dir/cv_bridge.cpp.o
[0m[ 50%] [32mBuilding CXX object src/CMakeFiles/cv_bridge.dir/rgb_colors.cpp.o
[0m[31m[1mLinking CXX shared library /root/catkin_ws/devel/.private/cv_bridge/lib/libcv_bridge.so
make[2]: warning:  Clock skew detected.  Your build may be incomplete.
[0m[ 50%] Built target cv_bridge
[35m[1mScanning dependencies of target cv_bridge_boost
make[2]: Warning: File `/opt/ros/indigo/include/ros/builtin_message_traits.h' has modification time 9.8e+07 s in the future
[0m[ 75%] [32mBuilding CXX object src/CMakeFiles/cv_bridge_boost.dir/module.cpp.o
[0m[100%] [32mBuilding CXX object src/CMakeFiles/cv_bridge_boost.dir/module_opencv2.cpp.o
c++: internal compiler error: Killed (program cc1plus)
Please submit a full bug report,
with preprocessed source if appropriate.
See <file:///usr/share/doc/gcc-4.8/README.Bugs> for instructions.
make[2]: *** [src/CMakeFiles/cv_bridge_boost.dir/module.cpp.o] Error 4
make[2]: *** Waiting for unfinished jobs....
make[1]: *** [src/CMakeFiles/cv_bridge_boost.dir/all] Error 2
make: *** [all] Error 2
