[  0%] Built target std_msgs_generate_messages_lisp
[  0%] Built target sensor_msgs_generate_messages_py
[  0%] Built target sensor_msgs_generate_messages_cpp
[  0%] Built target geometry_msgs_generate_messages_cpp
[  0%] Built target sensor_msgs_generate_messages_lisp
[  0%] Built target geometry_msgs_generate_messages_lisp
[  0%] Built target geometry_msgs_generate_messages_py
[  0%] Built target std_msgs_generate_messages_cpp
[  0%] Built target std_msgs_generate_messages_py
[ 50%] Built target cv_bridge
[100%] Built target cv_bridge_boost
[36mInstall the project...
[0m-- Install configuration: ""
-- Installing: /home/ros/model_car/catkin_ws/odroid-install/_setup_util.py
-- Installing: /home/ros/model_car/catkin_ws/odroid-install/env.sh
-- Installing: /home/ros/model_car/catkin_ws/odroid-install/setup.bash
-- Installing: /home/ros/model_car/catkin_ws/odroid-install/setup.sh
-- Installing: /home/ros/model_car/catkin_ws/odroid-install/setup.zsh
-- Installing: /home/ros/model_car/catkin_ws/odroid-install/.rosinstall
-- Up-to-date: /home/ros/model_car/catkin_ws/odroid-install/lib/pkgconfig/cv_bridge.pc
-- Up-to-date: /home/ros/model_car/catkin_ws/odroid-install/share/cv_bridge/cmake/cv_bridgeConfig.cmake
-- Up-to-date: /home/ros/model_car/catkin_ws/odroid-install/share/cv_bridge/cmake/cv_bridgeConfig-version.cmake
-- Up-to-date: /home/ros/model_car/catkin_ws/odroid-install/share/cv_bridge/package.xml
+ cd /home/ros/model_car/catkin_ws/src/cv_bridge
+ /usr/bin/env PYTHONPATH=/home/ros/model_car/catkin_ws/odroid-install/lib/python2.7/dist-packages:/home/ros/model_car/catkin_ws/odroid-build/cv_bridge/lib/python2.7/dist-packages:/home/ros/model_car/catkin_ws/odroid-install/lib/python2.7/dist-packages:/opt/odroid-x2/sdk/opt/ros/indigo/lib/python2.7/dist-packages:/opt/odroid-x2/sdk//opt/ros/indigo/lib/python2.7/dist-packages CATKIN_BINARY_DIR=/home/ros/model_car/catkin_ws/odroid-build/cv_bridge /usr/bin/python /home/ros/model_car/catkin_ws/src/cv_bridge/setup.py build --build-base /home/ros/model_car/catkin_ws/odroid-build/cv_bridge install --install-layout=deb --prefix=/home/ros/model_car/catkin_ws/odroid-install --install-scripts=/home/ros/model_car/catkin_ws/odroid-install/bin
running build
running build_py
running install
running install_lib
running install_egg_info
Removing /home/ros/model_car/catkin_ws/odroid-install/lib/python2.7/dist-packages/cv_bridge-1.12.0.egg-info
Writing /home/ros/model_car/catkin_ws/odroid-install/lib/python2.7/dist-packages/cv_bridge-1.12.0.egg-info
-- Installing: /home/ros/model_car/catkin_ws/odroid-install/include/cv_bridge
-- Up-to-date: /home/ros/model_car/catkin_ws/odroid-install/include/cv_bridge/cv_bridge.h
-- Up-to-date: /home/ros/model_car/catkin_ws/odroid-install/include/cv_bridge/rgb_colors.h
-- Up-to-date: /home/ros/model_car/catkin_ws/odroid-install/lib/python2.7/dist-packages/cv_bridge/boost/__init__.py
-- Up-to-date: /home/ros/model_car/catkin_ws/odroid-install/lib/libcv_bridge.so
-- Up-to-date: /home/ros/model_car/catkin_ws/odroid-install/lib/python2.7/dist-packages/cv_bridge/boost/cv_bridge_boost.so
