[35m[1mScanning dependencies of target kalman_3d
[35m[1mScanning dependencies of target kalman_2d
[35m[1mScanning dependencies of target _visual_gps_generate_messages_check_deps_Transform
[0m[35m[1mScanning dependencies of target geometry_msgs_generate_messages_py
[0m[  0%] Built target geometry_msgs_generate_messages_py
[35m[1mScanning dependencies of target std_msgs_generate_messages_py
[0m[  0%] Built target std_msgs_generate_messages_py
[35m[1mScanning dependencies of target geometry_msgs_generate_messages_lisp
[0m[  0%] Built target geometry_msgs_generate_messages_lisp
[35m[1mScanning dependencies of target std_msgs_generate_messages_lisp
[0m[0m[0m[  0%] Built target _visual_gps_generate_messages_check_deps_Transform
[  0%] Built target std_msgs_generate_messages_lisp
[ 12%] [35m[1mScanning dependencies of target geometry_msgs_generate_messages_cpp
[0m[ 25%] [32mBuilding CXX object CMakeFiles/kalman_3d.dir/src/kalman_3d.cpp.o
[0m[35m[1mScanning dependencies of target std_msgs_generate_messages_cpp
[0m[32mBuilding CXX object CMakeFiles/kalman_2d.dir/src/kalman_2d.cpp.o
[0m[ 25%] Built target geometry_msgs_generate_messages_cpp
[ 25%] Built target std_msgs_generate_messages_cpp
[35m[1mScanning dependencies of target visual_gps_generate_messages_lisp
[0m[35m[1mScanning dependencies of target visual_gps_generate_messages_py
[0m[ 37%] [ 50%] [34m[1mGenerating Lisp code from visual_gps/Transform.msg
[0m[34m[1mGenerating Python from MSG visual_gps/Transform
[0m[ 50%] Built target visual_gps_generate_messages_lisp
[ 62%] [35m[1mScanning dependencies of target visual_gps_generate_messages_cpp
[34m[1mGenerating Python msg __init__.py for visual_gps
In file included from /opt/odroid-x2/sdk/opt/ros/indigo/include/ros/ros.h:38:0,
                 from /home/ros/model_car/catkin_ws/src/visual_gps/include/kalman_3d.h:5,
                 from /home/ros/model_car/catkin_ws/src/visual_gps/src/kalman_3d.cpp:1:
/opt/odroid-x2/sdk/opt/ros/indigo/include/ros/time.h:58:50: fatal error: boost/math/special_functions/round.hpp: No such file or directory
compilation terminated.
make[2]: *** [CMakeFiles/kalman_3d.dir/src/kalman_3d.cpp.o] Error 1
make[1]: *** [CMakeFiles/kalman_3d.dir/all] Error 2
make[1]: *** Waiting for unfinished jobs....
[0m[0m[ 75%] [34m[1mGenerating C++ code from visual_gps/Transform.msg
In file included from /opt/odroid-x2/sdk/opt/ros/indigo/include/ros/ros.h:38:0,
                 from /home/ros/model_car/catkin_ws/src/visual_gps/include/kalman_2d.h:5,
                 from /home/ros/model_car/catkin_ws/src/visual_gps/src/kalman_2d.cpp:1:
/opt/odroid-x2/sdk/opt/ros/indigo/include/ros/time.h:58:50: fatal error: boost/math/special_functions/round.hpp: No such file or directory
compilation terminated.
make[2]: *** [CMakeFiles/kalman_2d.dir/src/kalman_2d.cpp.o] Error 1
make[1]: *** [CMakeFiles/kalman_2d.dir/all] Error 2
[0m[ 75%] Built target visual_gps_generate_messages_py
[ 75%] Built target visual_gps_generate_messages_cpp
make: *** [all] Error 2
