[35m[1mScanning dependencies of target _visual_gps_generate_messages_check_deps_Transform
[35m[1mScanning dependencies of target kalman_2d
[35m[1mScanning dependencies of target geometry_msgs_generate_messages_py
[35m[1mScanning dependencies of target geometry_msgs_generate_messages_lisp
[0m[0m[0m[35m[1mScanning dependencies of target kalman_3d
[35m[1mScanning dependencies of target std_msgs_generate_messages_lisp
[0m[  0%] [  0%] [  0%] Built target geometry_msgs_generate_messages_lisp
Built target geometry_msgs_generate_messages_py
Built target std_msgs_generate_messages_lisp
[35m[1mScanning dependencies of target std_msgs_generate_messages_py
[0m[35m[1mScanning dependencies of target geometry_msgs_generate_messages_cpp
[0m[35m[1mScanning dependencies of target std_msgs_generate_messages_cpp
[0m[  0%] [  0%] Built target std_msgs_generate_messages_py
Built target geometry_msgs_generate_messages_cpp
[  0%] Built target std_msgs_generate_messages_cpp
[0m[  0%] Built target _visual_gps_generate_messages_check_deps_Transform
[35m[1mScanning dependencies of target visual_gps_generate_messages_lisp
[35m[1mScanning dependencies of target visual_gps_generate_messages_py
[0m[0m[ 12%] [35m[1mScanning dependencies of target visual_gps_generate_messages_cpp
[0m[0m[ 37%] [ 37%] [32mBuilding CXX object CMakeFiles/kalman_3d.dir/src/kalman_3d.cpp.o
[0m[ 50%] [34m[1mGenerating Lisp code from visual_gps/Transform.msg
[0m[34m[1mGenerating Python from MSG visual_gps/Transform
[0m[34m[1mGenerating C++ code from visual_gps/Transform.msg
[0m[ 62%] [32mBuilding CXX object CMakeFiles/kalman_2d.dir/src/kalman_2d.cpp.o
[0m[ 62%] Built target visual_gps_generate_messages_lisp
[ 75%] [34m[1mGenerating Python msg __init__.py for visual_gps
[0m[ 75%] Built target visual_gps_generate_messages_py
[ 75%] Built target visual_gps_generate_messages_cpp
[35m[1mScanning dependencies of target visual_gps_generate_messages
[0m[ 75%] Built target visual_gps_generate_messages
[31m[1mLinking CXX shared library /root/catkin_ws/devel/.private/visual_gps/lib/libkalman_3d.so
[0m[31m[1mLinking CXX shared library /root/catkin_ws/devel/.private/visual_gps/lib/libkalman_2d.so
[0m[ 75%] Built target kalman_3d
[35m[1mScanning dependencies of target visual_gps_3d_node
[ 75%] Built target kalman_2d
[0m[35m[1mScanning dependencies of target visual_gps_2d_node
[ 87%] [32mBuilding CXX object CMakeFiles/visual_gps_3d_node.dir/src/visual_gps_3d_node.cpp.o
[0m[0m[100%] [32mBuilding CXX object CMakeFiles/visual_gps_2d_node.dir/src/visual_gps_2d_node.cpp.o
[0m[31m[1mLinking CXX executable /root/catkin_ws/devel/.private/visual_gps/lib/visual_gps/visual_gps_2d_node
[0m[100%] Built target visual_gps_2d_node
[31m[1mLinking CXX executable /root/catkin_ws/devel/.private/visual_gps/lib/visual_gps/visual_gps_3d_node
[0m[100%] Built target visual_gps_3d_node
