[35m[1mScanning dependencies of target kalman_2d
[0m[ 12%] [32mBuilding CXX object CMakeFiles/kalman_2d.dir/src/kalman_2d.cpp.o
[0m[35m[1mScanning dependencies of target kalman_3d
[0m[ 25%] [32mBuilding CXX object CMakeFiles/kalman_3d.dir/src/kalman_3d.cpp.o
[0m[35m[1mScanning dependencies of target geometry_msgs_generate_messages_cpp
[0m[ 25%] Built target geometry_msgs_generate_messages_cpp
[35m[1mScanning dependencies of target _visual_gps_generate_messages_check_deps_Transform
[0m[ 25%] Built target _visual_gps_generate_messages_check_deps_Transform
[35m[1mScanning dependencies of target std_msgs_generate_messages_cpp
[0m[ 25%] Built target std_msgs_generate_messages_cpp
[35m[1mScanning dependencies of target geometry_msgs_generate_messages_py
[0m[ 25%] Built target geometry_msgs_generate_messages_py
[35m[1mScanning dependencies of target std_msgs_generate_messages_py
[0m[ 25%] Built target std_msgs_generate_messages_py
[35m[1mScanning dependencies of target geometry_msgs_generate_messages_lisp
[0m[ 25%] Built target geometry_msgs_generate_messages_lisp
[35m[1mScanning dependencies of target std_msgs_generate_messages_lisp
[0m[ 25%] Built target std_msgs_generate_messages_lisp
[35m[1mScanning dependencies of target visual_gps_generate_messages_cpp
[0m[ 37%] [34m[1mGenerating C++ code from visual_gps/Transform.msg
[0m[ 37%] Built target visual_gps_generate_messages_cpp
[35m[1mScanning dependencies of target visual_gps_generate_messages_py
[0m[ 50%] [34m[1mGenerating Python from MSG visual_gps/Transform
[0m[ 62%] [34m[1mGenerating Python msg __init__.py for visual_gps
[0m[ 62%] Built target visual_gps_generate_messages_py
[35m[1mScanning dependencies of target visual_gps_generate_messages_lisp
[0m[ 75%] [34m[1mGenerating Lisp code from visual_gps/Transform.msg
[0m[ 75%] Built target visual_gps_generate_messages_lisp
[35m[1mScanning dependencies of target visual_gps_generate_messages
[0m[ 75%] Built target visual_gps_generate_messages
[31m[1mLinking CXX shared library /home/ros/model_car/catkin_ws/devel/lib/libkalman_2d.so
[0m[ 75%] Built target kalman_2d
[35m[1mScanning dependencies of target visual_gps_2d_node
[0m[ 87%] [32mBuilding CXX object CMakeFiles/visual_gps_2d_node.dir/src/visual_gps_2d_node.cpp.o
[0m[31m[1mLinking CXX shared library /home/ros/model_car/catkin_ws/devel/lib/libkalman_3d.so
[0m[ 87%] Built target kalman_3d
[35m[1mScanning dependencies of target visual_gps_3d_node
[0m[100%] [32mBuilding CXX object CMakeFiles/visual_gps_3d_node.dir/src/visual_gps_3d_node.cpp.o
[0m[31m[1mLinking CXX executable /home/ros/model_car/catkin_ws/devel/lib/visual_gps/visual_gps_2d_node
[0m[100%] Built target visual_gps_2d_node
[31m[1mLinking CXX executable /home/ros/model_car/catkin_ws/devel/lib/visual_gps/visual_gps_3d_node
[0m[100%] Built target visual_gps_3d_node
