Determining if the pthread_create exist failed with the following output:
Change Dir: /root/catkin_ws/build/manual_control/CMakeFiles/CMakeTmp

Run Build Command:"/usr/bin/make" "cmTC_d3c7d/fast"
/usr/bin/make -f CMakeFiles/cmTC_d3c7d.dir/build.make CMakeFiles/cmTC_d3c7d.dir/build
make[1]: Entering directory '/root/catkin_ws/build/manual_control/CMakeFiles/CMakeTmp'
Building C object CMakeFiles/cmTC_d3c7d.dir/CheckSymbolExists.c.o
/usr/bin/cc     -o CMakeFiles/cmTC_d3c7d.dir/CheckSymbolExists.c.o   -c /root/catkin_ws/build/manual_control/CMakeFiles/CMakeTmp/CheckSymbolExists.c
Linking C executable cmTC_d3c7d
/usr/bin/cmake -E cmake_link_script CMakeFiles/cmTC_d3c7d.dir/link.txt --verbose=1
/usr/bin/cc       CMakeFiles/cmTC_d3c7d.dir/CheckSymbolExists.c.o  -o cmTC_d3c7d -rdynamic 
CMakeFiles/cmTC_d3c7d.dir/CheckSymbolExists.c.o: In function `main':
CheckSymbolExists.c:(.text+0xe): undefined reference to `pthread_create'
CheckSymbolExists.c:(.text+0x12): undefined reference to `pthread_create'
collect2: error: ld returned 1 exit status
CMakeFiles/cmTC_d3c7d.dir/build.make:97: recipe for target 'cmTC_d3c7d' failed
make[1]: *** [cmTC_d3c7d] Error 1
make[1]: Leaving directory '/root/catkin_ws/build/manual_control/CMakeFiles/CMakeTmp'
Makefile:126: recipe for target 'cmTC_d3c7d/fast' failed
make: *** [cmTC_d3c7d/fast] Error 2

File /root/catkin_ws/build/manual_control/CMakeFiles/CMakeTmp/CheckSymbolExists.c:
/* */
#include <pthread.h>

int main(int argc, char** argv)
{
  (void)argv;
#ifndef pthread_create
  return ((int*)(&pthread_create))[argc];
#else
  (void)argc;
  return 0;
#endif
}

Determining if the function pthread_create exists in the pthreads failed with the following output:
Change Dir: /root/catkin_ws/build/manual_control/CMakeFiles/CMakeTmp

Run Build Command:"/usr/bin/make" "cmTC_4f832/fast"
/usr/bin/make -f CMakeFiles/cmTC_4f832.dir/build.make CMakeFiles/cmTC_4f832.dir/build
make[1]: Entering directory '/root/catkin_ws/build/manual_control/CMakeFiles/CMakeTmp'
Building C object CMakeFiles/cmTC_4f832.dir/CheckFunctionExists.c.o
/usr/bin/cc    -DCHECK_FUNCTION_EXISTS=pthread_create   -o CMakeFiles/cmTC_4f832.dir/CheckFunctionExists.c.o   -c /usr/share/cmake-3.5/Modules/CheckFunctionExists.c
Linking C executable cmTC_4f832
/usr/bin/cmake -E cmake_link_script CMakeFiles/cmTC_4f832.dir/link.txt --verbose=1
/usr/bin/cc   -DCHECK_FUNCTION_EXISTS=pthread_create    CMakeFiles/cmTC_4f832.dir/CheckFunctionExists.c.o  -o cmTC_4f832 -rdynamic -lpthreads 
/usr/bin/ld: cannot find -lpthreads
collect2: error: ld returned 1 exit status
CMakeFiles/cmTC_4f832.dir/build.make:97: recipe for target 'cmTC_4f832' failed
make[1]: *** [cmTC_4f832] Error 1
make[1]: Leaving directory '/root/catkin_ws/build/manual_control/CMakeFiles/CMakeTmp'
Makefile:126: recipe for target 'cmTC_4f832/fast' failed
make: *** [cmTC_4f832/fast] Error 2


