Determining if the pthread_create exist failed with the following output:
Change Dir: /root/catkin_ws/odroid-build/random_movement/CMakeFiles/CMakeTmp

Run Build Command:/usr/bin/make "cmTryCompileExec745742214/fast"
/usr/bin/make -f CMakeFiles/cmTryCompileExec745742214.dir/build.make CMakeFiles/cmTryCompileExec745742214.dir/build
make[1]: Entering directory `/root/catkin_ws/odroid-build/random_movement/CMakeFiles/CMakeTmp'
/usr/bin/cmake -E cmake_progress_report /root/catkin_ws/odroid-build/random_movement/CMakeFiles/CMakeTmp/CMakeFiles 1
Building C object CMakeFiles/cmTryCompileExec745742214.dir/CheckSymbolExists.c.o
/opt/odroid-x2/compiler/bin/arm-linux-gnueabihf-gcc    -o CMakeFiles/cmTryCompileExec745742214.dir/CheckSymbolExists.c.o   -c /root/catkin_ws/odroid-build/random_movement/CMakeFiles/CMakeTmp/CheckSymbolExists.c
Linking C executable cmTryCompileExec745742214
/usr/bin/cmake -E cmake_link_script CMakeFiles/cmTryCompileExec745742214.dir/link.txt --verbose=1
/opt/odroid-x2/compiler/bin/arm-linux-gnueabihf-gcc       CMakeFiles/cmTryCompileExec745742214.dir/CheckSymbolExists.c.o  -o cmTryCompileExec745742214 -rdynamic 
CMakeFiles/cmTryCompileExec745742214.dir/CheckSymbolExists.c.o: In function `main':
CheckSymbolExists.c:(.text+0xe): undefined reference to `pthread_create'
CheckSymbolExists.c:(.text+0x12): undefined reference to `pthread_create'
collect2: error: ld returned 1 exit status
make[1]: Leaving directory `/root/catkin_ws/odroid-build/random_movement/CMakeFiles/CMakeTmp'
make[1]: *** [cmTryCompileExec745742214] Error 1
make: *** [cmTryCompileExec745742214/fast] Error 2

File /root/catkin_ws/odroid-build/random_movement/CMakeFiles/CMakeTmp/CheckSymbolExists.c:
/* */
#include <pthread.h>

int main(int argc, char** argv)
{
  (void)argv;
#ifndef pthread_create
  return ((int*)(&pthread_create))[argc];
#else
  (void)argc;
  return 0;
#endif
}

Determining if the function pthread_create exists in the pthreads failed with the following output:
Change Dir: /root/catkin_ws/odroid-build/random_movement/CMakeFiles/CMakeTmp

Run Build Command:/usr/bin/make "cmTryCompileExec3006118817/fast"
/usr/bin/make -f CMakeFiles/cmTryCompileExec3006118817.dir/build.make CMakeFiles/cmTryCompileExec3006118817.dir/build
make[1]: Entering directory `/root/catkin_ws/odroid-build/random_movement/CMakeFiles/CMakeTmp'
/usr/bin/cmake -E cmake_progress_report /root/catkin_ws/odroid-build/random_movement/CMakeFiles/CMakeTmp/CMakeFiles 1
Building C object CMakeFiles/cmTryCompileExec3006118817.dir/CheckFunctionExists.c.o
/opt/odroid-x2/compiler/bin/arm-linux-gnueabihf-gcc   -DCHECK_FUNCTION_EXISTS=pthread_create   -o CMakeFiles/cmTryCompileExec3006118817.dir/CheckFunctionExists.c.o   -c /usr/share/cmake-2.8/Modules/CheckFunctionExists.c
Linking C executable cmTryCompileExec3006118817
/usr/bin/cmake -E cmake_link_script CMakeFiles/cmTryCompileExec3006118817.dir/link.txt --verbose=1
/opt/odroid-x2/compiler/bin/arm-linux-gnueabihf-gcc   -DCHECK_FUNCTION_EXISTS=pthread_create    CMakeFiles/cmTryCompileExec3006118817.dir/CheckFunctionExists.c.o  -o cmTryCompileExec3006118817 -rdynamic -lpthreads 
/opt/odroid-x2/compiler/bin/../lib/gcc/arm-linux-gnueabihf/4.8.3/../../../../arm-linux-gnueabihf/bin/ld: cannot find -lpthreads
collect2: error: ld returned 1 exit status
make[1]: Leaving directory `/root/catkin_ws/odroid-build/random_movement/CMakeFiles/CMakeTmp'
make[1]: *** [cmTryCompileExec3006118817] Error 1
make: *** [cmTryCompileExec3006118817/fast] Error 2


