[ 50%] Built target usb_cam
[100%] Built target usb_cam_node
[36mInstall the project...
[0m-- Install configuration: ""
-- Installing: /home/ros/model_car/catkin_ws/odroid-install/_setup_util.py
-- Installing: /home/ros/model_car/catkin_ws/odroid-install/env.sh
-- Installing: /home/ros/model_car/catkin_ws/odroid-install/setup.bash
-- Installing: /home/ros/model_car/catkin_ws/odroid-install/setup.sh
-- Installing: /home/ros/model_car/catkin_ws/odroid-install/setup.zsh
-- Installing: /home/ros/model_car/catkin_ws/odroid-install/.rosinstall
-- Installing: /home/ros/model_car/catkin_ws/odroid-install/lib/pkgconfig/usb_cam.pc
-- Installing: /home/ros/model_car/catkin_ws/odroid-install/share/usb_cam/cmake/usb_camConfig.cmake
-- Installing: /home/ros/model_car/catkin_ws/odroid-install/share/usb_cam/cmake/usb_camConfig-version.cmake
-- Installing: /home/ros/model_car/catkin_ws/odroid-install/share/usb_cam/package.xml
-- Installing: /home/ros/model_car/catkin_ws/odroid-install/lib/usb_cam/usb_cam_node
-- Removed runtime path from "/home/ros/model_car/catkin_ws/odroid-install/lib/usb_cam/usb_cam_node"
-- Installing: /home/ros/model_car/catkin_ws/odroid-install/lib/libusb_cam.so
-- Removed runtime path from "/home/ros/model_car/catkin_ws/odroid-install/lib/libusb_cam.so"
-- Installing: /home/ros/model_car/catkin_ws/odroid-install/share/usb_cam/launch
-- Installing: /home/ros/model_car/catkin_ws/odroid-install/share/usb_cam/launch/usb_cam-test.launch
-- Installing: /home/ros/model_car/catkin_ws/odroid-install/include/usb_cam
-- Installing: /home/ros/model_car/catkin_ws/odroid-install/include/usb_cam/usb_cam.h
