Not searching for unused variables given on the command line.
[36m--[0m The C compiler identification is GNU 4.7.2
[36m--[0m The CXX compiler identification is GNU 4.7.2
[36m--[0m Check for working C compiler: /opt/odroid-x2/compiler/bin/arm-linux-gnueabihf-gcc
[36m--[0m Check for working C compiler: /opt/odroid-x2/compiler/bin/arm-linux-gnueabihf-gcc -- works
[36m--[0m Detecting C compiler ABI info
[36m--[0m Detecting C compiler ABI info - done
[36m--[0m Check for working CXX compiler: /opt/odroid-x2/compiler/bin/arm-linux-gnueabihf-g++
[36m--[0m Check for working CXX compiler: /opt/odroid-x2/compiler/bin/arm-linux-gnueabihf-g++ -- works
[36m--[0m Detecting CXX compiler ABI info
[36m--[0m Detecting CXX compiler ABI info - done
[36m--[0m Using CATKIN_DEVEL_PREFIX: /home/mi/boroujeni/model_car/catkin_ws/odroid-devel/.private/usb_cam
[36m--[0m Using CMAKE_PREFIX_PATH: /home/mi/boroujeni/model_car/catkin_ws/odroid-devel;/opt/odroid-x2/sdk/opt/ros/indigo;/opt/odroid-x2/sdk//opt/ros/indigo
[36m--[0m This workspace overlays: /home/mi/boroujeni/model_car/catkin_ws/odroid-devel;/opt/odroid-x2/sdk/opt/ros/indigo;/opt/odroid-x2/sdk//opt/ros/indigo
[36m--[0m Found PythonInterp: /usr/bin/python (found version "2.7.6")
[36m--[0m Using PYTHON_EXECUTABLE: /usr/bin/python
[36m--[0m Using Debian Python package layout
[36m--[0m Using empy: /usr/bin/empy
[36m--[0m Using CATKIN_ENABLE_TESTING: ON
[36m--[0m Call enable_testing()
[36m--[0m Using CATKIN_TEST_RESULTS_DIR: /home/mi/boroujeni/model_car/catkin_ws/odroid-build/usb_cam/test_results
[36m--[0m Looking for include file pthread.h
[36m--[0m Looking for include file pthread.h - found
[36m--[0m Looking for pthread_create
[36m--[0m Looking for pthread_create - not found
[36m--[0m Looking for pthread_create in pthreads
[36m--[0m Looking for pthread_create in pthreads - not found
[36m--[0m Looking for pthread_create in pthread
[36m--[0m Looking for pthread_create in pthread - found
[36m--[0m Found Threads: TRUE
[36m--[0m Found gtest sources under '/usr/src/gtest': gtests will be built
[36m--[0m Using Python nosetests: /usr/bin/nosetests-2.7
[36m--[0m catkin 0.6.18
[36m--[0m Found PkgConfig: /usr/bin/pkg-config (found version "0.26")
[36m--[0m checking for module 'libavcodec'
[36m--[0m   found libavcodec, version 54.35.0
[36m--[0m checking for module 'libswscale'
[36m--[0m   found libswscale, version 2.1.1
[36m--[0m Configuring done
[36m--[0m Generating done
[36m--[0m Build files have been written to: /home/mi/boroujeni/model_car/catkin_ws/odroid-build/usb_cam
