Not searching for unused variables given on the command line.
[36m--[0m The C compiler identification is GNU 4.8.4
[36m--[0m The CXX compiler identification is GNU 4.8.4
[36m--[0m Check for working C compiler: /usr/bin/cc
[36m--[0m Check for working C compiler: /usr/bin/cc -- works
[36m--[0m Detecting C compiler ABI info
[36m--[0m Detecting C compiler ABI info - done
[36m--[0m Check for working CXX compiler: /usr/bin/c++
[36m--[0m Check for working CXX compiler: /usr/bin/c++ -- works
[36m--[0m Detecting CXX compiler ABI info
[36m--[0m Detecting CXX compiler ABI info - done
[36m--[0m Using CATKIN_DEVEL_PREFIX: /home/ros/model_car/catkin_ws/devel
[36m--[0m Using CMAKE_PREFIX_PATH: /home/ros/model_car/catkin_ws/install;/opt/ros/indigo
[36m--[0m This workspace overlays: /home/ros/model_car/catkin_ws/install;/opt/ros/indigo
[36m--[0m Found PythonInterp: /usr/bin/python (found version "2.7.6")
[36m--[0m Using PYTHON_EXECUTABLE: /usr/bin/python
[36m--[0m Using Debian Python package layout
[36m--[0m Using empy: /usr/bin/empy
[36m--[0m Using CATKIN_ENABLE_TESTING: ON
[36m--[0m Call enable_testing()
[36m--[0m Using CATKIN_TEST_RESULTS_DIR: /home/ros/model_car/catkin_ws/build/usb_cam/test_results
[36m--[0m Looking for include file pthread.h
[36m--[0m Looking for include file pthread.h - found
[36m--[0m Looking for pthread_create
[36m--[0m Looking for pthread_create - not found
[36m--[0m Looking for pthread_create in pthreads
[36m--[0m Looking for pthread_create in pthreads - not found
[36m--[0m Looking for pthread_create in pthread
[36m--[0m Looking for pthread_create in pthread - found
[36m--[0m Found Threads: TRUE
[36m--[0m Found gtest sources under '/usr/src/gtest': gtests will be built
[36m--[0m Using Python nosetests: /usr/bin/nosetests-2.7
[36m--[0m catkin 0.6.18
[33m[1mCMake Warning[0m at /opt/ros/indigo/share/catkin/cmake/catkinConfig.cmake:76 (find_package):
  Could not find a package configuration file provided by
  "camera_info_manager" with any of the following names:

    camera_info_managerConfig.cmake
    camera_info_manager-config.cmake

  Add the installation prefix of "camera_info_manager" to CMAKE_PREFIX_PATH
  or set "camera_info_manager_DIR" to a directory containing one of the above
  files.  If "camera_info_manager" provides a separate development package or
  SDK, be sure it has been installed.
[36mCall Stack (most recent call first):[0m
  CMakeLists.txt:7 (find_package)


[31m[1mCMake Error[0m at /opt/ros/indigo/share/catkin/cmake/catkinConfig.cmake:83 (find_package):
  Could not find a package configuration file provided by
  "camera_info_manager" with any of the following names:

    camera_info_managerConfig.cmake
    camera_info_manager-config.cmake

  Add the installation prefix of "camera_info_manager" to CMAKE_PREFIX_PATH
  or set "camera_info_manager_DIR" to a directory containing one of the above
  files.  If "camera_info_manager" provides a separate development package or
  SDK, be sure it has been installed.
[36mCall Stack (most recent call first):[0m
  CMakeLists.txt:7 (find_package)


[36m--[0m Could not find the required component 'camera_info_manager'. The following CMake error indicates that you either need to install the package with the same name or change your environment so that it can be found.
[36m--[0m Configuring incomplete, errors occurred!
See also "/home/ros/model_car/catkin_ws/build/usb_cam/CMakeFiles/CMakeOutput.log".
See also "/home/ros/model_car/catkin_ws/build/usb_cam/CMakeFiles/CMakeError.log".
