[33m[1mCMake Warning[0m at /opt/ros/indigo/share/catkin/cmake/catkinConfig.cmake:76 (find_package):
  Could not find a package configuration file provided by
  "camera_info_manager" with any of the following names:

    camera_info_managerConfig.cmake
    camera_info_manager-config.cmake

  Add the installation prefix of "camera_info_manager" to CMAKE_PREFIX_PATH
  or set "camera_info_manager_DIR" to a directory containing one of the above
  files.  If "camera_info_manager" provides a separate development package or
  SDK, be sure it has been installed.
[36mCall Stack (most recent call first):[0m
  CMakeLists.txt:7 (find_package)


[31m[1mCMake Error[0m at /opt/ros/indigo/share/catkin/cmake/catkinConfig.cmake:83 (find_package):
  Could not find a package configuration file provided by
  "camera_info_manager" with any of the following names:

    camera_info_managerConfig.cmake
    camera_info_manager-config.cmake

  Add the installation prefix of "camera_info_manager" to CMAKE_PREFIX_PATH
  or set "camera_info_manager_DIR" to a directory containing one of the above
  files.  If "camera_info_manager" provides a separate development package or
  SDK, be sure it has been installed.
[36mCall Stack (most recent call first):[0m
  CMakeLists.txt:7 (find_package)


