[ 50%] Built target send_steering
[100%] Built target send_steering_node
[36mInstall the project...
[0m-- Install configuration: ""
-- Installing: /home/ros/model_car/catkin_ws/install/_setup_util.py
-- Installing: /home/ros/model_car/catkin_ws/install/env.sh
-- Installing: /home/ros/model_car/catkin_ws/install/setup.bash
-- Installing: /home/ros/model_car/catkin_ws/install/setup.sh
-- Installing: /home/ros/model_car/catkin_ws/install/setup.zsh
-- Installing: /home/ros/model_car/catkin_ws/install/.rosinstall
-- Installing: /home/ros/model_car/catkin_ws/install/lib/pkgconfig/send_steering.pc
-- Installing: /home/ros/model_car/catkin_ws/install/share/send_steering/cmake/send_steeringConfig.cmake
-- Installing: /home/ros/model_car/catkin_ws/install/share/send_steering/cmake/send_steeringConfig-version.cmake
-- Installing: /home/ros/model_car/catkin_ws/install/share/send_steering/package.xml
-- Installing: /home/ros/model_car/catkin_ws/install/lib/libsend_steering.so
-- Installing: /home/ros/model_car/catkin_ws/install/lib/send_steering/send_steering_node
-- Removed runtime path from "/home/ros/model_car/catkin_ws/install/lib/send_steering/send_steering_node"
CMake Error at cmake_install.cmake:167 (FILE):
  file INSTALL cannot find
  "/home/ros/model_car/catkin_ws/src/send_steering/include/send_steering".


make: *** [install] Error 1
