-- Using CATKIN_DEVEL_PREFIX: /root/catkin_ws/devel/.private/send_steering
-- Using CMAKE_PREFIX_PATH: /root/catkin_ws/devel;/root/catkin_ws_user/odroid-devel;/opt/ros/indigo;//opt/ros/indigo
-- This workspace overlays: /root/catkin_ws/devel;/root/catkin_ws_user/odroid-devel;/opt/ros/indigo;//opt/ros/indigo
-- Using PYTHON_EXECUTABLE: /usr/bin/python
-- Using Debian Python package layout
-- Using empy: /usr/bin/empy
-- Using CATKIN_ENABLE_TESTING: ON
-- Call enable_testing()
-- Using CATKIN_TEST_RESULTS_DIR: /root/catkin_ws/build/send_steering/test_results
-- Found gtest sources under '/usr/src/gtest': gtests will be built
-- Using Python nosetests: /usr/bin/nosetests-2.7
-- catkin 0.6.18
-- Configuring done
-- Generating done
-- Build files have been written to: /root/catkin_ws/build/send_steering
[35m[1mScanning dependencies of target send_steering
make[2]: Warning: File `/opt/ros/indigo/include/XmlRpcDecl.h' has modification time 1e+08 s in the future
[0m[ 50%] [32mBuilding CXX object CMakeFiles/send_steering.dir/src/send_steering.cpp.o
[0m[31m[1mLinking CXX shared library /root/catkin_ws/devel/.private/send_steering/lib/libsend_steering.so
make[2]: warning:  Clock skew detected.  Your build may be incomplete.
[0m[ 50%] Built target send_steering
[35m[1mScanning dependencies of target send_steering_node
make[2]: Warning: File `/opt/ros/indigo/include/XmlRpcDecl.h' has modification time 1e+08 s in the future
[0m[100%] [32mBuilding CXX object CMakeFiles/send_steering_node.dir/src/send_steering_node.cpp.o
[0m[31m[1mLinking CXX executable /root/catkin_ws/devel/.private/send_steering/lib/send_steering/send_steering_node
make[2]: warning:  Clock skew detected.  Your build may be incomplete.
[0m[100%] Built target send_steering_node
