Determining if the pthread_create exist failed with the following output:
Change Dir: /root/catkin_ws/build/send_steering_light_speed/CMakeFiles/CMakeTmp

Run Build Command:"/usr/bin/make" "cmTC_84437/fast"
/usr/bin/make -f CMakeFiles/cmTC_84437.dir/build.make CMakeFiles/cmTC_84437.dir/build
make[1]: Entering directory '/root/catkin_ws/build/send_steering_light_speed/CMakeFiles/CMakeTmp'
Building C object CMakeFiles/cmTC_84437.dir/CheckSymbolExists.c.o
/usr/bin/cc     -o CMakeFiles/cmTC_84437.dir/CheckSymbolExists.c.o   -c /root/catkin_ws/build/send_steering_light_speed/CMakeFiles/CMakeTmp/CheckSymbolExists.c
Linking C executable cmTC_84437
/usr/bin/cmake -E cmake_link_script CMakeFiles/cmTC_84437.dir/link.txt --verbose=1
/usr/bin/cc       CMakeFiles/cmTC_84437.dir/CheckSymbolExists.c.o  -o cmTC_84437 -rdynamic 
CMakeFiles/cmTC_84437.dir/CheckSymbolExists.c.o: In function `main':
CheckSymbolExists.c:(.text+0xe): undefined reference to `pthread_create'
CheckSymbolExists.c:(.text+0x12): undefined reference to `pthread_create'
collect2: error: ld returned 1 exit status
CMakeFiles/cmTC_84437.dir/build.make:97: recipe for target 'cmTC_84437' failed
make[1]: *** [cmTC_84437] Error 1
make[1]: Leaving directory '/root/catkin_ws/build/send_steering_light_speed/CMakeFiles/CMakeTmp'
Makefile:126: recipe for target 'cmTC_84437/fast' failed
make: *** [cmTC_84437/fast] Error 2

File /root/catkin_ws/build/send_steering_light_speed/CMakeFiles/CMakeTmp/CheckSymbolExists.c:
/* */
#include <pthread.h>

int main(int argc, char** argv)
{
  (void)argv;
#ifndef pthread_create
  return ((int*)(&pthread_create))[argc];
#else
  (void)argc;
  return 0;
#endif
}

Determining if the function pthread_create exists in the pthreads failed with the following output:
Change Dir: /root/catkin_ws/build/send_steering_light_speed/CMakeFiles/CMakeTmp

Run Build Command:"/usr/bin/make" "cmTC_457c4/fast"
/usr/bin/make -f CMakeFiles/cmTC_457c4.dir/build.make CMakeFiles/cmTC_457c4.dir/build
make[1]: Entering directory '/root/catkin_ws/build/send_steering_light_speed/CMakeFiles/CMakeTmp'
Building C object CMakeFiles/cmTC_457c4.dir/CheckFunctionExists.c.o
/usr/bin/cc    -DCHECK_FUNCTION_EXISTS=pthread_create   -o CMakeFiles/cmTC_457c4.dir/CheckFunctionExists.c.o   -c /usr/share/cmake-3.5/Modules/CheckFunctionExists.c
Linking C executable cmTC_457c4
/usr/bin/cmake -E cmake_link_script CMakeFiles/cmTC_457c4.dir/link.txt --verbose=1
/usr/bin/cc   -DCHECK_FUNCTION_EXISTS=pthread_create    CMakeFiles/cmTC_457c4.dir/CheckFunctionExists.c.o  -o cmTC_457c4 -rdynamic -lpthreads 
/usr/bin/ld: cannot find -lpthreads
collect2: error: ld returned 1 exit status
CMakeFiles/cmTC_457c4.dir/build.make:97: recipe for target 'cmTC_457c4' failed
make[1]: *** [cmTC_457c4] Error 1
make[1]: Leaving directory '/root/catkin_ws/build/send_steering_light_speed/CMakeFiles/CMakeTmp'
Makefile:126: recipe for target 'cmTC_457c4/fast' failed
make: *** [cmTC_457c4/fast] Error 2


