Determining if the pthread_create exist failed with the following output:
Change Dir: /root/catkin_ws/build/head_twist_revolutions/CMakeFiles/CMakeTmp

Run Build Command:"/usr/bin/make" "cmTC_650f6/fast"
/usr/bin/make -f CMakeFiles/cmTC_650f6.dir/build.make CMakeFiles/cmTC_650f6.dir/build
make[1]: Entering directory '/root/catkin_ws/build/head_twist_revolutions/CMakeFiles/CMakeTmp'
Building C object CMakeFiles/cmTC_650f6.dir/CheckSymbolExists.c.o
/usr/bin/cc     -o CMakeFiles/cmTC_650f6.dir/CheckSymbolExists.c.o   -c /root/catkin_ws/build/head_twist_revolutions/CMakeFiles/CMakeTmp/CheckSymbolExists.c
Linking C executable cmTC_650f6
/usr/bin/cmake -E cmake_link_script CMakeFiles/cmTC_650f6.dir/link.txt --verbose=1
/usr/bin/cc       CMakeFiles/cmTC_650f6.dir/CheckSymbolExists.c.o  -o cmTC_650f6 -rdynamic 
CMakeFiles/cmTC_650f6.dir/CheckSymbolExists.c.o: In function `main':
CheckSymbolExists.c:(.text+0xe): undefined reference to `pthread_create'
CheckSymbolExists.c:(.text+0x12): undefined reference to `pthread_create'
collect2: error: ld returned 1 exit status
CMakeFiles/cmTC_650f6.dir/build.make:97: recipe for target 'cmTC_650f6' failed
make[1]: *** [cmTC_650f6] Error 1
make[1]: Leaving directory '/root/catkin_ws/build/head_twist_revolutions/CMakeFiles/CMakeTmp'
Makefile:126: recipe for target 'cmTC_650f6/fast' failed
make: *** [cmTC_650f6/fast] Error 2

File /root/catkin_ws/build/head_twist_revolutions/CMakeFiles/CMakeTmp/CheckSymbolExists.c:
/* */
#include <pthread.h>

int main(int argc, char** argv)
{
  (void)argv;
#ifndef pthread_create
  return ((int*)(&pthread_create))[argc];
#else
  (void)argc;
  return 0;
#endif
}

Determining if the function pthread_create exists in the pthreads failed with the following output:
Change Dir: /root/catkin_ws/build/head_twist_revolutions/CMakeFiles/CMakeTmp

Run Build Command:"/usr/bin/make" "cmTC_cc138/fast"
/usr/bin/make -f CMakeFiles/cmTC_cc138.dir/build.make CMakeFiles/cmTC_cc138.dir/build
make[1]: Entering directory '/root/catkin_ws/build/head_twist_revolutions/CMakeFiles/CMakeTmp'
Building C object CMakeFiles/cmTC_cc138.dir/CheckFunctionExists.c.o
/usr/bin/cc    -DCHECK_FUNCTION_EXISTS=pthread_create   -o CMakeFiles/cmTC_cc138.dir/CheckFunctionExists.c.o   -c /usr/share/cmake-3.5/Modules/CheckFunctionExists.c
Linking C executable cmTC_cc138
/usr/bin/cmake -E cmake_link_script CMakeFiles/cmTC_cc138.dir/link.txt --verbose=1
/usr/bin/cc   -DCHECK_FUNCTION_EXISTS=pthread_create    CMakeFiles/cmTC_cc138.dir/CheckFunctionExists.c.o  -o cmTC_cc138 -rdynamic -lpthreads 
/usr/bin/ld: cannot find -lpthreads
collect2: error: ld returned 1 exit status
CMakeFiles/cmTC_cc138.dir/build.make:97: recipe for target 'cmTC_cc138' failed
make[1]: *** [cmTC_cc138] Error 1
make[1]: Leaving directory '/root/catkin_ws/build/head_twist_revolutions/CMakeFiles/CMakeTmp'
Makefile:126: recipe for target 'cmTC_cc138/fast' failed
make: *** [cmTC_cc138/fast] Error 2


