Not searching for unused variables given on the command line.
[36m--[0m The C compiler identification is GNU 4.7.2
[36m--[0m The CXX compiler identification is GNU 4.7.2
[36m--[0m Check for working C compiler: /opt/odroid-x2/compiler/bin/arm-linux-gnueabihf-gcc
[36m--[0m Check for working C compiler: /opt/odroid-x2/compiler/bin/arm-linux-gnueabihf-gcc -- works
[36m--[0m Detecting C compiler ABI info
[36m--[0m Detecting C compiler ABI info - done
[36m--[0m Check for working CXX compiler: /opt/odroid-x2/compiler/bin/arm-linux-gnueabihf-g++
[36m--[0m Check for working CXX compiler: /opt/odroid-x2/compiler/bin/arm-linux-gnueabihf-g++ -- works
[36m--[0m Detecting CXX compiler ABI info
[36m--[0m Detecting CXX compiler ABI info - done
[36m--[0m checking for module 'eigen3'
[36m--[0m   found eigen3, version 3.2.0
[36m--[0m Found eigen: /opt/odroid-x2/sdk/usr/include/eigen3
[36m--[0m Boost version: 1.54.0
[36m--[0m Found the following Boost libraries:
[36m--[0m   system
[36m--[0m   filesystem
[36m--[0m   thread
[36m--[0m   date_time
[36m--[0m   iostreams
[36m--[0m   mpi
[36m--[0m   serialization
[36m--[0m checking for module 'flann'
[36m--[0m   found flann, version 1.8.4
[36m--[0m Found Flann: /opt/odroid-x2/sdk/usr/lib/arm-linux-gnueabihf/libflann_cpp_s.a
[36m--[0m checking for module 'openni-dev'
[36m--[0m   package 'openni-dev' not found
[36m--[0m Found openni: /opt/odroid-x2/sdk/usr/lib/libOpenNI.so
[36m--[0m The imported target "vtkWrapTcl" references the file
   "/opt/odroid-x2/sdk/usr/bin/vtkWrapTcl"
but this file does not exist.  Possible reasons include:
* The file was deleted, renamed, or moved to another location.
* An install or uninstall procedure did not complete successfully.
* The installation package was faulty and contained
   "/opt/odroid-x2/sdk/usr/lib/vtk-5.8/VTKTargets.cmake"
but not all the files it references.

[36m--[0m The imported target "vtkWrapTclInit" references the file
   "/opt/odroid-x2/sdk/usr/bin/vtkWrapTclInit"
but this file does not exist.  Possible reasons include:
* The file was deleted, renamed, or moved to another location.
* An install or uninstall procedure did not complete successfully.
* The installation package was faulty and contained
   "/opt/odroid-x2/sdk/usr/lib/vtk-5.8/VTKTargets.cmake"
but not all the files it references.

[36m--[0m The imported target "vtkWrapPython" references the file
   "/opt/odroid-x2/sdk/usr/bin/vtkWrapPython"
but this file does not exist.  Possible reasons include:
* The file was deleted, renamed, or moved to another location.
* An install or uninstall procedure did not complete successfully.
* The installation package was faulty and contained
   "/opt/odroid-x2/sdk/usr/lib/vtk-5.8/VTKTargets.cmake"
but not all the files it references.

[36m--[0m The imported target "vtkWrapPythonInit" references the file
   "/opt/odroid-x2/sdk/usr/bin/vtkWrapPythonInit"
but this file does not exist.  Possible reasons include:
* The file was deleted, renamed, or moved to another location.
* An install or uninstall procedure did not complete successfully.
* The installation package was faulty and contained
   "/opt/odroid-x2/sdk/usr/lib/vtk-5.8/VTKTargets.cmake"
but not all the files it references.

[36m--[0m The imported target "vtkParseJava" references the file
   "/opt/odroid-x2/sdk/usr/bin/vtkParseJava"
but this file does not exist.  Possible reasons include:
* The file was deleted, renamed, or moved to another location.
* An install or uninstall procedure did not complete successfully.
* The installation package was faulty and contained
   "/opt/odroid-x2/sdk/usr/lib/vtk-5.8/VTKTargets.cmake"
but not all the files it references.

[36m--[0m The imported target "vtkWrapJava" references the file
   "/opt/odroid-x2/sdk/usr/bin/vtkWrapJava"
but this file does not exist.  Possible reasons include:
* The file was deleted, renamed, or moved to another location.
* An install or uninstall procedure did not complete successfully.
* The installation package was faulty and contained
   "/opt/odroid-x2/sdk/usr/lib/vtk-5.8/VTKTargets.cmake"
but not all the files it references.

[36m--[0m The imported target "vtkEncodeString" references the file
   "/opt/odroid-x2/sdk/usr/bin/vtkEncodeString"
but this file does not exist.  Possible reasons include:
* The file was deleted, renamed, or moved to another location.
* An install or uninstall procedure did not complete successfully.
* The installation package was faulty and contained
   "/opt/odroid-x2/sdk/usr/lib/vtk-5.8/VTKTargets.cmake"
but not all the files it references.

[36m--[0m The imported target "vtk" references the file
   "/opt/odroid-x2/sdk/usr/bin/vtk"
but this file does not exist.  Possible reasons include:
* The file was deleted, renamed, or moved to another location.
* An install or uninstall procedure did not complete successfully.
* The installation package was faulty and contained
   "/opt/odroid-x2/sdk/usr/lib/vtk-5.8/VTKTargets.cmake"
but not all the files it references.

[36m--[0m The imported target "pvtk" references the file
   "/opt/odroid-x2/sdk/usr/bin/pvtk"
but this file does not exist.  Possible reasons include:
* The file was deleted, renamed, or moved to another location.
* An install or uninstall procedure did not complete successfully.
* The installation package was faulty and contained
   "/opt/odroid-x2/sdk/usr/lib/vtk-5.8/VTKTargets.cmake"
but not all the files it references.

[36m--[0m Found libusb-1.0: /opt/odroid-x2/sdk/usr/include
[36m--[0m checking for module 'openni-dev'
[36m--[0m   package 'openni-dev' not found
[36m--[0m Found qhull: /opt/odroid-x2/sdk/usr/lib/arm-linux-gnueabihf/libqhull.so
[36m--[0m checking for module 'openni-dev'
[36m--[0m   package 'openni-dev' not found
[36m--[0m looking for PCL_COMMON
[36m--[0m Found PCL_COMMON: /opt/odroid-x2/sdk/usr/lib/libpcl_common.so
[36m--[0m looking for PCL_KDTREE
[36m--[0m Found PCL_KDTREE: /opt/odroid-x2/sdk/usr/lib/libpcl_kdtree.so
[36m--[0m looking for PCL_OCTREE
[36m--[0m Found PCL_OCTREE: /opt/odroid-x2/sdk/usr/lib/libpcl_octree.so
[36m--[0m looking for PCL_SEARCH
[36m--[0m Found PCL_SEARCH: /opt/odroid-x2/sdk/usr/lib/libpcl_search.so
[36m--[0m looking for PCL_SAMPLE_CONSENSUS
[36m--[0m Found PCL_SAMPLE_CONSENSUS: /opt/odroid-x2/sdk/usr/lib/libpcl_sample_consensus.so
[36m--[0m looking for PCL_FILTERS
[36m--[0m Found PCL_FILTERS: /opt/odroid-x2/sdk/usr/lib/libpcl_filters.so
[36m--[0m looking for PCL_FEATURES
[36m--[0m Found PCL_FEATURES: /opt/odroid-x2/sdk/usr/lib/libpcl_features.so
[36m--[0m looking for PCL_IO
[36m--[0m Found PCL_IO: /opt/odroid-x2/sdk/usr/lib/libpcl_io.so
[36m--[0m looking for PCL_GEOMETRY
[36m--[0m Found PCL_GEOMETRY: /opt/odroid-x2/sdk/usr/include/pcl-1.7
[36m--[0m looking for PCL_VISUALIZATION
[36m--[0m Found PCL_VISUALIZATION: /opt/odroid-x2/sdk/usr/lib/libpcl_visualization.so
[36m--[0m looking for PCL_SEGMENTATION
[36m--[0m Found PCL_SEGMENTATION: /opt/odroid-x2/sdk/usr/lib/libpcl_segmentation.so
[36m--[0m looking for PCL_PEOPLE
[36m--[0m Found PCL_PEOPLE: /opt/odroid-x2/sdk/usr/lib/libpcl_people.so
[36m--[0m looking for PCL_SURFACE
[36m--[0m Found PCL_SURFACE: /opt/odroid-x2/sdk/usr/lib/libpcl_surface.so
[36m--[0m looking for PCL_REGISTRATION
[36m--[0m Found PCL_REGISTRATION: /opt/odroid-x2/sdk/usr/lib/libpcl_registration.so
[36m--[0m looking for PCL_KEYPOINTS
[36m--[0m Found PCL_KEYPOINTS: /opt/odroid-x2/sdk/usr/lib/libpcl_keypoints.so
[36m--[0m looking for PCL_TRACKING
[36m--[0m Found PCL_TRACKING: /opt/odroid-x2/sdk/usr/lib/libpcl_tracking.so
[36m--[0m looking for PCL_RECOGNITION
[36m--[0m Found PCL_RECOGNITION: /opt/odroid-x2/sdk/usr/lib/libpcl_recognition.so
[36m--[0m looking for PCL_APPS
[36m--[0m Found PCL_APPS: /opt/odroid-x2/sdk/usr/lib/libpcl_apps.so
[36m--[0m looking for PCL_OUTOFCORE
[36m--[0m Found PCL_OUTOFCORE: /opt/odroid-x2/sdk/usr/lib/libpcl_outofcore.so
[36m--[0m Found PCL: /opt/odroid-x2/sdk/usr/lib/arm-linux-gnueabihf/libboost_system.so;/opt/odroid-x2/sdk/usr/lib/arm-linux-gnueabihf/libboost_filesystem.so;/opt/odroid-x2/sdk/usr/lib/arm-linux-gnueabihf/libboost_thread.so;/opt/odroid-x2/sdk/usr/lib/arm-linux-gnueabihf/libboost_date_time.so;/opt/odroid-x2/sdk/usr/lib/arm-linux-gnueabihf/libboost_iostreams.so;/opt/odroid-x2/sdk/usr/lib/arm-linux-gnueabihf/libboost_mpi.so;/opt/odroid-x2/sdk/usr/lib/arm-linux-gnueabihf/libboost_serialization.so;/opt/odroid-x2/sdk/usr/lib/arm-linux-gnueabihf/libpthread.so;optimized;/opt/odroid-x2/sdk/usr/lib/libpcl_common.so;debug;/opt/odroid-x2/sdk/usr/lib/libpcl_common.so;optimized;/opt/odroid-x2/sdk/usr/lib/arm-linux-gnueabihf/libflann_cpp_s.a;debug;/opt/odroid-x2/sdk/usr/lib/arm-linux-gnueabihf/libflann_cpp_s.a;optimized;/opt/odroid-x2/sdk/usr/lib/libpcl_kdtree.so;debug;/opt/odroid-x2/sdk/usr/lib/libpcl_kdtree.so;optimized;/opt/odroid-x2/sdk/usr/lib/libpcl_octree.so;debug;/opt/odroid-x2/sdk/usr/lib/libpcl_octree.so;optimized;/opt/odroid-x2/sdk/usr/lib/libpcl_search.so;debug;/opt/odroid-x2/sdk/usr/lib/libpcl_search.so;optimized;/opt/odroid-x2/sdk/usr/lib/libpcl_sample_consensus.so;debug;/opt/odroid-x2/sdk/usr/lib/libpcl_sample_consensus.so;optimized;/opt/odroid-x2/sdk/usr/lib/libpcl_filters.so;debug;/opt/odroid-x2/sdk/usr/lib/libpcl_filters.so;optimized;/opt/odroid-x2/sdk/usr/lib/libpcl_features.so;debug;/opt/odroid-x2/sdk/usr/lib/libpcl_features.so;/opt/odroid-x2/sdk/usr/lib/libOpenNI.so;vtkCommon;vtkRendering;vtkHybrid;vtkCharts;optimized;/opt/odroid-x2/sdk/usr/lib/libpcl_io.so;debug;/opt/odroid-x2/sdk/usr/lib/libpcl_io.so;optimized;/opt/odroid-x2/sdk/usr/lib/libpcl_visualization.so;debug;/opt/odroid-x2/sdk/usr/lib/libpcl_visualization.so;optimized;/opt/odroid-x2/sdk/usr/lib/libpcl_segmentation.so;debug;/opt/odroid-x2/sdk/usr/lib/libpcl_segmentation.so;optimized;/opt/odroid-x2/sdk/usr/lib/libpcl_people.so;debug;/opt/odroid-x2/sdk/usr/lib/libpcl_people.so;optimized;/opt/odroid-x2/sdk/usr/lib/arm-linux-gnueabihf/libqhull.so;debug;/opt/odroid-x2/sdk/usr/lib/arm-linux-gnueabihf/libqhull.so;optimized;/opt/odroid-x2/sdk/usr/lib/libpcl_surface.so;debug;/opt/odroid-x2/sdk/usr/lib/libpcl_surface.so;optimized;/opt/odroid-x2/sdk/usr/lib/libpcl_registration.so;debug;/opt/odroid-x2/sdk/usr/lib/libpcl_registration.so;optimized;/opt/odroid-x2/sdk/usr/lib/libpcl_keypoints.so;debug;/opt/odroid-x2/sdk/usr/lib/libpcl_keypoints.so;optimized;/opt/odroid-x2/sdk/usr/lib/libpcl_tracking.so;debug;/opt/odroid-x2/sdk/usr/lib/libpcl_tracking.so;optimized;/opt/odroid-x2/sdk/usr/lib/libpcl_recognition.so;debug;/opt/odroid-x2/sdk/usr/lib/libpcl_recognition.so;optimized;/opt/odroid-x2/sdk/usr/lib/libpcl_apps.so;debug;/opt/odroid-x2/sdk/usr/lib/libpcl_apps.so;optimized;/opt/odroid-x2/sdk/usr/lib/libpcl_outofcore.so;debug;/opt/odroid-x2/sdk/usr/lib/libpcl_outofcore.so;/opt/odroid-x2/sdk/usr/lib/arm-linux-gnueabihf/libboost_system.so;/opt/odroid-x2/sdk/usr/lib/arm-linux-gnueabihf/libboost_filesystem.so;/opt/odroid-x2/sdk/usr/lib/arm-linux-gnueabihf/libboost_thread.so;/opt/odroid-x2/sdk/usr/lib/arm-linux-gnueabihf/libboost_date_time.so;/opt/odroid-x2/sdk/usr/lib/arm-linux-gnueabihf/libboost_iostreams.so;/opt/odroid-x2/sdk/usr/lib/arm-linux-gnueabihf/libboost_mpi.so;/opt/odroid-x2/sdk/usr/lib/arm-linux-gnueabihf/libboost_serialization.so;/opt/odroid-x2/sdk/usr/lib/arm-linux-gnueabihf/libpthread.so;optimized;/opt/odroid-x2/sdk/usr/lib/arm-linux-gnueabihf/libqhull.so;debug;/opt/odroid-x2/sdk/usr/lib/arm-linux-gnueabihf/libqhull.so;/opt/odroid-x2/sdk/usr/lib/libOpenNI.so;optimized;/opt/odroid-x2/sdk/usr/lib/arm-linux-gnueabihf/libflann_cpp_s.a;debug;/opt/odroid-x2/sdk/usr/lib/arm-linux-gnueabihf/libflann_cpp_s.a;vtkCommon;vtkRendering;vtkHybrid;vtkCharts
[36m--[0m Using CATKIN_DEVEL_PREFIX: /home/mi/boroujeni/model_car/catkin_ws/odroid-devel/.private/ip_mapping
[36m--[0m Using CMAKE_PREFIX_PATH: /home/mi/boroujeni/model_car/catkin_ws/odroid-devel;/opt/odroid-x2/sdk/opt/ros/indigo;/opt/odroid-x2/sdk//opt/ros/indigo
[36m--[0m This workspace overlays: /home/mi/boroujeni/model_car/catkin_ws/odroid-devel;/opt/odroid-x2/sdk/opt/ros/indigo;/opt/odroid-x2/sdk//opt/ros/indigo
[36m--[0m Found PythonInterp: /usr/bin/python (found version "2.7.6")
[36m--[0m Using PYTHON_EXECUTABLE: /usr/bin/python
[36m--[0m Using Debian Python package layout
[36m--[0m Using empy: /usr/bin/empy
[36m--[0m Using CATKIN_ENABLE_TESTING: ON
[36m--[0m Call enable_testing()
[36m--[0m Using CATKIN_TEST_RESULTS_DIR: /home/mi/boroujeni/model_car/catkin_ws/odroid-build/ip_mapping/test_results
[36m--[0m Looking for include file pthread.h
[36m--[0m Looking for include file pthread.h - found
[36m--[0m Looking for pthread_create
[36m--[0m Looking for pthread_create - not found
[36m--[0m Looking for pthread_create in pthreads
[36m--[0m Looking for pthread_create in pthreads - not found
[36m--[0m Looking for pthread_create in pthread
[36m--[0m Looking for pthread_create in pthread - found
[36m--[0m Found Threads: TRUE
[36m--[0m Found gtest sources under '/usr/src/gtest': gtests will be built
[36m--[0m Using Python nosetests: /usr/bin/nosetests-2.7
[36m--[0m catkin 0.6.18
[36m--[0m Using these message generators: gencpp;genlisp;genpy
[36m--[0m Configuring done
[36m--[0m Generating done
[36m--[0m Build files have been written to: /home/mi/boroujeni/model_car/catkin_ws/odroid-build/ip_mapping
