Symlinking /home/mi/boroujeni/model_car/catkin_ws/odroid-devel/share/ip_mapping/cmake/ip_mappingConfig-version.cmake
Symlinking /home/mi/boroujeni/model_car/catkin_ws/odroid-devel/share/ip_mapping/cmake/ip_mappingConfig.cmake
Symlinking /home/mi/boroujeni/model_car/catkin_ws/odroid-devel/lib/libIPMapper.so
Symlinking /home/mi/boroujeni/model_car/catkin_ws/odroid-devel/lib/pkgconfig/ip_mapping.pc
Symlinking /home/mi/boroujeni/model_car/catkin_ws/odroid-devel/lib/ip_mapping/ip_mapper_node
Cleaning: (/root/catkin_ws/odroid-devel/.private/ip_mapping/share/ip_mapping/cmake/ip_mappingConfig-version.cmake, /root/catkin_ws/odroid-devel/share/ip_mapping/cmake/ip_mappingConfig-version.cmake)
Cleaning: (/root/catkin_ws/odroid-devel/.private/ip_mapping/share/ip_mapping/cmake/ip_mappingConfig.cmake, /root/catkin_ws/odroid-devel/share/ip_mapping/cmake/ip_mappingConfig.cmake)
Cleaning: (/root/catkin_ws/odroid-devel/.private/ip_mapping/lib/libIPMapper.so, /root/catkin_ws/odroid-devel/lib/libIPMapper.so)
Cleaning: (/root/catkin_ws/odroid-devel/.private/ip_mapping/lib/pkgconfig/ip_mapping.pc, /root/catkin_ws/odroid-devel/lib/pkgconfig/ip_mapping.pc)
Cleaning: (/root/catkin_ws/odroid-devel/.private/ip_mapping/lib/ip_mapping/ip_mapper_node, /root/catkin_ws/odroid-devel/lib/ip_mapping/ip_mapper_node)
Unlinking: /root/catkin_ws/odroid-devel/share/ip_mapping/cmake/ip_mappingConfig-version.cmake
Already unlinked: {}
Unlinking: /root/catkin_ws/odroid-devel/share/ip_mapping/cmake/ip_mappingConfig.cmake
Already unlinked: {}
Unlinking: /root/catkin_ws/odroid-devel/lib/libIPMapper.so
Already unlinked: {}
Unlinking: /root/catkin_ws/odroid-devel/lib/pkgconfig/ip_mapping.pc
Already unlinked: {}
Unlinking: /root/catkin_ws/odroid-devel/lib/ip_mapping/ip_mapper_node
Already unlinked: {}
