The target system is: Linux - 1 - 
The host system is: Linux - 3.13.0-52-generic - x86_64
Compiling the C compiler identification source file "CMakeCCompilerId.c" succeeded.
Compiler: /opt/odroid-x2/compiler/bin/arm-linux-gnueabihf-gcc 
Build flags: ;--sysroot=/opt/odroid-x2/sdk;--sysroot=/opt/odroid-x2/sdk
Id flags: 

The output was:
0


Compilation of the C compiler identification source "CMakeCCompilerId.c" produced "a.out"

The C compiler identification is GNU, found in "/root/catkin_ws/odroid-build/cv_bridge/CMakeFiles/2.8.12.2/CompilerIdC/a.out"

Compiling the CXX compiler identification source file "CMakeCXXCompilerId.cpp" succeeded.
Compiler: /opt/odroid-x2/compiler/bin/arm-linux-gnueabihf-g++ 
Build flags: ;--sysroot=/opt/odroid-x2/sdk;--sysroot=/opt/odroid-x2/sdk
Id flags: 

The output was:
0


Compilation of the CXX compiler identification source "CMakeCXXCompilerId.cpp" produced "a.out"

The CXX compiler identification is GNU, found in "/root/catkin_ws/odroid-build/cv_bridge/CMakeFiles/2.8.12.2/CompilerIdCXX/a.out"

Determining if the C compiler works passed with the following output:
Change Dir: /root/catkin_ws/odroid-build/cv_bridge/CMakeFiles/CMakeTmp

Run Build Command:/usr/bin/make "cmTryCompileExec601043702/fast"
/usr/bin/make -f CMakeFiles/cmTryCompileExec601043702.dir/build.make CMakeFiles/cmTryCompileExec601043702.dir/build
make[1]: Entering directory `/root/catkin_ws/odroid-build/cv_bridge/CMakeFiles/CMakeTmp'
/usr/bin/cmake -E cmake_progress_report /root/catkin_ws/odroid-build/cv_bridge/CMakeFiles/CMakeTmp/CMakeFiles 1
Building C object CMakeFiles/cmTryCompileExec601043702.dir/testCCompiler.c.o
/opt/odroid-x2/compiler/bin/arm-linux-gnueabihf-gcc    -o CMakeFiles/cmTryCompileExec601043702.dir/testCCompiler.c.o   -c /root/catkin_ws/odroid-build/cv_bridge/CMakeFiles/CMakeTmp/testCCompiler.c
Linking C executable cmTryCompileExec601043702
/usr/bin/cmake -E cmake_link_script CMakeFiles/cmTryCompileExec601043702.dir/link.txt --verbose=1
/opt/odroid-x2/compiler/bin/arm-linux-gnueabihf-gcc       CMakeFiles/cmTryCompileExec601043702.dir/testCCompiler.c.o  -o cmTryCompileExec601043702  -L/opt/odroid-x2/sdk/usr/lib/arm-linux-gnueabihf/mesa-egl  -L/opt/odroid-x2/sdk/usr/lib/arm-linux-gnueabihf/mesa -rdynamic 
make[1]: Leaving directory `/root/catkin_ws/odroid-build/cv_bridge/CMakeFiles/CMakeTmp'


Detecting C compiler ABI info compiled with the following output:
Change Dir: /root/catkin_ws/odroid-build/cv_bridge/CMakeFiles/CMakeTmp

Run Build Command:/usr/bin/make "cmTryCompileExec2392978289/fast"
/usr/bin/make -f CMakeFiles/cmTryCompileExec2392978289.dir/build.make CMakeFiles/cmTryCompileExec2392978289.dir/build
make[1]: Entering directory `/root/catkin_ws/odroid-build/cv_bridge/CMakeFiles/CMakeTmp'
/usr/bin/cmake -E cmake_progress_report /root/catkin_ws/odroid-build/cv_bridge/CMakeFiles/CMakeTmp/CMakeFiles 1
Building C object CMakeFiles/cmTryCompileExec2392978289.dir/CMakeCCompilerABI.c.o
/opt/odroid-x2/compiler/bin/arm-linux-gnueabihf-gcc    -o CMakeFiles/cmTryCompileExec2392978289.dir/CMakeCCompilerABI.c.o   -c /usr/share/cmake-2.8/Modules/CMakeCCompilerABI.c
Linking C executable cmTryCompileExec2392978289
/usr/bin/cmake -E cmake_link_script CMakeFiles/cmTryCompileExec2392978289.dir/link.txt --verbose=1
/opt/odroid-x2/compiler/bin/arm-linux-gnueabihf-gcc     -v CMakeFiles/cmTryCompileExec2392978289.dir/CMakeCCompilerABI.c.o  -o cmTryCompileExec2392978289  -L/opt/odroid-x2/sdk/usr/lib/arm-linux-gnueabihf/mesa-egl  -L/opt/odroid-x2/sdk/usr/lib/arm-linux-gnueabihf/mesa -rdynamic  
Using built-in specs.
COLLECT_GCC=/opt/odroid-x2/compiler/bin/arm-linux-gnueabihf-gcc
COLLECT_LTO_WRAPPER=/opt/odroid-x2/compiler/bin/../libexec/gcc/arm-linux-gnueabihf/4.8.3/lto-wrapper
Target: arm-linux-gnueabihf
Configured with: /cbuild/slaves/oorts/crosstool-ng/builds/arm-linux-gnueabihf-linux/.build/src/gcc-linaro-4.8-2014.04/configure --build=i686-build_pc-linux-gnu --host=i686-build_pc-linux-gnu --target=arm-linux-gnueabihf --prefix=/cbuild/slaves/oorts/crosstool-ng/builds/arm-linux-gnueabihf-linux/install --with-sysroot=/cbuild/slaves/oorts/crosstool-ng/builds/arm-linux-gnueabihf-linux/install/arm-linux-gnueabihf/libc --enable-languages=c,c++,fortran --enable-multilib --with-arch=armv7-a --with-tune=cortex-a9 --with-fpu=vfpv3-d16 --with-float=hard --with-pkgversion='crosstool-NG linaro-1.13.1-4.8-2014.04 - Linaro GCC 4.8-2014.04' --with-bugurl=https://bugs.launchpad.net/gcc-linaro --enable-__cxa_atexit --enable-libmudflap --enable-libgomp --enable-libssp --with-gmp=/cbuild/slaves/oorts/crosstool-ng/builds/arm-linux-gnueabihf-linux/.build/arm-linux-gnueabihf/build/static --with-mpfr=/cbuild/slaves/oorts/crosstool-ng/builds/arm-linux-gnueabihf-linux/.build/arm-linux-gnueabihf/build/static --with-mpc=/cbuild/slaves/oorts/crosstool-ng/builds/arm-linux-gnueabihf-linux/.build/arm-linux-gnueabihf/build/static --with-isl=/cbuild/slaves/oorts/crosstool-ng/builds/arm-linux-gnueabihf-linux/.build/arm-linux-gnueabihf/build/static --with-cloog=/cbuild/slaves/oorts/crosstool-ng/builds/arm-linux-gnueabihf-linux/.build/arm-linux-gnueabihf/build/static --with-libelf=/cbuild/slaves/oorts/crosstool-ng/builds/arm-linux-gnueabihf-linux/.build/arm-linux-gnueabihf/build/static --enable-threads=posix --disable-libstdcxx-pch --enable-linker-build-id --enable-gold --with-local-prefix=/cbuild/slaves/oorts/crosstool-ng/builds/arm-linux-gnueabihf-linux/install/arm-linux-gnueabihf/libc --enable-c99 --enable-long-long --with-mode=thumb --with-float=hard
Thread model: posix
gcc version 4.8.3 20140401 (prerelease) (crosstool-NG linaro-1.13.1-4.8-2014.04 - Linaro GCC 4.8-2014.04) 
COMPILER_PATH=/opt/odroid-x2/compiler/bin/../libexec/gcc/arm-linux-gnueabihf/4.8.3/:/opt/odroid-x2/compiler/bin/../libexec/gcc/arm-linux-gnueabihf/:/opt/odroid-x2/compiler/bin/../libexec/gcc/:/opt/odroid-x2/compiler/bin/../libexec/gcc/arm-linux-gnueabihf/:/opt/odroid-x2/compiler/bin/../lib/gcc/arm-linux-gnueabihf/4.8.3/../../../../arm-linux-gnueabihf/bin/
LIBRARY_PATH=/opt/odroid-x2/compiler/bin/../lib/gcc/arm-linux-gnueabihf/4.8.3/:/opt/odroid-x2/compiler/bin/../lib/gcc/arm-linux-gnueabihf/:/opt/odroid-x2/compiler/bin/../lib/gcc/:/opt/odroid-x2/compiler/bin/../lib/gcc/arm-linux-gnueabihf/:/opt/odroid-x2/compiler/bin/../lib/gcc/arm-linux-gnueabihf/4.8.3/../../../../arm-linux-gnueabihf/lib/:/opt/odroid-x2/compiler/bin/../arm-linux-gnueabihf/libc/lib/arm-linux-gnueabihf/:/opt/odroid-x2/compiler/bin/../arm-linux-gnueabihf/libc/lib/:/opt/odroid-x2/compiler/bin/../arm-linux-gnueabihf/libc/lib/arm-linux-gnueabihf/:/opt/odroid-x2/compiler/bin/../arm-linux-gnueabihf/libc/usr/lib/arm-linux-gnueabihf/:/opt/odroid-x2/compiler/bin/../arm-linux-gnueabihf/libc/usr/lib/:/opt/odroid-x2/compiler/bin/../arm-linux-gnueabihf/libc/usr/lib/arm-linux-gnueabihf/
COLLECT_GCC_OPTIONS='-v' '-o' 'cmTryCompileExec2392978289' '-L/opt/odroid-x2/sdk/usr/lib/arm-linux-gnueabihf/mesa-egl' '-L/opt/odroid-x2/sdk/usr/lib/arm-linux-gnueabihf/mesa' '-rdynamic' '-march=armv7-a' '-mtune=cortex-a9' '-mfloat-abi=hard' '-mfpu=vfpv3-d16' '-mthumb' '-mtls-dialect=gnu'
 /opt/odroid-x2/compiler/bin/../libexec/gcc/arm-linux-gnueabihf/4.8.3/collect2 --sysroot=/opt/odroid-x2/compiler/bin/../arm-linux-gnueabihf/libc --build-id --eh-frame-hdr -export-dynamic -dynamic-linker /lib/ld-linux-armhf.so.3 -X -m armelf_linux_eabi -o cmTryCompileExec2392978289 /opt/odroid-x2/compiler/bin/../arm-linux-gnueabihf/libc/usr/lib/arm-linux-gnueabihf/crt1.o /opt/odroid-x2/compiler/bin/../arm-linux-gnueabihf/libc/usr/lib/arm-linux-gnueabihf/crti.o /opt/odroid-x2/compiler/bin/../lib/gcc/arm-linux-gnueabihf/4.8.3/crtbegin.o -L/opt/odroid-x2/sdk/usr/lib/arm-linux-gnueabihf/mesa-egl -L/opt/odroid-x2/sdk/usr/lib/arm-linux-gnueabihf/mesa -L/opt/odroid-x2/compiler/bin/../lib/gcc/arm-linux-gnueabihf/4.8.3 -L/opt/odroid-x2/compiler/bin/../lib/gcc/arm-linux-gnueabihf -L/opt/odroid-x2/compiler/bin/../lib/gcc -L/opt/odroid-x2/compiler/bin/../lib/gcc/arm-linux-gnueabihf -L/opt/odroid-x2/compiler/bin/../lib/gcc/arm-linux-gnueabihf/4.8.3/../../../../arm-linux-gnueabihf/lib -L/opt/odroid-x2/compiler/bin/../arm-linux-gnueabihf/libc/lib/arm-linux-gnueabihf -L/opt/odroid-x2/compiler/bin/../arm-linux-gnueabihf/libc/lib -L/opt/odroid-x2/compiler/bin/../arm-linux-gnueabihf/libc/lib/arm-linux-gnueabihf -L/opt/odroid-x2/compiler/bin/../arm-linux-gnueabihf/libc/usr/lib/arm-linux-gnueabihf -L/opt/odroid-x2/compiler/bin/../arm-linux-gnueabihf/libc/usr/lib -L/opt/odroid-x2/compiler/bin/../arm-linux-gnueabihf/libc/usr/lib/arm-linux-gnueabihf CMakeFiles/cmTryCompileExec2392978289.dir/CMakeCCompilerABI.c.o -lgcc --as-needed -lgcc_s --no-as-needed -lc -lgcc --as-needed -lgcc_s --no-as-needed /opt/odroid-x2/compiler/bin/../lib/gcc/arm-linux-gnueabihf/4.8.3/crtend.o /opt/odroid-x2/compiler/bin/../arm-linux-gnueabihf/libc/usr/lib/arm-linux-gnueabihf/crtn.o
make[1]: Leaving directory `/root/catkin_ws/odroid-build/cv_bridge/CMakeFiles/CMakeTmp'


Parsed C implicit link information from above output:
  link line regex: [^( *|.*[/\])(arm-linux-gnueabihf-ld|([^/\]+-)?ld|collect2)[^/\]*( |$)]
  ignore line: [Change Dir: /root/catkin_ws/odroid-build/cv_bridge/CMakeFiles/CMakeTmp]
  ignore line: []
  ignore line: [Run Build Command:/usr/bin/make "cmTryCompileExec2392978289/fast"]
  ignore line: [/usr/bin/make -f CMakeFiles/cmTryCompileExec2392978289.dir/build.make CMakeFiles/cmTryCompileExec2392978289.dir/build]
  ignore line: [make[1]: Entering directory `/root/catkin_ws/odroid-build/cv_bridge/CMakeFiles/CMakeTmp']
  ignore line: [/usr/bin/cmake -E cmake_progress_report /root/catkin_ws/odroid-build/cv_bridge/CMakeFiles/CMakeTmp/CMakeFiles 1]
  ignore line: [Building C object CMakeFiles/cmTryCompileExec2392978289.dir/CMakeCCompilerABI.c.o]
  ignore line: [/opt/odroid-x2/compiler/bin/arm-linux-gnueabihf-gcc    -o CMakeFiles/cmTryCompileExec2392978289.dir/CMakeCCompilerABI.c.o   -c /usr/share/cmake-2.8/Modules/CMakeCCompilerABI.c]
  ignore line: [Linking C executable cmTryCompileExec2392978289]
  ignore line: [/usr/bin/cmake -E cmake_link_script CMakeFiles/cmTryCompileExec2392978289.dir/link.txt --verbose=1]
  ignore line: [/opt/odroid-x2/compiler/bin/arm-linux-gnueabihf-gcc     -v CMakeFiles/cmTryCompileExec2392978289.dir/CMakeCCompilerABI.c.o  -o cmTryCompileExec2392978289  -L/opt/odroid-x2/sdk/usr/lib/arm-linux-gnueabihf/mesa-egl  -L/opt/odroid-x2/sdk/usr/lib/arm-linux-gnueabihf/mesa -rdynamic  ]
  ignore line: [Using built-in specs.]
  ignore line: [COLLECT_GCC=/opt/odroid-x2/compiler/bin/arm-linux-gnueabihf-gcc]
  ignore line: [COLLECT_LTO_WRAPPER=/opt/odroid-x2/compiler/bin/../libexec/gcc/arm-linux-gnueabihf/4.8.3/lto-wrapper]
  ignore line: [Target: arm-linux-gnueabihf]
  ignore line: [Configured with: /cbuild/slaves/oorts/crosstool-ng/builds/arm-linux-gnueabihf-linux/.build/src/gcc-linaro-4.8-2014.04/configure --build=i686-build_pc-linux-gnu --host=i686-build_pc-linux-gnu --target=arm-linux-gnueabihf --prefix=/cbuild/slaves/oorts/crosstool-ng/builds/arm-linux-gnueabihf-linux/install --with-sysroot=/cbuild/slaves/oorts/crosstool-ng/builds/arm-linux-gnueabihf-linux/install/arm-linux-gnueabihf/libc --enable-languages=c,c++,fortran --enable-multilib --with-arch=armv7-a --with-tune=cortex-a9 --with-fpu=vfpv3-d16 --with-float=hard --with-pkgversion='crosstool-NG linaro-1.13.1-4.8-2014.04 - Linaro GCC 4.8-2014.04' --with-bugurl=https://bugs.launchpad.net/gcc-linaro --enable-__cxa_atexit --enable-libmudflap --enable-libgomp --enable-libssp --with-gmp=/cbuild/slaves/oorts/crosstool-ng/builds/arm-linux-gnueabihf-linux/.build/arm-linux-gnueabihf/build/static --with-mpfr=/cbuild/slaves/oorts/crosstool-ng/builds/arm-linux-gnueabihf-linux/.build/arm-linux-gnueabihf/build/static --with-mpc=/cbuild/slaves/oorts/crosstool-ng/builds/arm-linux-gnueabihf-linux/.build/arm-linux-gnueabihf/build/static --with-isl=/cbuild/slaves/oorts/crosstool-ng/builds/arm-linux-gnueabihf-linux/.build/arm-linux-gnueabihf/build/static --with-cloog=/cbuild/slaves/oorts/crosstool-ng/builds/arm-linux-gnueabihf-linux/.build/arm-linux-gnueabihf/build/static --with-libelf=/cbuild/slaves/oorts/crosstool-ng/builds/arm-linux-gnueabihf-linux/.build/arm-linux-gnueabihf/build/static --enable-threads=posix --disable-libstdcxx-pch --enable-linker-build-id --enable-gold --with-local-prefix=/cbuild/slaves/oorts/crosstool-ng/builds/arm-linux-gnueabihf-linux/install/arm-linux-gnueabihf/libc --enable-c99 --enable-long-long --with-mode=thumb --with-float=hard]
  ignore line: [Thread model: posix]
  ignore line: [gcc version 4.8.3 20140401 (prerelease) (crosstool-NG linaro-1.13.1-4.8-2014.04 - Linaro GCC 4.8-2014.04) ]
  ignore line: [COMPILER_PATH=/opt/odroid-x2/compiler/bin/../libexec/gcc/arm-linux-gnueabihf/4.8.3/:/opt/odroid-x2/compiler/bin/../libexec/gcc/arm-linux-gnueabihf/:/opt/odroid-x2/compiler/bin/../libexec/gcc/:/opt/odroid-x2/compiler/bin/../libexec/gcc/arm-linux-gnueabihf/:/opt/odroid-x2/compiler/bin/../lib/gcc/arm-linux-gnueabihf/4.8.3/../../../../arm-linux-gnueabihf/bin/]
  ignore line: [LIBRARY_PATH=/opt/odroid-x2/compiler/bin/../lib/gcc/arm-linux-gnueabihf/4.8.3/:/opt/odroid-x2/compiler/bin/../lib/gcc/arm-linux-gnueabihf/:/opt/odroid-x2/compiler/bin/../lib/gcc/:/opt/odroid-x2/compiler/bin/../lib/gcc/arm-linux-gnueabihf/:/opt/odroid-x2/compiler/bin/../lib/gcc/arm-linux-gnueabihf/4.8.3/../../../../arm-linux-gnueabihf/lib/:/opt/odroid-x2/compiler/bin/../arm-linux-gnueabihf/libc/lib/arm-linux-gnueabihf/:/opt/odroid-x2/compiler/bin/../arm-linux-gnueabihf/libc/lib/:/opt/odroid-x2/compiler/bin/../arm-linux-gnueabihf/libc/lib/arm-linux-gnueabihf/:/opt/odroid-x2/compiler/bin/../arm-linux-gnueabihf/libc/usr/lib/arm-linux-gnueabihf/:/opt/odroid-x2/compiler/bin/../arm-linux-gnueabihf/libc/usr/lib/:/opt/odroid-x2/compiler/bin/../arm-linux-gnueabihf/libc/usr/lib/arm-linux-gnueabihf/]
  ignore line: [COLLECT_GCC_OPTIONS='-v' '-o' 'cmTryCompileExec2392978289' '-L/opt/odroid-x2/sdk/usr/lib/arm-linux-gnueabihf/mesa-egl' '-L/opt/odroid-x2/sdk/usr/lib/arm-linux-gnueabihf/mesa' '-rdynamic' '-march=armv7-a' '-mtune=cortex-a9' '-mfloat-abi=hard' '-mfpu=vfpv3-d16' '-mthumb' '-mtls-dialect=gnu']
  link line: [ /opt/odroid-x2/compiler/bin/../libexec/gcc/arm-linux-gnueabihf/4.8.3/collect2 --sysroot=/opt/odroid-x2/compiler/bin/../arm-linux-gnueabihf/libc --build-id --eh-frame-hdr -export-dynamic -dynamic-linker /lib/ld-linux-armhf.so.3 -X -m armelf_linux_eabi -o cmTryCompileExec2392978289 /opt/odroid-x2/compiler/bin/../arm-linux-gnueabihf/libc/usr/lib/arm-linux-gnueabihf/crt1.o /opt/odroid-x2/compiler/bin/../arm-linux-gnueabihf/libc/usr/lib/arm-linux-gnueabihf/crti.o /opt/odroid-x2/compiler/bin/../lib/gcc/arm-linux-gnueabihf/4.8.3/crtbegin.o -L/opt/odroid-x2/sdk/usr/lib/arm-linux-gnueabihf/mesa-egl -L/opt/odroid-x2/sdk/usr/lib/arm-linux-gnueabihf/mesa -L/opt/odroid-x2/compiler/bin/../lib/gcc/arm-linux-gnueabihf/4.8.3 -L/opt/odroid-x2/compiler/bin/../lib/gcc/arm-linux-gnueabihf -L/opt/odroid-x2/compiler/bin/../lib/gcc -L/opt/odroid-x2/compiler/bin/../lib/gcc/arm-linux-gnueabihf -L/opt/odroid-x2/compiler/bin/../lib/gcc/arm-linux-gnueabihf/4.8.3/../../../../arm-linux-gnueabihf/lib -L/opt/odroid-x2/compiler/bin/../arm-linux-gnueabihf/libc/lib/arm-linux-gnueabihf -L/opt/odroid-x2/compiler/bin/../arm-linux-gnueabihf/libc/lib -L/opt/odroid-x2/compiler/bin/../arm-linux-gnueabihf/libc/lib/arm-linux-gnueabihf -L/opt/odroid-x2/compiler/bin/../arm-linux-gnueabihf/libc/usr/lib/arm-linux-gnueabihf -L/opt/odroid-x2/compiler/bin/../arm-linux-gnueabihf/libc/usr/lib -L/opt/odroid-x2/compiler/bin/../arm-linux-gnueabihf/libc/usr/lib/arm-linux-gnueabihf CMakeFiles/cmTryCompileExec2392978289.dir/CMakeCCompilerABI.c.o -lgcc --as-needed -lgcc_s --no-as-needed -lc -lgcc --as-needed -lgcc_s --no-as-needed /opt/odroid-x2/compiler/bin/../lib/gcc/arm-linux-gnueabihf/4.8.3/crtend.o /opt/odroid-x2/compiler/bin/../arm-linux-gnueabihf/libc/usr/lib/arm-linux-gnueabihf/crtn.o]
    arg [/opt/odroid-x2/compiler/bin/../libexec/gcc/arm-linux-gnueabihf/4.8.3/collect2] ==> ignore
    arg [--sysroot=/opt/odroid-x2/compiler/bin/../arm-linux-gnueabihf/libc] ==> ignore
    arg [--build-id] ==> ignore
    arg [--eh-frame-hdr] ==> ignore
    arg [-export-dynamic] ==> ignore
    arg [-dynamic-linker] ==> ignore
    arg [/lib/ld-linux-armhf.so.3] ==> ignore
    arg [-X] ==> ignore
    arg [-m] ==> ignore
    arg [armelf_linux_eabi] ==> ignore
    arg [-o] ==> ignore
    arg [cmTryCompileExec2392978289] ==> ignore
    arg [/opt/odroid-x2/compiler/bin/../arm-linux-gnueabihf/libc/usr/lib/arm-linux-gnueabihf/crt1.o] ==> ignore
    arg [/opt/odroid-x2/compiler/bin/../arm-linux-gnueabihf/libc/usr/lib/arm-linux-gnueabihf/crti.o] ==> ignore
    arg [/opt/odroid-x2/compiler/bin/../lib/gcc/arm-linux-gnueabihf/4.8.3/crtbegin.o] ==> ignore
    arg [-L/opt/odroid-x2/sdk/usr/lib/arm-linux-gnueabihf/mesa-egl] ==> dir [/opt/odroid-x2/sdk/usr/lib/arm-linux-gnueabihf/mesa-egl]
    arg [-L/opt/odroid-x2/sdk/usr/lib/arm-linux-gnueabihf/mesa] ==> dir [/opt/odroid-x2/sdk/usr/lib/arm-linux-gnueabihf/mesa]
    arg [-L/opt/odroid-x2/compiler/bin/../lib/gcc/arm-linux-gnueabihf/4.8.3] ==> dir [/opt/odroid-x2/compiler/bin/../lib/gcc/arm-linux-gnueabihf/4.8.3]
    arg [-L/opt/odroid-x2/compiler/bin/../lib/gcc/arm-linux-gnueabihf] ==> dir [/opt/odroid-x2/compiler/bin/../lib/gcc/arm-linux-gnueabihf]
    arg [-L/opt/odroid-x2/compiler/bin/../lib/gcc] ==> dir [/opt/odroid-x2/compiler/bin/../lib/gcc]
    arg [-L/opt/odroid-x2/compiler/bin/../lib/gcc/arm-linux-gnueabihf] ==> dir [/opt/odroid-x2/compiler/bin/../lib/gcc/arm-linux-gnueabihf]
    arg [-L/opt/odroid-x2/compiler/bin/../lib/gcc/arm-linux-gnueabihf/4.8.3/../../../../arm-linux-gnueabihf/lib] ==> dir [/opt/odroid-x2/compiler/bin/../lib/gcc/arm-linux-gnueabihf/4.8.3/../../../../arm-linux-gnueabihf/lib]
    arg [-L/opt/odroid-x2/compiler/bin/../arm-linux-gnueabihf/libc/lib/arm-linux-gnueabihf] ==> dir [/opt/odroid-x2/compiler/bin/../arm-linux-gnueabihf/libc/lib/arm-linux-gnueabihf]
    arg [-L/opt/odroid-x2/compiler/bin/../arm-linux-gnueabihf/libc/lib] ==> dir [/opt/odroid-x2/compiler/bin/../arm-linux-gnueabihf/libc/lib]
    arg [-L/opt/odroid-x2/compiler/bin/../arm-linux-gnueabihf/libc/lib/arm-linux-gnueabihf] ==> dir [/opt/odroid-x2/compiler/bin/../arm-linux-gnueabihf/libc/lib/arm-linux-gnueabihf]
    arg [-L/opt/odroid-x2/compiler/bin/../arm-linux-gnueabihf/libc/usr/lib/arm-linux-gnueabihf] ==> dir [/opt/odroid-x2/compiler/bin/../arm-linux-gnueabihf/libc/usr/lib/arm-linux-gnueabihf]
    arg [-L/opt/odroid-x2/compiler/bin/../arm-linux-gnueabihf/libc/usr/lib] ==> dir [/opt/odroid-x2/compiler/bin/../arm-linux-gnueabihf/libc/usr/lib]
    arg [-L/opt/odroid-x2/compiler/bin/../arm-linux-gnueabihf/libc/usr/lib/arm-linux-gnueabihf] ==> dir [/opt/odroid-x2/compiler/bin/../arm-linux-gnueabihf/libc/usr/lib/arm-linux-gnueabihf]
    arg [CMakeFiles/cmTryCompileExec2392978289.dir/CMakeCCompilerABI.c.o] ==> ignore
    arg [-lgcc] ==> lib [gcc]
    arg [--as-needed] ==> ignore
    arg [-lgcc_s] ==> lib [gcc_s]
    arg [--no-as-needed] ==> ignore
    arg [-lc] ==> lib [c]
    arg [-lgcc] ==> lib [gcc]
    arg [--as-needed] ==> ignore
    arg [-lgcc_s] ==> lib [gcc_s]
    arg [--no-as-needed] ==> ignore
    arg [/opt/odroid-x2/compiler/bin/../lib/gcc/arm-linux-gnueabihf/4.8.3/crtend.o] ==> ignore
    arg [/opt/odroid-x2/compiler/bin/../arm-linux-gnueabihf/libc/usr/lib/arm-linux-gnueabihf/crtn.o] ==> ignore
  remove lib [gcc]
  remove lib [gcc_s]
  remove lib [gcc]
  remove lib [gcc_s]
  collapse library dir [/opt/odroid-x2/sdk/usr/lib/arm-linux-gnueabihf/mesa-egl] ==> [/opt/odroid-x2/sdk/usr/lib/arm-linux-gnueabihf/mesa-egl]
  collapse library dir [/opt/odroid-x2/sdk/usr/lib/arm-linux-gnueabihf/mesa] ==> [/opt/odroid-x2/sdk/usr/lib/arm-linux-gnueabihf/mesa]
  collapse library dir [/opt/odroid-x2/compiler/bin/../lib/gcc/arm-linux-gnueabihf/4.8.3] ==> [/opt/odroid-x2/compiler/lib/gcc/arm-linux-gnueabihf/4.8.3]
  collapse library dir [/opt/odroid-x2/compiler/bin/../lib/gcc/arm-linux-gnueabihf] ==> [/opt/odroid-x2/compiler/lib/gcc/arm-linux-gnueabihf]
  collapse library dir [/opt/odroid-x2/compiler/bin/../lib/gcc] ==> [/opt/odroid-x2/compiler/lib/gcc]
  collapse library dir [/opt/odroid-x2/compiler/bin/../lib/gcc/arm-linux-gnueabihf] ==> [/opt/odroid-x2/compiler/lib/gcc/arm-linux-gnueabihf]
  collapse library dir [/opt/odroid-x2/compiler/bin/../lib/gcc/arm-linux-gnueabihf/4.8.3/../../../../arm-linux-gnueabihf/lib] ==> [/opt/odroid-x2/compiler/arm-linux-gnueabihf/lib]
  collapse library dir [/opt/odroid-x2/compiler/bin/../arm-linux-gnueabihf/libc/lib/arm-linux-gnueabihf] ==> [/opt/odroid-x2/compiler/arm-linux-gnueabihf/libc/lib/arm-linux-gnueabihf]
  collapse library dir [/opt/odroid-x2/compiler/bin/../arm-linux-gnueabihf/libc/lib] ==> [/opt/odroid-x2/compiler/arm-linux-gnueabihf/libc/lib]
  collapse library dir [/opt/odroid-x2/compiler/bin/../arm-linux-gnueabihf/libc/lib/arm-linux-gnueabihf] ==> [/opt/odroid-x2/compiler/arm-linux-gnueabihf/libc/lib/arm-linux-gnueabihf]
  collapse library dir [/opt/odroid-x2/compiler/bin/../arm-linux-gnueabihf/libc/usr/lib/arm-linux-gnueabihf] ==> [/opt/odroid-x2/compiler/arm-linux-gnueabihf/libc/usr/lib/arm-linux-gnueabihf]
  collapse library dir [/opt/odroid-x2/compiler/bin/../arm-linux-gnueabihf/libc/usr/lib] ==> [/opt/odroid-x2/compiler/arm-linux-gnueabihf/libc/usr/lib]
  collapse library dir [/opt/odroid-x2/compiler/bin/../arm-linux-gnueabihf/libc/usr/lib/arm-linux-gnueabihf] ==> [/opt/odroid-x2/compiler/arm-linux-gnueabihf/libc/usr/lib/arm-linux-gnueabihf]
  implicit libs: [c]
  implicit dirs: [/opt/odroid-x2/sdk/usr/lib/arm-linux-gnueabihf/mesa-egl;/opt/odroid-x2/sdk/usr/lib/arm-linux-gnueabihf/mesa;/opt/odroid-x2/compiler/lib/gcc/arm-linux-gnueabihf/4.8.3;/opt/odroid-x2/compiler/lib/gcc/arm-linux-gnueabihf;/opt/odroid-x2/compiler/lib/gcc;/opt/odroid-x2/compiler/arm-linux-gnueabihf/lib;/opt/odroid-x2/compiler/arm-linux-gnueabihf/libc/lib/arm-linux-gnueabihf;/opt/odroid-x2/compiler/arm-linux-gnueabihf/libc/lib;/opt/odroid-x2/compiler/arm-linux-gnueabihf/libc/usr/lib/arm-linux-gnueabihf;/opt/odroid-x2/compiler/arm-linux-gnueabihf/libc/usr/lib]
  implicit fwks: []


Determining if the CXX compiler works passed with the following output:
Change Dir: /root/catkin_ws/odroid-build/cv_bridge/CMakeFiles/CMakeTmp

Run Build Command:/usr/bin/make "cmTryCompileExec3946030660/fast"
/usr/bin/make -f CMakeFiles/cmTryCompileExec3946030660.dir/build.make CMakeFiles/cmTryCompileExec3946030660.dir/build
make[1]: Entering directory `/root/catkin_ws/odroid-build/cv_bridge/CMakeFiles/CMakeTmp'
/usr/bin/cmake -E cmake_progress_report /root/catkin_ws/odroid-build/cv_bridge/CMakeFiles/CMakeTmp/CMakeFiles 1
Building CXX object CMakeFiles/cmTryCompileExec3946030660.dir/testCXXCompiler.cxx.o
/opt/odroid-x2/compiler/bin/arm-linux-gnueabihf-g++     -o CMakeFiles/cmTryCompileExec3946030660.dir/testCXXCompiler.cxx.o -c /root/catkin_ws/odroid-build/cv_bridge/CMakeFiles/CMakeTmp/testCXXCompiler.cxx
Linking CXX executable cmTryCompileExec3946030660
/usr/bin/cmake -E cmake_link_script CMakeFiles/cmTryCompileExec3946030660.dir/link.txt --verbose=1
/opt/odroid-x2/compiler/bin/arm-linux-gnueabihf-g++        CMakeFiles/cmTryCompileExec3946030660.dir/testCXXCompiler.cxx.o  -o cmTryCompileExec3946030660  -L/opt/odroid-x2/sdk/usr/lib/arm-linux-gnueabihf/mesa-egl  -L/opt/odroid-x2/sdk/usr/lib/arm-linux-gnueabihf/mesa -rdynamic 
make[1]: Leaving directory `/root/catkin_ws/odroid-build/cv_bridge/CMakeFiles/CMakeTmp'


Detecting CXX compiler ABI info compiled with the following output:
Change Dir: /root/catkin_ws/odroid-build/cv_bridge/CMakeFiles/CMakeTmp

Run Build Command:/usr/bin/make "cmTryCompileExec899204393/fast"
/usr/bin/make -f CMakeFiles/cmTryCompileExec899204393.dir/build.make CMakeFiles/cmTryCompileExec899204393.dir/build
make[1]: Entering directory `/root/catkin_ws/odroid-build/cv_bridge/CMakeFiles/CMakeTmp'
/usr/bin/cmake -E cmake_progress_report /root/catkin_ws/odroid-build/cv_bridge/CMakeFiles/CMakeTmp/CMakeFiles 1
Building CXX object CMakeFiles/cmTryCompileExec899204393.dir/CMakeCXXCompilerABI.cpp.o
/opt/odroid-x2/compiler/bin/arm-linux-gnueabihf-g++     -o CMakeFiles/cmTryCompileExec899204393.dir/CMakeCXXCompilerABI.cpp.o -c /usr/share/cmake-2.8/Modules/CMakeCXXCompilerABI.cpp
Linking CXX executable cmTryCompileExec899204393
/usr/bin/cmake -E cmake_link_script CMakeFiles/cmTryCompileExec899204393.dir/link.txt --verbose=1
/opt/odroid-x2/compiler/bin/arm-linux-gnueabihf-g++      -v CMakeFiles/cmTryCompileExec899204393.dir/CMakeCXXCompilerABI.cpp.o  -o cmTryCompileExec899204393  -L/opt/odroid-x2/sdk/usr/lib/arm-linux-gnueabihf/mesa-egl  -L/opt/odroid-x2/sdk/usr/lib/arm-linux-gnueabihf/mesa -rdynamic  
Using built-in specs.
COLLECT_GCC=/opt/odroid-x2/compiler/bin/arm-linux-gnueabihf-g++
COLLECT_LTO_WRAPPER=/opt/odroid-x2/compiler/bin/../libexec/gcc/arm-linux-gnueabihf/4.8.3/lto-wrapper
Target: arm-linux-gnueabihf
Configured with: /cbuild/slaves/oorts/crosstool-ng/builds/arm-linux-gnueabihf-linux/.build/src/gcc-linaro-4.8-2014.04/configure --build=i686-build_pc-linux-gnu --host=i686-build_pc-linux-gnu --target=arm-linux-gnueabihf --prefix=/cbuild/slaves/oorts/crosstool-ng/builds/arm-linux-gnueabihf-linux/install --with-sysroot=/cbuild/slaves/oorts/crosstool-ng/builds/arm-linux-gnueabihf-linux/install/arm-linux-gnueabihf/libc --enable-languages=c,c++,fortran --enable-multilib --with-arch=armv7-a --with-tune=cortex-a9 --with-fpu=vfpv3-d16 --with-float=hard --with-pkgversion='crosstool-NG linaro-1.13.1-4.8-2014.04 - Linaro GCC 4.8-2014.04' --with-bugurl=https://bugs.launchpad.net/gcc-linaro --enable-__cxa_atexit --enable-libmudflap --enable-libgomp --enable-libssp --with-gmp=/cbuild/slaves/oorts/crosstool-ng/builds/arm-linux-gnueabihf-linux/.build/arm-linux-gnueabihf/build/static --with-mpfr=/cbuild/slaves/oorts/crosstool-ng/builds/arm-linux-gnueabihf-linux/.build/arm-linux-gnueabihf/build/static --with-mpc=/cbuild/slaves/oorts/crosstool-ng/builds/arm-linux-gnueabihf-linux/.build/arm-linux-gnueabihf/build/static --with-isl=/cbuild/slaves/oorts/crosstool-ng/builds/arm-linux-gnueabihf-linux/.build/arm-linux-gnueabihf/build/static --with-cloog=/cbuild/slaves/oorts/crosstool-ng/builds/arm-linux-gnueabihf-linux/.build/arm-linux-gnueabihf/build/static --with-libelf=/cbuild/slaves/oorts/crosstool-ng/builds/arm-linux-gnueabihf-linux/.build/arm-linux-gnueabihf/build/static --enable-threads=posix --disable-libstdcxx-pch --enable-linker-build-id --enable-gold --with-local-prefix=/cbuild/slaves/oorts/crosstool-ng/builds/arm-linux-gnueabihf-linux/install/arm-linux-gnueabihf/libc --enable-c99 --enable-long-long --with-mode=thumb --with-float=hard
Thread model: posix
gcc version 4.8.3 20140401 (prerelease) (crosstool-NG linaro-1.13.1-4.8-2014.04 - Linaro GCC 4.8-2014.04) 
COMPILER_PATH=/opt/odroid-x2/compiler/bin/../libexec/gcc/arm-linux-gnueabihf/4.8.3/:/opt/odroid-x2/compiler/bin/../libexec/gcc/arm-linux-gnueabihf/:/opt/odroid-x2/compiler/bin/../libexec/gcc/:/opt/odroid-x2/compiler/bin/../libexec/gcc/arm-linux-gnueabihf/:/opt/odroid-x2/compiler/bin/../lib/gcc/arm-linux-gnueabihf/4.8.3/../../../../arm-linux-gnueabihf/bin/
LIBRARY_PATH=/opt/odroid-x2/compiler/bin/../lib/gcc/arm-linux-gnueabihf/4.8.3/:/opt/odroid-x2/compiler/bin/../lib/gcc/arm-linux-gnueabihf/:/opt/odroid-x2/compiler/bin/../lib/gcc/:/opt/odroid-x2/compiler/bin/../lib/gcc/arm-linux-gnueabihf/:/opt/odroid-x2/compiler/bin/../lib/gcc/arm-linux-gnueabihf/4.8.3/../../../../arm-linux-gnueabihf/lib/:/opt/odroid-x2/compiler/bin/../arm-linux-gnueabihf/libc/lib/arm-linux-gnueabihf/:/opt/odroid-x2/compiler/bin/../arm-linux-gnueabihf/libc/lib/:/opt/odroid-x2/compiler/bin/../arm-linux-gnueabihf/libc/lib/arm-linux-gnueabihf/:/opt/odroid-x2/compiler/bin/../arm-linux-gnueabihf/libc/usr/lib/arm-linux-gnueabihf/:/opt/odroid-x2/compiler/bin/../arm-linux-gnueabihf/libc/usr/lib/:/opt/odroid-x2/compiler/bin/../arm-linux-gnueabihf/libc/usr/lib/arm-linux-gnueabihf/
COLLECT_GCC_OPTIONS='-v' '-o' 'cmTryCompileExec899204393' '-L/opt/odroid-x2/sdk/usr/lib/arm-linux-gnueabihf/mesa-egl' '-L/opt/odroid-x2/sdk/usr/lib/arm-linux-gnueabihf/mesa' '-rdynamic' '-shared-libgcc' '-march=armv7-a' '-mtune=cortex-a9' '-mfloat-abi=hard' '-mfpu=vfpv3-d16' '-mthumb' '-mtls-dialect=gnu'
 /opt/odroid-x2/compiler/bin/../libexec/gcc/arm-linux-gnueabihf/4.8.3/collect2 --sysroot=/opt/odroid-x2/compiler/bin/../arm-linux-gnueabihf/libc --build-id --eh-frame-hdr -export-dynamic -dynamic-linker /lib/ld-linux-armhf.so.3 -X -m armelf_linux_eabi -o cmTryCompileExec899204393 /opt/odroid-x2/compiler/bin/../arm-linux-gnueabihf/libc/usr/lib/arm-linux-gnueabihf/crt1.o /opt/odroid-x2/compiler/bin/../arm-linux-gnueabihf/libc/usr/lib/arm-linux-gnueabihf/crti.o /opt/odroid-x2/compiler/bin/../lib/gcc/arm-linux-gnueabihf/4.8.3/crtbegin.o -L/opt/odroid-x2/sdk/usr/lib/arm-linux-gnueabihf/mesa-egl -L/opt/odroid-x2/sdk/usr/lib/arm-linux-gnueabihf/mesa -L/opt/odroid-x2/compiler/bin/../lib/gcc/arm-linux-gnueabihf/4.8.3 -L/opt/odroid-x2/compiler/bin/../lib/gcc/arm-linux-gnueabihf -L/opt/odroid-x2/compiler/bin/../lib/gcc -L/opt/odroid-x2/compiler/bin/../lib/gcc/arm-linux-gnueabihf -L/opt/odroid-x2/compiler/bin/../lib/gcc/arm-linux-gnueabihf/4.8.3/../../../../arm-linux-gnueabihf/lib -L/opt/odroid-x2/compiler/bin/../arm-linux-gnueabihf/libc/lib/arm-linux-gnueabihf -L/opt/odroid-x2/compiler/bin/../arm-linux-gnueabihf/libc/lib -L/opt/odroid-x2/compiler/bin/../arm-linux-gnueabihf/libc/lib/arm-linux-gnueabihf -L/opt/odroid-x2/compiler/bin/../arm-linux-gnueabihf/libc/usr/lib/arm-linux-gnueabihf -L/opt/odroid-x2/compiler/bin/../arm-linux-gnueabihf/libc/usr/lib -L/opt/odroid-x2/compiler/bin/../arm-linux-gnueabihf/libc/usr/lib/arm-linux-gnueabihf CMakeFiles/cmTryCompileExec899204393.dir/CMakeCXXCompilerABI.cpp.o -lstdc++ -lm -lgcc_s -lgcc -lc -lgcc_s -lgcc /opt/odroid-x2/compiler/bin/../lib/gcc/arm-linux-gnueabihf/4.8.3/crtend.o /opt/odroid-x2/compiler/bin/../arm-linux-gnueabihf/libc/usr/lib/arm-linux-gnueabihf/crtn.o
make[1]: Leaving directory `/root/catkin_ws/odroid-build/cv_bridge/CMakeFiles/CMakeTmp'


Parsed CXX implicit link information from above output:
  link line regex: [^( *|.*[/\])(arm-linux-gnueabihf-ld|([^/\]+-)?ld|collect2)[^/\]*( |$)]
  ignore line: [Change Dir: /root/catkin_ws/odroid-build/cv_bridge/CMakeFiles/CMakeTmp]
  ignore line: []
  ignore line: [Run Build Command:/usr/bin/make "cmTryCompileExec899204393/fast"]
  ignore line: [/usr/bin/make -f CMakeFiles/cmTryCompileExec899204393.dir/build.make CMakeFiles/cmTryCompileExec899204393.dir/build]
  ignore line: [make[1]: Entering directory `/root/catkin_ws/odroid-build/cv_bridge/CMakeFiles/CMakeTmp']
  ignore line: [/usr/bin/cmake -E cmake_progress_report /root/catkin_ws/odroid-build/cv_bridge/CMakeFiles/CMakeTmp/CMakeFiles 1]
  ignore line: [Building CXX object CMakeFiles/cmTryCompileExec899204393.dir/CMakeCXXCompilerABI.cpp.o]
  ignore line: [/opt/odroid-x2/compiler/bin/arm-linux-gnueabihf-g++     -o CMakeFiles/cmTryCompileExec899204393.dir/CMakeCXXCompilerABI.cpp.o -c /usr/share/cmake-2.8/Modules/CMakeCXXCompilerABI.cpp]
  ignore line: [Linking CXX executable cmTryCompileExec899204393]
  ignore line: [/usr/bin/cmake -E cmake_link_script CMakeFiles/cmTryCompileExec899204393.dir/link.txt --verbose=1]
  ignore line: [/opt/odroid-x2/compiler/bin/arm-linux-gnueabihf-g++      -v CMakeFiles/cmTryCompileExec899204393.dir/CMakeCXXCompilerABI.cpp.o  -o cmTryCompileExec899204393  -L/opt/odroid-x2/sdk/usr/lib/arm-linux-gnueabihf/mesa-egl  -L/opt/odroid-x2/sdk/usr/lib/arm-linux-gnueabihf/mesa -rdynamic  ]
  ignore line: [Using built-in specs.]
  ignore line: [COLLECT_GCC=/opt/odroid-x2/compiler/bin/arm-linux-gnueabihf-g++]
  ignore line: [COLLECT_LTO_WRAPPER=/opt/odroid-x2/compiler/bin/../libexec/gcc/arm-linux-gnueabihf/4.8.3/lto-wrapper]
  ignore line: [Target: arm-linux-gnueabihf]
  ignore line: [Configured with: /cbuild/slaves/oorts/crosstool-ng/builds/arm-linux-gnueabihf-linux/.build/src/gcc-linaro-4.8-2014.04/configure --build=i686-build_pc-linux-gnu --host=i686-build_pc-linux-gnu --target=arm-linux-gnueabihf --prefix=/cbuild/slaves/oorts/crosstool-ng/builds/arm-linux-gnueabihf-linux/install --with-sysroot=/cbuild/slaves/oorts/crosstool-ng/builds/arm-linux-gnueabihf-linux/install/arm-linux-gnueabihf/libc --enable-languages=c,c++,fortran --enable-multilib --with-arch=armv7-a --with-tune=cortex-a9 --with-fpu=vfpv3-d16 --with-float=hard --with-pkgversion='crosstool-NG linaro-1.13.1-4.8-2014.04 - Linaro GCC 4.8-2014.04' --with-bugurl=https://bugs.launchpad.net/gcc-linaro --enable-__cxa_atexit --enable-libmudflap --enable-libgomp --enable-libssp --with-gmp=/cbuild/slaves/oorts/crosstool-ng/builds/arm-linux-gnueabihf-linux/.build/arm-linux-gnueabihf/build/static --with-mpfr=/cbuild/slaves/oorts/crosstool-ng/builds/arm-linux-gnueabihf-linux/.build/arm-linux-gnueabihf/build/static --with-mpc=/cbuild/slaves/oorts/crosstool-ng/builds/arm-linux-gnueabihf-linux/.build/arm-linux-gnueabihf/build/static --with-isl=/cbuild/slaves/oorts/crosstool-ng/builds/arm-linux-gnueabihf-linux/.build/arm-linux-gnueabihf/build/static --with-cloog=/cbuild/slaves/oorts/crosstool-ng/builds/arm-linux-gnueabihf-linux/.build/arm-linux-gnueabihf/build/static --with-libelf=/cbuild/slaves/oorts/crosstool-ng/builds/arm-linux-gnueabihf-linux/.build/arm-linux-gnueabihf/build/static --enable-threads=posix --disable-libstdcxx-pch --enable-linker-build-id --enable-gold --with-local-prefix=/cbuild/slaves/oorts/crosstool-ng/builds/arm-linux-gnueabihf-linux/install/arm-linux-gnueabihf/libc --enable-c99 --enable-long-long --with-mode=thumb --with-float=hard]
  ignore line: [Thread model: posix]
  ignore line: [gcc version 4.8.3 20140401 (prerelease) (crosstool-NG linaro-1.13.1-4.8-2014.04 - Linaro GCC 4.8-2014.04) ]
  ignore line: [COMPILER_PATH=/opt/odroid-x2/compiler/bin/../libexec/gcc/arm-linux-gnueabihf/4.8.3/:/opt/odroid-x2/compiler/bin/../libexec/gcc/arm-linux-gnueabihf/:/opt/odroid-x2/compiler/bin/../libexec/gcc/:/opt/odroid-x2/compiler/bin/../libexec/gcc/arm-linux-gnueabihf/:/opt/odroid-x2/compiler/bin/../lib/gcc/arm-linux-gnueabihf/4.8.3/../../../../arm-linux-gnueabihf/bin/]
  ignore line: [LIBRARY_PATH=/opt/odroid-x2/compiler/bin/../lib/gcc/arm-linux-gnueabihf/4.8.3/:/opt/odroid-x2/compiler/bin/../lib/gcc/arm-linux-gnueabihf/:/opt/odroid-x2/compiler/bin/../lib/gcc/:/opt/odroid-x2/compiler/bin/../lib/gcc/arm-linux-gnueabihf/:/opt/odroid-x2/compiler/bin/../lib/gcc/arm-linux-gnueabihf/4.8.3/../../../../arm-linux-gnueabihf/lib/:/opt/odroid-x2/compiler/bin/../arm-linux-gnueabihf/libc/lib/arm-linux-gnueabihf/:/opt/odroid-x2/compiler/bin/../arm-linux-gnueabihf/libc/lib/:/opt/odroid-x2/compiler/bin/../arm-linux-gnueabihf/libc/lib/arm-linux-gnueabihf/:/opt/odroid-x2/compiler/bin/../arm-linux-gnueabihf/libc/usr/lib/arm-linux-gnueabihf/:/opt/odroid-x2/compiler/bin/../arm-linux-gnueabihf/libc/usr/lib/:/opt/odroid-x2/compiler/bin/../arm-linux-gnueabihf/libc/usr/lib/arm-linux-gnueabihf/]
  ignore line: [COLLECT_GCC_OPTIONS='-v' '-o' 'cmTryCompileExec899204393' '-L/opt/odroid-x2/sdk/usr/lib/arm-linux-gnueabihf/mesa-egl' '-L/opt/odroid-x2/sdk/usr/lib/arm-linux-gnueabihf/mesa' '-rdynamic' '-shared-libgcc' '-march=armv7-a' '-mtune=cortex-a9' '-mfloat-abi=hard' '-mfpu=vfpv3-d16' '-mthumb' '-mtls-dialect=gnu']
  link line: [ /opt/odroid-x2/compiler/bin/../libexec/gcc/arm-linux-gnueabihf/4.8.3/collect2 --sysroot=/opt/odroid-x2/compiler/bin/../arm-linux-gnueabihf/libc --build-id --eh-frame-hdr -export-dynamic -dynamic-linker /lib/ld-linux-armhf.so.3 -X -m armelf_linux_eabi -o cmTryCompileExec899204393 /opt/odroid-x2/compiler/bin/../arm-linux-gnueabihf/libc/usr/lib/arm-linux-gnueabihf/crt1.o /opt/odroid-x2/compiler/bin/../arm-linux-gnueabihf/libc/usr/lib/arm-linux-gnueabihf/crti.o /opt/odroid-x2/compiler/bin/../lib/gcc/arm-linux-gnueabihf/4.8.3/crtbegin.o -L/opt/odroid-x2/sdk/usr/lib/arm-linux-gnueabihf/mesa-egl -L/opt/odroid-x2/sdk/usr/lib/arm-linux-gnueabihf/mesa -L/opt/odroid-x2/compiler/bin/../lib/gcc/arm-linux-gnueabihf/4.8.3 -L/opt/odroid-x2/compiler/bin/../lib/gcc/arm-linux-gnueabihf -L/opt/odroid-x2/compiler/bin/../lib/gcc -L/opt/odroid-x2/compiler/bin/../lib/gcc/arm-linux-gnueabihf -L/opt/odroid-x2/compiler/bin/../lib/gcc/arm-linux-gnueabihf/4.8.3/../../../../arm-linux-gnueabihf/lib -L/opt/odroid-x2/compiler/bin/../arm-linux-gnueabihf/libc/lib/arm-linux-gnueabihf -L/opt/odroid-x2/compiler/bin/../arm-linux-gnueabihf/libc/lib -L/opt/odroid-x2/compiler/bin/../arm-linux-gnueabihf/libc/lib/arm-linux-gnueabihf -L/opt/odroid-x2/compiler/bin/../arm-linux-gnueabihf/libc/usr/lib/arm-linux-gnueabihf -L/opt/odroid-x2/compiler/bin/../arm-linux-gnueabihf/libc/usr/lib -L/opt/odroid-x2/compiler/bin/../arm-linux-gnueabihf/libc/usr/lib/arm-linux-gnueabihf CMakeFiles/cmTryCompileExec899204393.dir/CMakeCXXCompilerABI.cpp.o -lstdc++ -lm -lgcc_s -lgcc -lc -lgcc_s -lgcc /opt/odroid-x2/compiler/bin/../lib/gcc/arm-linux-gnueabihf/4.8.3/crtend.o /opt/odroid-x2/compiler/bin/../arm-linux-gnueabihf/libc/usr/lib/arm-linux-gnueabihf/crtn.o]
    arg [/opt/odroid-x2/compiler/bin/../libexec/gcc/arm-linux-gnueabihf/4.8.3/collect2] ==> ignore
    arg [--sysroot=/opt/odroid-x2/compiler/bin/../arm-linux-gnueabihf/libc] ==> ignore
    arg [--build-id] ==> ignore
    arg [--eh-frame-hdr] ==> ignore
    arg [-export-dynamic] ==> ignore
    arg [-dynamic-linker] ==> ignore
    arg [/lib/ld-linux-armhf.so.3] ==> ignore
    arg [-X] ==> ignore
    arg [-m] ==> ignore
    arg [armelf_linux_eabi] ==> ignore
    arg [-o] ==> ignore
    arg [cmTryCompileExec899204393] ==> ignore
    arg [/opt/odroid-x2/compiler/bin/../arm-linux-gnueabihf/libc/usr/lib/arm-linux-gnueabihf/crt1.o] ==> ignore
    arg [/opt/odroid-x2/compiler/bin/../arm-linux-gnueabihf/libc/usr/lib/arm-linux-gnueabihf/crti.o] ==> ignore
    arg [/opt/odroid-x2/compiler/bin/../lib/gcc/arm-linux-gnueabihf/4.8.3/crtbegin.o] ==> ignore
    arg [-L/opt/odroid-x2/sdk/usr/lib/arm-linux-gnueabihf/mesa-egl] ==> dir [/opt/odroid-x2/sdk/usr/lib/arm-linux-gnueabihf/mesa-egl]
    arg [-L/opt/odroid-x2/sdk/usr/lib/arm-linux-gnueabihf/mesa] ==> dir [/opt/odroid-x2/sdk/usr/lib/arm-linux-gnueabihf/mesa]
    arg [-L/opt/odroid-x2/compiler/bin/../lib/gcc/arm-linux-gnueabihf/4.8.3] ==> dir [/opt/odroid-x2/compiler/bin/../lib/gcc/arm-linux-gnueabihf/4.8.3]
    arg [-L/opt/odroid-x2/compiler/bin/../lib/gcc/arm-linux-gnueabihf] ==> dir [/opt/odroid-x2/compiler/bin/../lib/gcc/arm-linux-gnueabihf]
    arg [-L/opt/odroid-x2/compiler/bin/../lib/gcc] ==> dir [/opt/odroid-x2/compiler/bin/../lib/gcc]
    arg [-L/opt/odroid-x2/compiler/bin/../lib/gcc/arm-linux-gnueabihf] ==> dir [/opt/odroid-x2/compiler/bin/../lib/gcc/arm-linux-gnueabihf]
    arg [-L/opt/odroid-x2/compiler/bin/../lib/gcc/arm-linux-gnueabihf/4.8.3/../../../../arm-linux-gnueabihf/lib] ==> dir [/opt/odroid-x2/compiler/bin/../lib/gcc/arm-linux-gnueabihf/4.8.3/../../../../arm-linux-gnueabihf/lib]
    arg [-L/opt/odroid-x2/compiler/bin/../arm-linux-gnueabihf/libc/lib/arm-linux-gnueabihf] ==> dir [/opt/odroid-x2/compiler/bin/../arm-linux-gnueabihf/libc/lib/arm-linux-gnueabihf]
    arg [-L/opt/odroid-x2/compiler/bin/../arm-linux-gnueabihf/libc/lib] ==> dir [/opt/odroid-x2/compiler/bin/../arm-linux-gnueabihf/libc/lib]
    arg [-L/opt/odroid-x2/compiler/bin/../arm-linux-gnueabihf/libc/lib/arm-linux-gnueabihf] ==> dir [/opt/odroid-x2/compiler/bin/../arm-linux-gnueabihf/libc/lib/arm-linux-gnueabihf]
    arg [-L/opt/odroid-x2/compiler/bin/../arm-linux-gnueabihf/libc/usr/lib/arm-linux-gnueabihf] ==> dir [/opt/odroid-x2/compiler/bin/../arm-linux-gnueabihf/libc/usr/lib/arm-linux-gnueabihf]
    arg [-L/opt/odroid-x2/compiler/bin/../arm-linux-gnueabihf/libc/usr/lib] ==> dir [/opt/odroid-x2/compiler/bin/../arm-linux-gnueabihf/libc/usr/lib]
    arg [-L/opt/odroid-x2/compiler/bin/../arm-linux-gnueabihf/libc/usr/lib/arm-linux-gnueabihf] ==> dir [/opt/odroid-x2/compiler/bin/../arm-linux-gnueabihf/libc/usr/lib/arm-linux-gnueabihf]
    arg [CMakeFiles/cmTryCompileExec899204393.dir/CMakeCXXCompilerABI.cpp.o] ==> ignore
    arg [-lstdc++] ==> lib [stdc++]
    arg [-lm] ==> lib [m]
    arg [-lgcc_s] ==> lib [gcc_s]
    arg [-lgcc] ==> lib [gcc]
    arg [-lc] ==> lib [c]
    arg [-lgcc_s] ==> lib [gcc_s]
    arg [-lgcc] ==> lib [gcc]
    arg [/opt/odroid-x2/compiler/bin/../lib/gcc/arm-linux-gnueabihf/4.8.3/crtend.o] ==> ignore
    arg [/opt/odroid-x2/compiler/bin/../arm-linux-gnueabihf/libc/usr/lib/arm-linux-gnueabihf/crtn.o] ==> ignore
  remove lib [gcc_s]
  remove lib [gcc]
  remove lib [gcc_s]
  remove lib [gcc]
  collapse library dir [/opt/odroid-x2/sdk/usr/lib/arm-linux-gnueabihf/mesa-egl] ==> [/opt/odroid-x2/sdk/usr/lib/arm-linux-gnueabihf/mesa-egl]
  collapse library dir [/opt/odroid-x2/sdk/usr/lib/arm-linux-gnueabihf/mesa] ==> [/opt/odroid-x2/sdk/usr/lib/arm-linux-gnueabihf/mesa]
  collapse library dir [/opt/odroid-x2/compiler/bin/../lib/gcc/arm-linux-gnueabihf/4.8.3] ==> [/opt/odroid-x2/compiler/lib/gcc/arm-linux-gnueabihf/4.8.3]
  collapse library dir [/opt/odroid-x2/compiler/bin/../lib/gcc/arm-linux-gnueabihf] ==> [/opt/odroid-x2/compiler/lib/gcc/arm-linux-gnueabihf]
  collapse library dir [/opt/odroid-x2/compiler/bin/../lib/gcc] ==> [/opt/odroid-x2/compiler/lib/gcc]
  collapse library dir [/opt/odroid-x2/compiler/bin/../lib/gcc/arm-linux-gnueabihf] ==> [/opt/odroid-x2/compiler/lib/gcc/arm-linux-gnueabihf]
  collapse library dir [/opt/odroid-x2/compiler/bin/../lib/gcc/arm-linux-gnueabihf/4.8.3/../../../../arm-linux-gnueabihf/lib] ==> [/opt/odroid-x2/compiler/arm-linux-gnueabihf/lib]
  collapse library dir [/opt/odroid-x2/compiler/bin/../arm-linux-gnueabihf/libc/lib/arm-linux-gnueabihf] ==> [/opt/odroid-x2/compiler/arm-linux-gnueabihf/libc/lib/arm-linux-gnueabihf]
  collapse library dir [/opt/odroid-x2/compiler/bin/../arm-linux-gnueabihf/libc/lib] ==> [/opt/odroid-x2/compiler/arm-linux-gnueabihf/libc/lib]
  collapse library dir [/opt/odroid-x2/compiler/bin/../arm-linux-gnueabihf/libc/lib/arm-linux-gnueabihf] ==> [/opt/odroid-x2/compiler/arm-linux-gnueabihf/libc/lib/arm-linux-gnueabihf]
  collapse library dir [/opt/odroid-x2/compiler/bin/../arm-linux-gnueabihf/libc/usr/lib/arm-linux-gnueabihf] ==> [/opt/odroid-x2/compiler/arm-linux-gnueabihf/libc/usr/lib/arm-linux-gnueabihf]
  collapse library dir [/opt/odroid-x2/compiler/bin/../arm-linux-gnueabihf/libc/usr/lib] ==> [/opt/odroid-x2/compiler/arm-linux-gnueabihf/libc/usr/lib]
  collapse library dir [/opt/odroid-x2/compiler/bin/../arm-linux-gnueabihf/libc/usr/lib/arm-linux-gnueabihf] ==> [/opt/odroid-x2/compiler/arm-linux-gnueabihf/libc/usr/lib/arm-linux-gnueabihf]
  implicit libs: [stdc++;m;c]
  implicit dirs: [/opt/odroid-x2/sdk/usr/lib/arm-linux-gnueabihf/mesa-egl;/opt/odroid-x2/sdk/usr/lib/arm-linux-gnueabihf/mesa;/opt/odroid-x2/compiler/lib/gcc/arm-linux-gnueabihf/4.8.3;/opt/odroid-x2/compiler/lib/gcc/arm-linux-gnueabihf;/opt/odroid-x2/compiler/lib/gcc;/opt/odroid-x2/compiler/arm-linux-gnueabihf/lib;/opt/odroid-x2/compiler/arm-linux-gnueabihf/libc/lib/arm-linux-gnueabihf;/opt/odroid-x2/compiler/arm-linux-gnueabihf/libc/lib;/opt/odroid-x2/compiler/arm-linux-gnueabihf/libc/usr/lib/arm-linux-gnueabihf;/opt/odroid-x2/compiler/arm-linux-gnueabihf/libc/usr/lib]
  implicit fwks: []


Determining if files pthread.h exist passed with the following output:
Change Dir: /root/catkin_ws/odroid-build/cv_bridge/CMakeFiles/CMakeTmp

Run Build Command:/usr/bin/make "cmTryCompileExec3152466305/fast"
/usr/bin/make -f CMakeFiles/cmTryCompileExec3152466305.dir/build.make CMakeFiles/cmTryCompileExec3152466305.dir/build
make[1]: Entering directory `/root/catkin_ws/odroid-build/cv_bridge/CMakeFiles/CMakeTmp'
/usr/bin/cmake -E cmake_progress_report /root/catkin_ws/odroid-build/cv_bridge/CMakeFiles/CMakeTmp/CMakeFiles 1
Building C object CMakeFiles/cmTryCompileExec3152466305.dir/CheckIncludeFiles.c.o
/opt/odroid-x2/compiler/bin/arm-linux-gnueabihf-gcc    -o CMakeFiles/cmTryCompileExec3152466305.dir/CheckIncludeFiles.c.o   -c /root/catkin_ws/odroid-build/cv_bridge/CMakeFiles/CMakeTmp/CheckIncludeFiles.c
Linking C executable cmTryCompileExec3152466305
/usr/bin/cmake -E cmake_link_script CMakeFiles/cmTryCompileExec3152466305.dir/link.txt --verbose=1
/opt/odroid-x2/compiler/bin/arm-linux-gnueabihf-gcc       CMakeFiles/cmTryCompileExec3152466305.dir/CheckIncludeFiles.c.o  -o cmTryCompileExec3152466305 -rdynamic 
make[1]: Leaving directory `/root/catkin_ws/odroid-build/cv_bridge/CMakeFiles/CMakeTmp'


Determining if the function pthread_create exists in the pthread passed with the following output:
Change Dir: /root/catkin_ws/odroid-build/cv_bridge/CMakeFiles/CMakeTmp

Run Build Command:/usr/bin/make "cmTryCompileExec800265031/fast"
/usr/bin/make -f CMakeFiles/cmTryCompileExec800265031.dir/build.make CMakeFiles/cmTryCompileExec800265031.dir/build
make[1]: Entering directory `/root/catkin_ws/odroid-build/cv_bridge/CMakeFiles/CMakeTmp'
/usr/bin/cmake -E cmake_progress_report /root/catkin_ws/odroid-build/cv_bridge/CMakeFiles/CMakeTmp/CMakeFiles 1
Building C object CMakeFiles/cmTryCompileExec800265031.dir/CheckFunctionExists.c.o
/opt/odroid-x2/compiler/bin/arm-linux-gnueabihf-gcc   -DCHECK_FUNCTION_EXISTS=pthread_create   -o CMakeFiles/cmTryCompileExec800265031.dir/CheckFunctionExists.c.o   -c /usr/share/cmake-2.8/Modules/CheckFunctionExists.c
Linking C executable cmTryCompileExec800265031
/usr/bin/cmake -E cmake_link_script CMakeFiles/cmTryCompileExec800265031.dir/link.txt --verbose=1
/opt/odroid-x2/compiler/bin/arm-linux-gnueabihf-gcc   -DCHECK_FUNCTION_EXISTS=pthread_create    CMakeFiles/cmTryCompileExec800265031.dir/CheckFunctionExists.c.o  -o cmTryCompileExec800265031 -rdynamic -lpthread 
make[1]: Leaving directory `/root/catkin_ws/odroid-build/cv_bridge/CMakeFiles/CMakeTmp'


