Symlinking /home/mi/boroujeni/model_car/catkin_ws/odroid-devel/share/light/cmake/lightConfig-version.cmake
Symlinking /home/mi/boroujeni/model_car/catkin_ws/odroid-devel/share/light/cmake/lightConfig.cmake
Symlinking /home/mi/boroujeni/model_car/catkin_ws/odroid-devel/lib/liblight.so
Symlinking /home/mi/boroujeni/model_car/catkin_ws/odroid-devel/lib/pkgconfig/light.pc
Symlinking /home/mi/boroujeni/model_car/catkin_ws/odroid-devel/lib/light/light_node
Cleaning: (/root/catkin_ws/odroid-devel/.private/light/share/light/cmake/lightConfig-version.cmake, /root/catkin_ws/odroid-devel/share/light/cmake/lightConfig-version.cmake)
Cleaning: (/root/catkin_ws/odroid-devel/.private/light/share/light/cmake/lightConfig.cmake, /root/catkin_ws/odroid-devel/share/light/cmake/lightConfig.cmake)
Cleaning: (/root/catkin_ws/odroid-devel/.private/light/lib/liblight.so, /root/catkin_ws/odroid-devel/lib/liblight.so)
Cleaning: (/root/catkin_ws/odroid-devel/.private/light/lib/pkgconfig/light.pc, /root/catkin_ws/odroid-devel/lib/pkgconfig/light.pc)
Cleaning: (/root/catkin_ws/odroid-devel/.private/light/lib/light/light_node, /root/catkin_ws/odroid-devel/lib/light/light_node)
Unlinking: /root/catkin_ws/odroid-devel/share/light/cmake/lightConfig-version.cmake
Already unlinked: {}
Unlinking: /root/catkin_ws/odroid-devel/share/light/cmake/lightConfig.cmake
Already unlinked: {}
Unlinking: /root/catkin_ws/odroid-devel/lib/liblight.so
Already unlinked: {}
Unlinking: /root/catkin_ws/odroid-devel/lib/pkgconfig/light.pc
Already unlinked: {}
Unlinking: /root/catkin_ws/odroid-devel/lib/light/light_node
Already unlinked: {}
